index.js(7,3): error TS2339: Property 'Axios' does not exist on type 'Axios'.
index.js(8,3): error TS2339: Property 'AxiosError' does not exist on type 'Axios'.
index.js(9,3): error TS2339: Property 'CanceledError' does not exist on type 'Axios'.
index.js(10,3): error TS2339: Property 'isCancel' does not exist on type 'Axios'.
index.js(11,3): error TS2339: Property 'CancelToken' does not exist on type 'Axios'.
index.js(12,3): error TS2339: Property 'VERSION' does not exist on type 'Axios'.
index.js(13,3): error TS2339: Property 'all' does not exist on type 'Axios'.
index.js(14,3): error TS2339: Property 'Cancel' does not exist on type 'Axios'.
index.js(15,3): error TS2339: Property 'isAxiosError' does not exist on type 'Axios'.
index.js(16,3): error TS2339: Property 'spread' does not exist on type 'Axios'.
index.js(17,3): error TS2339: Property 'toFormData' does not exist on type 'Axios'.
index.js(18,3): error TS2339: Property 'AxiosHeaders' does not exist on type 'Axios'.
index.js(19,3): error TS2339: Property 'HttpStatusCode' does not exist on type 'Axios'.
index.js(20,3): error TS2339: Property 'formToJSON' does not exist on type 'Axios'.
index.js(21,3): error TS2339: Property 'getAdapter' does not exist on type 'Axios'.
index.js(22,3): error TS2339: Property 'mergeConfig' does not exist on type 'Axios'.
lib/adapters/adapters.js(48,17): error TS2350: Only a void function can be called with the 'new' keyword.
lib/adapters/adapters.js(70,13): error TS2350: Only a void function can be called with the 'new' keyword.
lib/adapters/fetch.js(34,9): error TS2353: Object literal may only specify known properties, and 'duplex' does not exist in type 'RequestInit'.
lib/adapters/fetch.js(57,15): error TS2350: Only a void function can be called with the 'new' keyword.
lib/adapters/fetch.js(57,85): error TS2339: Property 'ERR_NOT_SUPPORT' does not exist on type '{ (message: string, code?: string, config?: Object, request?: Object, response?: Object): Error; from: (error: any, code: any, config: any, request: any, response: any, customProps: any) => any; }'.
lib/adapters/fetch.js(93,24): error TS2554: Expected 2 arguments, but got 1.
lib/adapters/fetch.js(100,5): error TS2339: Property 'url' does not exist on type 'Object'.
lib/adapters/fetch.js(101,5): error TS2339: Property 'method' does not exist on type 'Object'.
lib/adapters/fetch.js(102,5): error TS2339: Property 'data' does not exist on type 'Object'.
lib/adapters/fetch.js(103,5): error TS2339: Property 'signal' does not exist on type 'Object'.
lib/adapters/fetch.js(104,5): error TS2339: Property 'cancelToken' does not exist on type 'Object'.
lib/adapters/fetch.js(105,5): error TS2339: Property 'timeout' does not exist on type 'Object'.
lib/adapters/fetch.js(106,5): error TS2339: Property 'onDownloadProgress' does not exist on type 'Object'.
lib/adapters/fetch.js(107,5): error TS2339: Property 'onUploadProgress' does not exist on type 'Object'.
lib/adapters/fetch.js(108,5): error TS2339: Property 'responseType' does not exist on type 'Object'.
lib/adapters/fetch.js(109,5): error TS2339: Property 'headers' does not exist on type 'Object'.
lib/adapters/fetch.js(110,5): error TS2339: Property 'withCredentials' does not exist on type 'Object'.
lib/adapters/fetch.js(111,5): error TS2339: Property 'fetchOptions' does not exist on type 'Object'.
lib/adapters/fetch.js(120,56): error TS2339: Property 'unsubscribe' does not exist on type 'AbortSignal'.
lib/adapters/fetch.js(121,22): error TS2339: Property 'unsubscribe' does not exist on type 'AbortSignal'.
lib/adapters/fetch.js(134,9): error TS2353: Object literal may only specify known properties, and 'duplex' does not exist in type 'RequestInit'.
lib/adapters/fetch.js(146,11): error TS2554: Expected 2-3 arguments, but got 1.
lib/adapters/fetch.js(181,43): error TS2554: Expected 2 arguments, but got 1.
lib/adapters/fetch.js(218,9): error TS2350: Only a void function can be called with the 'new' keyword.
lib/adapters/fetch.js(218,52): error TS2339: Property 'ERR_NETWORK' does not exist on type '{ (message: string, code?: string, config?: Object, request?: Object, response?: Object): Error; from: (error: any, code: any, config: any, request: any, response: any, customProps: any) => any; }'.
lib/adapters/fetch.js(225,22): error TS2554: Expected 6 arguments, but got 4.
lib/adapters/http.js(61,12): error TS2315: Type 'Object' is not generic.
lib/adapters/http.js(63,14): error TS2315: Type 'Object' is not generic.
lib/adapters/http.js(78,12): error TS2304: Cannot find name 'AxiosProxyConfig'.
lib/adapters/http.js(81,14): error TS2355: A function whose declared type is neither 'undefined', 'void', nor 'any' must return a value.
lib/adapters/http.js(120,11): error TS2339: Property 'beforeRedirects' does not exist on type 'ClientRequestArgs'.
lib/adapters/http.js(143,7): error TS2554: Expected 2 arguments, but got 1.
lib/adapters/http.js(187,68): error TS2554: Expected 2 arguments, but got 1.
lib/adapters/http.js(218,54): error TS2350: Only a void function can be called with the 'new' keyword.
lib/adapters/http.js(226,33): error TS2554: Expected 1 arguments, but got 0.
lib/adapters/http.js(252,26): error TS2554: Expected 6 arguments, but got 3.
lib/adapters/http.js(252,47): error TS2339: Property 'ERR_BAD_REQUEST' does not exist on type '{ (message: string, code?: string, config?: Object, request?: Object, response?: Object): Error; from: (error: any, code: any, config: any, request: any, response: any, customProps: any) => any; }'.
lib/adapters/http.js(269,18): error TS2554: Expected 1 arguments, but got 0.
lib/adapters/http.js(275,21): error TS2350: Only a void function can be called with the 'new' keyword.
lib/adapters/http.js(277,20): error TS2339: Property 'ERR_BAD_REQUEST' does not exist on type '{ (message: string, code?: string, config?: Object, request?: Object, response?: Object): Error; from: (error: any, code: any, config: any, request: any, response: any, customProps: any) => any; }'.
lib/adapters/http.js(282,55): error TS2554: Expected 1 arguments, but got 0.
lib/adapters/http.js(297,36): error TS2339: Property 'getContentType' does not exist on type 'AxiosHeaders'.
lib/adapters/http.js(300,17): error TS2554: Expected 3 arguments, but got 1.
lib/adapters/http.js(307,15): error TS2554: Expected 3 arguments, but got 1.
lib/adapters/http.js(309,20): error TS2339: Property 'hasContentLength' does not exist on type 'AxiosHeaders'.
lib/adapters/http.js(312,71): error TS2339: Property 'setContentLength' does not exist on type 'AxiosHeaders'.
lib/adapters/http.js(318,28): error TS2339: Property 'setContentType' does not exist on type 'AxiosHeaders'.
lib/adapters/http.js(319,15): error TS2339: Property 'setContentLength' does not exist on type 'AxiosHeaders'.
lib/adapters/http.js(329,23): error TS2350: Only a void function can be called with the 'new' keyword.
lib/adapters/http.js(331,22): error TS2339: Property 'ERR_BAD_REQUEST' does not exist on type '{ (message: string, code?: string, config?: Object, request?: Object, response?: Object): Error; from: (error: any, code: any, config: any, request: any, response: any, customProps: any) => any; }'.
lib/adapters/http.js(337,15): error TS2339: Property 'setContentLength' does not exist on type 'AxiosHeaders'.
lib/adapters/http.js(340,23): error TS2350: Only a void function can be called with the 'new' keyword.
lib/adapters/http.js(342,22): error TS2339: Property 'ERR_BAD_REQUEST' does not exist on type '{ (message: string, code?: string, config?: Object, request?: Object, response?: Object): Error; from: (error: any, code: any, config: any, request: any, response: any, customProps: any) => any; }'.
lib/adapters/http.js(348,33): error TS2554: Expected 2 arguments, but got 1.
lib/adapters/http.js(348,56): error TS2339: Property 'getContentLength' does not exist on type 'AxiosHeaders'.
lib/adapters/http.js(363,24): error TS2554: Expected 2 arguments, but got 1.
lib/adapters/http.js(368,9): error TS2345: Argument of type 'any[]' is not assignable to parameter of type '[any, any]'.
  Target requires 2 element(s) but source may have fewer.
lib/adapters/http.js(389,21): error TS2554: Expected 2 arguments, but got 1.
lib/adapters/http.js(401,17): error TS2339: Property 'config' does not exist on type 'Error'.
lib/adapters/http.js(402,17): error TS2339: Property 'url' does not exist on type 'Error'.
lib/adapters/http.js(403,17): error TS2339: Property 'exists' does not exist on type 'Error'.
lib/adapters/http.js(415,24): error TS2554: Expected 1 arguments, but got 0.
lib/adapters/http.js(425,44): error TS2339: Property 'lookup' does not exist on type '{ path: any; method: any; headers: any; agents: { http: any; https: any; }; auth: any; protocol: string; family: any; beforeRedirect: (options: any, responseDetails: any) => any; beforeRedirects: {}; }'.
lib/adapters/http.js(428,15): error TS2339: Property 'socketPath' does not exist on type '{ path: any; method: any; headers: any; agents: { http: any; https: any; }; auth: any; protocol: string; family: any; beforeRedirect: (options: any, responseDetails: any) => any; beforeRedirects: {}; }'.
lib/adapters/http.js(430,15): error TS2339: Property 'hostname' does not exist on type '{ path: any; method: any; headers: any; agents: { http: any; https: any; }; auth: any; protocol: string; family: any; beforeRedirect: (options: any, responseDetails: any) => any; beforeRedirects: {}; }'.
lib/adapters/http.js(431,15): error TS2339: Property 'port' does not exist on type '{ path: any; method: any; headers: any; agents: { http: any; https: any; }; auth: any; protocol: string; family: any; beforeRedirect: (options: any, responseDetails: any) => any; beforeRedirects: {}; }'.
lib/adapters/http.js(437,13): error TS2551: Property 'agent' does not exist on type '{ path: any; method: any; headers: any; agents: { http: any; https: any; }; auth: any; protocol: string; family: any; beforeRedirect: (options: any, responseDetails: any) => any; beforeRedirects: {}; }'. Did you mean 'agents'?
lib/adapters/http.js(444,17): error TS2339: Property 'maxRedirects' does not exist on type '{ path: any; method: any; headers: any; agents: { http: any; https: any; }; auth: any; protocol: string; family: any; beforeRedirect: (options: any, responseDetails: any) => any; beforeRedirects: {}; }'.
lib/adapters/http.js(447,33): error TS2339: Property 'config' does not exist on type '{}'.
lib/adapters/http.js(453,15): error TS2339: Property 'maxBodyLength' does not exist on type '{ path: any; method: any; headers: any; agents: { http: any; https: any; }; auth: any; protocol: string; family: any; beforeRedirect: (options: any, responseDetails: any) => any; beforeRedirects: {}; }'.
lib/adapters/http.js(456,15): error TS2339: Property 'maxBodyLength' does not exist on type '{ path: any; method: any; headers: any; agents: { http: any; https: any; }; auth: any; protocol: string; family: any; beforeRedirect: (options: any, responseDetails: any) => any; beforeRedirects: {}; }'.
lib/adapters/http.js(460,15): error TS2339: Property 'insecureHTTPParser' does not exist on type '{ path: any; method: any; headers: any; agents: { http: any; https: any; }; auth: any; protocol: string; family: any; beforeRedirect: (options: any, responseDetails: any) => any; beforeRedirects: {}; }'.
lib/adapters/http.js(473,26): error TS2554: Expected 2 arguments, but got 1.
lib/adapters/http.js(478,11): error TS2345: Argument of type 'any[]' is not assignable to parameter of type '[any, any]'.
  Target requires 2 element(s) but source may have fewer.
lib/adapters/http.js(546,18): error TS2339: Property 'data' does not exist on type '{ status: any; statusText: any; headers: AxiosHeaders; config: any; request: any; }'.
lib/adapters/http.js(561,20): error TS2350: Only a void function can be called with the 'new' keyword.
lib/adapters/http.js(562,26): error TS2339: Property 'ERR_BAD_RESPONSE' does not exist on type '{ (message: string, code?: string, config?: Object, request?: Object, response?: Object): Error; from: (error: any, code: any, config: any, request: any, response: any, customProps: any) => any; }'.
lib/adapters/http.js(571,23): error TS2350: Only a void function can be called with the 'new' keyword.
lib/adapters/http.js(573,24): error TS2339: Property 'ERR_BAD_RESPONSE' does not exist on type '{ (message: string, code?: string, config?: Object, request?: Object, response?: Object): Error; from: (error: any, code: any, config: any, request: any, response: any, customProps: any) => any; }'.
lib/adapters/http.js(583,29): error TS2554: Expected 6 arguments, but got 4.
lib/adapters/http.js(595,22): error TS2339: Property 'data' does not exist on type '{ status: any; statusText: any; headers: AxiosHeaders; config: any; request: any; }'.
lib/adapters/http.js(597,38): error TS2554: Expected 6 arguments, but got 5.
lib/adapters/http.js(620,25): error TS2554: Expected 6 arguments, but got 4.
lib/adapters/http.js(635,16): error TS2350: Only a void function can be called with the 'new' keyword.
lib/adapters/http.js(637,22): error TS2339: Property 'ERR_BAD_OPTION_VALUE' does not exist on type '{ (message: string, code?: string, config?: Object, request?: Object, response?: Object): Error; from: (error: any, code: any, config: any, request: any, response: any, customProps: any) => any; }'.
lib/adapters/http.js(657,16): error TS2350: Only a void function can be called with the 'new' keyword.
lib/adapters/http.js(659,57): error TS2339: Property 'ETIMEDOUT' does not exist on type '{ (message: string, code?: string, config?: Object, request?: Object, response?: Object): Error; from: (error: any, code: any, config: any, request: any, response: any, customProps: any) => any; }'.
lib/adapters/http.js(659,80): error TS2339: Property 'ECONNABORTED' does not exist on type '{ (message: string, code?: string, config?: Object, request?: Object, response?: Object): Error; from: (error: any, code: any, config: any, request: any, response: any, customProps: any) => any; }'.
lib/adapters/http.js(663,9): error TS2554: Expected 1 arguments, but got 0.
lib/adapters/http.js(684,17): error TS2350: Only a void function can be called with the 'new' keyword.
lib/adapters/xhr.js(17,31): error TS2339: Property 'data' does not exist on type 'Object'.
lib/adapters/xhr.js(18,54): error TS2339: Property 'headers' does not exist on type 'Object'.
lib/adapters/xhr.js(18,63): error TS2554: Expected 1 arguments, but got 0.
lib/adapters/xhr.js(19,10): error TS2339: Property 'responseType' does not exist on type 'Object'.
lib/adapters/xhr.js(19,24): error TS2339: Property 'onUploadProgress' does not exist on type 'Object'.
lib/adapters/xhr.js(19,42): error TS2339: Property 'onDownloadProgress' does not exist on type 'Object'.
lib/adapters/xhr.js(28,15): error TS2339: Property 'cancelToken' does not exist on type 'Object'.
lib/adapters/xhr.js(28,38): error TS2339: Property 'cancelToken' does not exist on type 'Object'.
lib/adapters/xhr.js(30,15): error TS2339: Property 'signal' does not exist on type 'Object'.
lib/adapters/xhr.js(30,33): error TS2339: Property 'signal' does not exist on type 'Object'.
lib/adapters/xhr.js(35,26): error TS2339: Property 'method' does not exist on type 'Object'.
lib/adapters/xhr.js(35,56): error TS2339: Property 'url' does not exist on type 'Object'.
lib/adapters/xhr.js(38,31): error TS2339: Property 'timeout' does not exist on type 'Object'.
lib/adapters/xhr.js(76,15): error TS2339: Property 'onreadystatechange' does not exist on type 'never'.
lib/adapters/xhr.js(100,14): error TS2350: Only a void function can be called with the 'new' keyword.
lib/adapters/xhr.js(100,59): error TS2339: Property 'ECONNABORTED' does not exist on type '{ (message: string, code?: string, config?: Object, request?: Object, response?: Object): Error; from: (error: any, code: any, config: any, request: any, response: any, customProps: any) => any; }'.
lib/adapters/xhr.js(111,35): error TS2339: Property 'message' does not exist on type 'ProgressEvent<EventTarget>'.
lib/adapters/xhr.js(111,51): error TS2339: Property 'message' does not exist on type 'ProgressEvent<EventTarget>'.
lib/adapters/xhr.js(112,20): error TS2350: Only a void function can be called with the 'new' keyword.
lib/adapters/xhr.js(112,51): error TS2339: Property 'ERR_NETWORK' does not exist on type '{ (message: string, code?: string, config?: Object, request?: Object, response?: Object): Error; from: (error: any, code: any, config: any, request: any, response: any, customProps: any) => any; }'.
lib/adapters/xhr.js(121,41): error TS2339: Property 'timeout' does not exist on type 'Object'.
lib/adapters/xhr.js(121,75): error TS2339: Property 'timeout' does not exist on type 'Object'.
lib/adapters/xhr.js(122,36): error TS2339: Property 'transitional' does not exist on type 'Object'.
lib/adapters/xhr.js(123,19): error TS2339: Property 'timeoutErrorMessage' does not exist on type 'Object'.
lib/adapters/xhr.js(124,39): error TS2339: Property 'timeoutErrorMessage' does not exist on type 'Object'.
lib/adapters/xhr.js(126,14): error TS2350: Only a void function can be called with the 'new' keyword.
lib/adapters/xhr.js(128,55): error TS2339: Property 'ETIMEDOUT' does not exist on type '{ (message: string, code?: string, config?: Object, request?: Object, response?: Object): Error; from: (error: any, code: any, config: any, request: any, response: any, customProps: any) => any; }'.
lib/adapters/xhr.js(128,78): error TS2339: Property 'ECONNABORTED' does not exist on type '{ (message: string, code?: string, config?: Object, request?: Object, response?: Object): Error; from: (error: any, code: any, config: any, request: any, response: any, customProps: any) => any; }'.
lib/adapters/xhr.js(137,49): error TS2339: Property 'setContentType' does not exist on type 'AxiosHeaders'.
lib/adapters/xhr.js(141,36): error TS2554: Expected 1 arguments, but got 0.
lib/adapters/xhr.js(147,36): error TS2339: Property 'withCredentials' does not exist on type 'Object'.
lib/adapters/xhr.js(148,43): error TS2339: Property 'withCredentials' does not exist on type 'Object'.
lib/adapters/xhr.js(153,38): error TS2339: Property 'responseType' does not exist on type 'Object'.
lib/adapters/xhr.js(158,8): error TS2461: Type 'Function' is not an array type.
lib/adapters/xhr.js(164,8): error TS2461: Type 'Function' is not an array type.
lib/adapters/xhr.js(164,41): error TS2554: Expected 2-3 arguments, but got 1.
lib/adapters/xhr.js(171,17): error TS2339: Property 'cancelToken' does not exist on type 'Object'.
lib/adapters/xhr.js(171,40): error TS2339: Property 'signal' does not exist on type 'Object'.
lib/adapters/xhr.js(178,41): error TS2350: Only a void function can be called with the 'new' keyword.
lib/adapters/xhr.js(183,15): error TS2339: Property 'cancelToken' does not exist on type 'Object'.
lib/adapters/xhr.js(183,38): error TS2339: Property 'cancelToken' does not exist on type 'Object'.
lib/adapters/xhr.js(184,19): error TS2339: Property 'signal' does not exist on type 'Object'.
lib/adapters/xhr.js(185,17): error TS2339: Property 'signal' does not exist on type 'Object'.
lib/adapters/xhr.js(185,57): error TS2339: Property 'signal' does not exist on type 'Object'.
lib/adapters/xhr.js(189,44): error TS2339: Property 'url' does not exist on type 'Object'.
lib/adapters/xhr.js(192,14): error TS2350: Only a void function can be called with the 'new' keyword.
lib/adapters/xhr.js(192,82): error TS2339: Property 'ERR_BAD_REQUEST' does not exist on type '{ (message: string, code?: string, config?: Object, request?: Object, response?: Object): Error; from: (error: any, code: any, config: any, request: any, response: any, customProps: any) => any; }'.
lib/axios.js(33,53): error TS2353: Object literal may only specify known properties, and 'allOwnKeys' does not exist in type 'Boolean'.
lib/axios.js(36,42): error TS2353: Object literal may only specify known properties, and 'allOwnKeys' does not exist in type 'Boolean'.
lib/axios.js(39,12): error TS2339: Property 'create' does not exist on type '() => any'.
lib/axios.js(43,3): error TS2322: Type '() => any' is not assignable to type 'Axios'.
lib/axios.js(50,7): error TS2339: Property 'Axios' does not exist on type 'Axios'.
lib/axios.js(53,7): error TS2339: Property 'CanceledError' does not exist on type 'Axios'.
lib/axios.js(54,7): error TS2339: Property 'CancelToken' does not exist on type 'Axios'.
lib/axios.js(55,7): error TS2339: Property 'isCancel' does not exist on type 'Axios'.
lib/axios.js(56,7): error TS2339: Property 'VERSION' does not exist on type 'Axios'.
lib/axios.js(57,7): error TS2339: Property 'toFormData' does not exist on type 'Axios'.
lib/axios.js(60,7): error TS2339: Property 'AxiosError' does not exist on type 'Axios'.
lib/axios.js(63,7): error TS2339: Property 'Cancel' does not exist on type 'Axios'.
lib/axios.js(63,22): error TS2339: Property 'CanceledError' does not exist on type 'Axios'.
lib/axios.js(66,7): error TS2339: Property 'all' does not exist on type 'Axios'.
lib/axios.js(70,7): error TS2339: Property 'spread' does not exist on type 'Axios'.
lib/axios.js(73,7): error TS2339: Property 'isAxiosError' does not exist on type 'Axios'.
lib/axios.js(76,7): error TS2339: Property 'mergeConfig' does not exist on type 'Axios'.
lib/axios.js(78,7): error TS2339: Property 'AxiosHeaders' does not exist on type 'Axios'.
lib/axios.js(80,7): error TS2339: Property 'formToJSON' does not exist on type 'Axios'.
lib/axios.js(82,7): error TS2339: Property 'getAdapter' does not exist on type 'Axios'.
lib/axios.js(84,7): error TS2339: Property 'HttpStatusCode' does not exist on type 'Axios'.
lib/axios.js(86,7): error TS2551: Property 'default' does not exist on type 'Axios'. Did you mean 'defaults'?
lib/cancel/CancelToken.js(47,15): error TS2339: Property 'cancel' does not exist on type 'Promise<TResult1>'.
lib/cancel/CancelToken.js(55,17): error TS2339: Property 'reason' does not exist on type 'CancelToken'.
lib/cancel/CancelToken.js(60,13): error TS2339: Property 'reason' does not exist on type 'CancelToken'.
lib/cancel/CancelToken.js(60,22): error TS2350: Only a void function can be called with the 'new' keyword.
lib/cancel/CancelToken.js(61,28): error TS2339: Property 'reason' does not exist on type 'CancelToken'.
lib/cancel/CancelToken.js(69,14): error TS2339: Property 'reason' does not exist on type 'CancelToken'.
lib/cancel/CancelToken.js(70,18): error TS2339: Property 'reason' does not exist on type 'CancelToken'.
lib/cancel/CancelToken.js(79,14): error TS2339: Property 'reason' does not exist on type 'CancelToken'.
lib/cancel/CancelToken.js(80,21): error TS2339: Property 'reason' does not exist on type 'CancelToken'.
lib/cancel/CancelToken.js(114,23): error TS2339: Property 'unsubscribe' does not exist on type 'AbortSignal'.
lib/cancel/CanceledError.js(13,14): error TS2749: 'CanceledError' refers to a value, but is being used as a type here. Did you mean 'typeof CanceledError'?
lib/cancel/CanceledError.js(17,76): error TS2339: Property 'ERR_CANCELED' does not exist on type '{ (message: string, code?: string, config?: Object, request?: Object, response?: Object): Error; from: (error: any, code: any, config: any, request: any, response: any, customProps: any) => any; }'.
lib/core/Axios.js(48,29): error TS2339: Property 'stack' does not exist on type '{}'.
lib/core/Axios.js(48,43): error TS2339: Property 'stack' does not exist on type '{}'.
lib/core/Axios.js(81,39): error TS2554: Expected 3 arguments, but got 1.
lib/core/Axios.js(81,63): error TS2339: Property 'boolean' does not exist on type '{ transitional: (validator: any, version: any, message: any) => (value: any, opt: any, opts: any) => any; spelling: (correctSpelling: any) => (value: any, opt: any) => boolean; }'.
lib/core/Axios.js(82,39): error TS2554: Expected 3 arguments, but got 1.
lib/core/Axios.js(82,63): error TS2339: Property 'boolean' does not exist on type '{ transitional: (validator: any, version: any, message: any) => (value: any, opt: any, opts: any) => any; spelling: (correctSpelling: any) => (value: any, opt: any) => boolean; }'.
lib/core/Axios.js(83,41): error TS2554: Expected 3 arguments, but got 1.
lib/core/Axios.js(83,65): error TS2339: Property 'boolean' does not exist on type '{ transitional: (validator: any, version: any, message: any) => (value: any, opt: any, opts: any) => any; spelling: (correctSpelling: any) => (value: any, opt: any) => boolean; }'.
lib/core/Axios.js(94,30): error TS2339: Property 'function' does not exist on type '{ transitional: (validator: any, version: any, message: any) => (value: any, opt: any, opts: any) => any; spelling: (correctSpelling: any) => (value: any, opt: any) => boolean; }'.
lib/core/Axios.js(95,33): error TS2339: Property 'function' does not exist on type '{ transitional: (validator: any, version: any, message: any) => (value: any, opt: any, opts: any) => any; spelling: (correctSpelling: any) => (value: any, opt: any) => boolean; }'.
lib/core/Axios.js(119,7): error TS2554: Expected 0 arguments, but got 2.
lib/core/Axios.js(237,29): error TS2554: Expected 1 arguments, but got 0.
lib/core/AxiosError.js(14,14): error TS2355: A function whose declared type is neither 'undefined', 'void', nor 'any' must return a value.
lib/core/AxiosError.js(32,28): error TS2339: Property 'status' does not exist on type 'Object'.
lib/core/AxiosError.js(32,46): error TS2339: Property 'status' does not exist on type 'Object'.
lib/core/AxiosHeaders.js(76,21): error TS2554: Expected 3 arguments, but got 1.
lib/core/AxiosHeaders.js(158,64): error TS2554: Expected 5 arguments, but got 4.
lib/core/AxiosHeaders.js(174,33): error TS2554: Expected 5 arguments, but got 4.
lib/core/AxiosHeaders.js(235,29): error TS2339: Property 'concat' does not exist on type 'Function'.
lib/core/AxiosHeaders.js(249,32): error TS2554: Expected 1 arguments, but got 0.
lib/core/AxiosHeaders.js(253,32): error TS2554: Expected 1 arguments, but got 0.
lib/core/AxiosHeaders.js(257,17): error TS2554: Expected 2 arguments, but got 1.
lib/core/AxiosHeaders.js(271,42): error TS2554: Expected 3 arguments, but got 1.
lib/core/InterceptorManager.js(33,16): error TS2355: A function whose declared type is neither 'undefined', 'void', nor 'any' must return a value.
lib/core/InterceptorManager.js(36,23): error TS2538: Type 'Number' cannot be used as an index type.
lib/core/InterceptorManager.js(37,21): error TS2538: Type 'Number' cannot be used as an index type.
lib/core/dispatchRequest.js(18,14): error TS2339: Property 'cancelToken' does not exist on type 'Object'.
lib/core/dispatchRequest.js(19,12): error TS2339: Property 'cancelToken' does not exist on type 'Object'.
lib/core/dispatchRequest.js(22,14): error TS2339: Property 'signal' does not exist on type 'Object'.
lib/core/dispatchRequest.js(22,31): error TS2339: Property 'signal' does not exist on type 'Object'.
lib/core/dispatchRequest.js(23,11): error TS2350: Only a void function can be called with the 'new' keyword.
lib/core/dispatchRequest.js(37,10): error TS2339: Property 'headers' does not exist on type 'object'.
lib/core/dispatchRequest.js(37,45): error TS2339: Property 'headers' does not exist on type 'object'.
lib/core/dispatchRequest.js(40,10): error TS2339: Property 'data' does not exist on type 'object'.
lib/core/dispatchRequest.js(42,12): error TS2339: Property 'transformRequest' does not exist on type 'object'.
lib/core/dispatchRequest.js(45,47): error TS2339: Property 'method' does not exist on type 'object'.
lib/core/dispatchRequest.js(46,12): error TS2339: Property 'headers' does not exist on type 'object'.
lib/core/dispatchRequest.js(49,46): error TS2339: Property 'adapter' does not exist on type 'object'.
lib/core/dispatchRequest.js(57,14): error TS2339: Property 'transformResponse' does not exist on type 'object'.
lib/core/dispatchRequest.js(72,18): error TS2339: Property 'transformResponse' does not exist on type 'object'.
lib/core/mergeConfig.js(26,26): error TS2554: Expected 0 arguments, but got 2.
lib/core/mergeConfig.js(45,14): error TS2554: Expected 4 arguments, but got 2.
lib/core/mergeConfig.js(52,14): error TS2554: Expected 4 arguments, but got 2.
lib/core/mergeConfig.js(54,14): error TS2554: Expected 4 arguments, but got 2.
lib/core/mergeConfig.js(61,14): error TS2554: Expected 4 arguments, but got 2.
lib/core/mergeConfig.js(63,14): error TS2554: Expected 4 arguments, but got 2.
lib/core/settle.js(12,14): error TS2355: A function whose declared type is neither 'undefined', 'void', nor 'any' must return a value.
lib/core/settle.js(15,35): error TS2339: Property 'config' does not exist on type 'object'.
lib/core/settle.js(16,17): error TS2339: Property 'status' does not exist on type 'object'.
lib/core/settle.js(16,70): error TS2339: Property 'status' does not exist on type 'object'.
lib/core/settle.js(19,12): error TS2350: Only a void function can be called with the 'new' keyword.
lib/core/settle.js(20,53): error TS2339: Property 'status' does not exist on type 'object'.
lib/core/settle.js(21,19): error TS2339: Property 'ERR_BAD_REQUEST' does not exist on type '{ (message: string, code?: string, config?: Object, request?: Object, response?: Object): Error; from: (error: any, code: any, config: any, request: any, response: any, customProps: any) => any; }'.
lib/core/settle.js(21,47): error TS2339: Property 'ERR_BAD_RESPONSE' does not exist on type '{ (message: string, code?: string, config?: Object, request?: Object, response?: Object): Error; from: (error: any, code: any, config: any, request: any, response: any, customProps: any) => any; }'.
lib/core/settle.js(21,85): error TS2339: Property 'status' does not exist on type 'object'.
lib/core/settle.js(22,16): error TS2339: Property 'config' does not exist on type 'object'.
lib/core/settle.js(23,16): error TS2339: Property 'request' does not exist on type 'object'.
lib/core/transformData.js(22,42): error TS2554: Expected 1 arguments, but got 0.
lib/core/transformData.js(22,75): error TS2339: Property 'status' does not exist on type 'Object'.
lib/core/transformData.js(25,11): error TS2554: Expected 1 arguments, but got 0.
lib/defaults/index.js(25,7): error TS2322: Type 'String' is not assignable to type 'string'.
  'string' is a primitive, but 'String' is a wrapper object. Prefer using 'string' when possible.
lib/defaults/index.js(94,14): error TS2554: Expected 3 arguments, but got 1.
lib/defaults/index.js(118,30): error TS2554: Expected 6 arguments, but got 5.
lib/defaults/index.js(118,49): error TS2339: Property 'ERR_BAD_RESPONSE' does not exist on type '{ (message: string, code?: string, config?: Object, request?: Object, response?: Object): Error; from: (error: any, code: any, config: any, request: any, response: any, customProps: any) => any; }'.
lib/helpers/AxiosURLSearchParams.js(31,12): error TS2315: Type 'Object' is not generic.
lib/helpers/AxiosURLSearchParams.js(32,12): error TS2315: Type 'Object' is not generic.
lib/helpers/buildURL.js(31,47): error TS1016: A required parameter cannot follow an optional parameter.
lib/helpers/buildURL.js(37,38): error TS2339: Property 'encode' does not exist on type 'object | Function'.
  Property 'encode' does not exist on type 'object'.
lib/helpers/buildURL.js(45,42): error TS2339: Property 'serialize' does not exist on type 'object | Function'.
  Property 'serialize' does not exist on type 'object'.
lib/helpers/composeSignals.js(18,60): error TS2350: Only a void function can be called with the 'new' keyword.
lib/helpers/composeSignals.js(24,15): error TS2350: Only a void function can be called with the 'new' keyword.
lib/helpers/composeSignals.js(24,78): error TS2339: Property 'ETIMEDOUT' does not exist on type '{ (message: string, code?: string, config?: Object, request?: Object, response?: Object): Error; from: (error: any, code: any, config: any, request: any, response: any, customProps: any) => any; }'.
lib/helpers/composeSignals.js(42,12): error TS2339: Property 'unsubscribe' does not exist on type 'AbortSignal'.
lib/helpers/cookies.js(11,77): error TS2551: Property 'toGMTString' does not exist on type 'Date'. Did you mean 'toString'?
lib/helpers/formDataToJSON.js(17,25): error TS2345: Argument of type 'RegExp' is not assignable to parameter of type 'string'.
lib/helpers/formDataToJSON.js(47,14): error TS2315: Type 'Object' is not generic.
lib/helpers/formDataToJSON.js(82,63): error TS2339: Property 'entries' does not exist on type 'string'.
lib/helpers/formDataToStream.js(17,12): error TS2339: Property 'escapeName' does not exist on type 'Function'.
lib/helpers/formDataToStream.js(90,25): error TS2554: Expected 2 arguments, but got 1.
lib/helpers/fromDataURI.js(15,23): error TS8032: Qualified name 'options.Blob' is not allowed without a leading '@param {object} options'.
lib/helpers/fromDataURI.js(20,36): error TS2339: Property 'Blob' does not exist on type 'Object'.
lib/helpers/fromDataURI.js(30,41): error TS2345: Argument of type 'String' is not assignable to parameter of type 'string'.
  'string' is a primitive, but 'String' is a wrapper object. Prefer using 'string' when possible.
lib/helpers/fromDataURI.js(33,13): error TS2350: Only a void function can be called with the 'new' keyword.
lib/helpers/fromDataURI.js(33,54): error TS2339: Property 'ERR_INVALID_URL' does not exist on type '{ (message: string, code?: string, config?: Object, request?: Object, response?: Object): Error; from: (error: any, code: any, config: any, request: any, response: any, customProps: any) => any; }'.
lib/helpers/fromDataURI.js(43,15): error TS2350: Only a void function can be called with the 'new' keyword.
lib/helpers/fromDataURI.js(43,66): error TS2339: Property 'ERR_NOT_SUPPORT' does not exist on type '{ (message: string, code?: string, config?: Object, request?: Object, response?: Object): Error; from: (error: any, code: any, config: any, request: any, response: any, customProps: any) => any; }'.
lib/helpers/fromDataURI.js(52,9): error TS2350: Only a void function can be called with the 'new' keyword.
lib/helpers/fromDataURI.js(52,71): error TS2339: Property 'ERR_NOT_SUPPORT' does not exist on type '{ (message: string, code?: string, config?: Object, request?: Object, response?: Object): Error; from: (error: any, code: any, config: any, request: any, response: any, customProps: any) => any; }'.
lib/helpers/parseHeaders.js(7,33): error TS2554: Expected 2 arguments, but got 1.
lib/helpers/resolveConfig.js(13,8): error TS2339: Property 'data' does not exist on type 'Object'.
lib/helpers/resolveConfig.js(13,14): error TS2339: Property 'withXSRFToken' does not exist on type 'Object'.
lib/helpers/resolveConfig.js(13,29): error TS2339: Property 'xsrfHeaderName' does not exist on type 'Object'.
lib/helpers/resolveConfig.js(13,45): error TS2339: Property 'xsrfCookieName' does not exist on type 'Object'.
lib/helpers/resolveConfig.js(13,61): error TS2339: Property 'headers' does not exist on type 'Object'.
lib/helpers/resolveConfig.js(13,70): error TS2339: Property 'auth' does not exist on type 'Object'.
lib/helpers/resolveConfig.js(15,13): error TS2339: Property 'headers' does not exist on type 'Object'.
lib/helpers/resolveConfig.js(17,13): error TS2339: Property 'url' does not exist on type 'Object'.
lib/helpers/resolveConfig.js(17,52): error TS2339: Property 'baseURL' does not exist on type 'Object'.
lib/helpers/resolveConfig.js(17,71): error TS2339: Property 'url' does not exist on type 'Object'.
lib/helpers/resolveConfig.js(17,86): error TS2339: Property 'allowAbsoluteUrls' does not exist on type 'Object'.
lib/helpers/resolveConfig.js(45,80): error TS2339: Property 'url' does not exist on type 'Object'.
lib/helpers/speedometer.js(35,7): error TS2365: Operator '+=' cannot be applied to types 'number' and 'Number'.
lib/helpers/speedometer.js(36,15): error TS2363: The right-hand side of an arithmetic operation must be of type 'any', 'number', 'bigint' or an enum type.
lib/helpers/speedometer.js(39,25): error TS2363: The right-hand side of an arithmetic operation must be of type 'any', 'number', 'bigint' or an enum type.
lib/helpers/speedometer.js(42,27): error TS2363: The right-hand side of an arithmetic operation must be of type 'any', 'number', 'bigint' or an enum type.
lib/helpers/speedometer.js(45,9): error TS2365: Operator '<' cannot be applied to types 'number' and 'Number'.
lib/helpers/speedometer.js(49,39): error TS2363: The right-hand side of an arithmetic operation must be of type 'any', 'number', 'bigint' or an enum type.
lib/helpers/throttle.js(9,26): error TS2363: The right-hand side of an arithmetic operation must be of type 'any', 'number', 'bigint' or an enum type.
lib/helpers/throttle.js(41,3): error TS2740: Type '((...args: any[]) => void)[]' is missing the following properties from type 'Function': apply, call, bind, prototype, and 4 more.
lib/helpers/toFormData.js(41,27): error TS2339: Property 'map' does not exist on type 'string'.
lib/helpers/toFormData.js(59,39): error TS2345: Argument of type '{ isArray: (arg: any) => arg is any[]; isArrayBuffer: (thing: any) => boolean; isBuffer: (val: any) => boolean; isFormData: (thing: any) => boolean; isArrayBufferView: (val: any) => boolean; isString: (thing: any) => boolean; ... 50 more ...; isIterable: (thing: any) => boolean; }' is not assignable to parameter of type 'Object'.
  Types of property 'hasOwnProperty' are incompatible.
    Type '(obj: any, prop: any) => any' is not assignable to type '(v: PropertyKey) => boolean'.
      Target signature provides too few arguments. Expected 2 or more, but got 1.
lib/helpers/toFormData.js(80,12): error TS2315: Type 'Object' is not generic.
lib/helpers/toFormData.js(82,12): error TS2315: Type 'Object' is not generic.
lib/helpers/toFormData.js(92,3): error TS2322: Type 'string | FormData | FormData' is not assignable to type 'string'.
  Type 'FormData' is not assignable to type 'string'.
lib/helpers/toFormData.js(128,13): error TS2350: Only a void function can be called with the 'new' keyword.
lib/helpers/toFormData.js(152,26): error TS2345: Argument of type 'Number | String' is not assignable to parameter of type 'String'.
  Type 'Number' is missing the following properties from type 'String': charAt, charCodeAt, concat, indexOf, and 41 more.
lib/helpers/toFormData.js(154,38): error TS2339: Property 'slice' does not exist on type 'Number | String'.
  Property 'slice' does not exist on type 'Number'.
lib/helpers/toFormData.js(159,53): error TS2345: Argument of type 'Number | String' is not assignable to parameter of type 'String'.
  Type 'Number' is missing the following properties from type 'String': charAt, charCodeAt, concat, indexOf, and 41 more.
lib/helpers/toFormData.js(162,30): error TS2345: Argument of type 'Number | String' is not assignable to parameter of type 'string'.
  Type 'Number' is not assignable to type 'string'.
lib/helpers/toFormData.js(165,63): error TS2339: Property 'append' does not exist on type 'string'.
lib/helpers/toFormData.js(167,42): error TS2345: Argument of type '(Number | String)[]' is not assignable to parameter of type 'string'.
lib/helpers/toFormData.js(179,14): error TS2339: Property 'append' does not exist on type 'string'.
lib/helpers/toFormData.js(179,31): error TS2345: Argument of type '(Number | String)[]' is not assignable to parameter of type 'string'.
lib/helpers/toFormData.js(218,3): error TS2554: Expected 2 arguments, but got 1.
lib/helpers/toURLEncodedForm.js(8,27): error TS2345: Argument of type 'URLSearchParams' is not assignable to parameter of type 'string'.
lib/helpers/trackStream.js(64,10): error TS2554: Expected 1 arguments, but got 0.
lib/helpers/trackStream.js(80,5): error TS2769: No overload matches this call.
  The last overload gave the following error.
    Type '(reason: any) => Promise<IteratorResult<any, void>>' is not assignable to type 'UnderlyingSourceCancelCallback'.
      Type 'Promise<IteratorResult<any, void>>' is not assignable to type 'void | PromiseLike<void>'.
        Type 'Promise<IteratorResult<any, void>>' is not assignable to type 'PromiseLike<void>'.
          Types of property 'then' are incompatible.
            Type '<TResult1 = IteratorResult<any, void>, TResult2 = never>(onfulfilled?: (value: IteratorResult<any, void>) => TResult1 | PromiseLike<TResult1>, onrejected?: (reason: any) => TResult2 | PromiseLike<...>) => Promise<...>' is not assignable to type '<TResult1 = void, TResult2 = never>(onfulfilled?: (value: void) => TResult1 | PromiseLike<TResult1>, onrejected?: (reason: any) => TResult2 | PromiseLike<TResult2>) => PromiseLike<...>'.
              Types of parameters 'onfulfilled' and 'onfulfilled' are incompatible.
                Types of parameters 'value' and 'value' are incompatible.
                  Type 'IteratorResult<any, void>' is not assignable to type 'void'.
                    Type 'IteratorReturnResult<void>' is not assignable to type 'void'.
lib/helpers/validator.js(34,13): error TS2350: Only a void function can be called with the 'new' keyword.
lib/helpers/validator.js(36,20): error TS2339: Property 'ERR_DEPRECATED' does not exist on type '{ (message: string, code?: string, config?: Object, request?: Object, response?: Object): Error; from: (error: any, code: any, config: any, request: any, response: any, customProps: any) => any; }'.
lib/helpers/validator.js(70,14): error TS2355: A function whose declared type is neither 'undefined', 'void', nor 'any' must return a value.
lib/helpers/validator.js(75,11): error TS2350: Only a void function can be called with the 'new' keyword.
lib/helpers/validator.js(75,66): error TS2339: Property 'ERR_BAD_OPTION_VALUE' does not exist on type '{ (message: string, code?: string, config?: Object, request?: Object, response?: Object): Error; from: (error: any, code: any, config: any, request: any, response: any, customProps: any) => any; }'.
lib/helpers/validator.js(86,15): error TS2350: Only a void function can be called with the 'new' keyword.
lib/helpers/validator.js(86,81): error TS2339: Property 'ERR_BAD_OPTION_VALUE' does not exist on type '{ (message: string, code?: string, config?: Object, request?: Object, response?: Object): Error; from: (error: any, code: any, config: any, request: any, response: any, customProps: any) => any; }'.
lib/helpers/validator.js(91,13): error TS2350: Only a void function can be called with the 'new' keyword.
lib/helpers/validator.js(91,64): error TS2339: Property 'ERR_BAD_OPTION' does not exist on type '{ (message: string, code?: string, config?: Object, request?: Object, response?: Object): Error; from: (error: any, code: any, config: any, request: any, response: any, customProps: any) => any; }'.
lib/platform/common/utils.js(36,12): error TS2304: Cannot find name 'WorkerGlobalScope'.
lib/platform/common/utils.js(38,21): error TS2304: Cannot find name 'WorkerGlobalScope'.
lib/utils.js(261,27): error TS2322: Type '{}' is not assignable to type 'Boolean'.
  The types returned by 'valueOf()' are incompatible between these types.
    Type 'Object' is not assignable to type 'boolean'.
lib/utils.js(261,28): error TS2339: Property 'allOwnKeys' does not exist on type 'Boolean'.
lib/utils.js(339,20): error TS8029: JSDoc '@param' tag has name 'obj1', but there is no parameter with that name. It would match 'arguments' if it had an array type.
lib/utils.js(349,33): error TS2554: Expected 0 arguments, but got 2.
lib/utils.js(351,33): error TS2554: Expected 0 arguments, but got 2.
lib/utils.js(375,32): error TS2322: Type '{}' is not assignable to type 'Boolean'.
  The types returned by 'valueOf()' are incompatible between these types.
    Type 'Object' is not assignable to type 'boolean'.
lib/utils.js(375,33): error TS2339: Property 'allOwnKeys' does not exist on type 'Boolean'.
lib/utils.js(382,7): error TS2353: Object literal may only specify known properties, and 'allOwnKeys' does not exist in type 'Boolean'.
lib/utils.js(402,12): error TS2552: Cannot find name 'function'. Did you mean 'Function'?
lib/utils.js(403,12): error TS2552: Cannot find name 'function'. Did you mean 'Function'?
lib/utils.js(410,69): error TS2345: Argument of type 'object' is not assignable to parameter of type 'PropertyDescriptorMap & ThisType<any>'.
  Type 'object' is not assignable to type 'PropertyDescriptorMap'.
    Index signature for type 'string' is missing in type '{}'.
lib/utils.js(448,37): error TS2349: This expression is not callable.
  No constituent of type 'Boolean | Function' is callable.
lib/utils.js(464,33): error TS2365: Operator '>' cannot be applied to types 'Number' and 'number'.
lib/utils.js(467,3): error TS2362: The left-hand side of an arithmetic operation must be of type 'any', 'number', 'bigint' or an enum type.
lib/utils.js(468,33): error TS2345: Argument of type 'String' is not assignable to parameter of type 'string'.
  'string' is a primitive, but 'String' is a wrapper object. Prefer using 'string' when possible.
lib/utils.js(511,12): error TS2315: Type 'Object' is not generic.
lib/utils.js(541,28): error TS2339: Property 'exec' does not exist on type 'string'.
lib/utils.js(644,39): error TS2339: Property 'append' does not exist on type 'unknown'.
lib/utils.js(698,11): error TS2367: This comparison appears to be unintentional because the types 'MessageEventSource' and 'typeof globalThis' have no overlap.
