index.js(7,3): error TS2339: Property 'Axios' does not exist on type 'Axios'.
index.js(8,3): error TS2339: Property 'AxiosError' does not exist on type 'Axios'.
index.js(9,3): error TS2339: Property 'CanceledError' does not exist on type 'Axios'.
index.js(10,3): error TS2339: Property 'isCancel' does not exist on type 'Axios'.
index.js(11,3): error TS2339: Property 'CancelToken' does not exist on type 'Axios'.
index.js(12,3): error TS2339: Property 'VERSION' does not exist on type 'Axios'.
index.js(13,3): error TS2339: Property 'all' does not exist on type 'Axios'.
index.js(14,3): error TS2339: Property 'Cancel' does not exist on type 'Axios'.
index.js(15,3): error TS2339: Property 'isAxiosError' does not exist on type 'Axios'.
index.js(16,3): error TS2339: Property 'spread' does not exist on type 'Axios'.
index.js(17,3): error TS2339: Property 'toFormData' does not exist on type 'Axios'.
index.js(18,3): error TS2339: Property 'AxiosHeaders' does not exist on type 'Axios'.
index.js(19,3): error TS2339: Property 'HttpStatusCode' does not exist on type 'Axios'.
index.js(20,3): error TS2339: Property 'formToJSON' does not exist on type 'Axios'.
index.js(21,3): error TS2339: Property 'getAdapter' does not exist on type 'Axios'.
index.js(22,3): error TS2339: Property 'mergeConfig' does not exist on type 'Axios'.
lib/adapters/fetch.js(34,9): error TS2353: Object literal may only specify known properties, and 'duplex' does not exist in type 'RequestInit'.
lib/adapters/fetch.js(57,85): error TS2339: Property 'ERR_NOT_SUPPORT' does not exist on type 'typeof AxiosError'.
lib/adapters/fetch.js(120,56): error TS2339: Property 'unsubscribe' does not exist on type 'AbortSignal'.
lib/adapters/fetch.js(121,22): error TS2339: Property 'unsubscribe' does not exist on type 'AbortSignal'.
lib/adapters/fetch.js(134,9): error TS2353: Object literal may only specify known properties, and 'duplex' does not exist in type 'RequestInit'.
lib/adapters/fetch.js(218,52): error TS2339: Property 'ERR_NETWORK' does not exist on type 'typeof AxiosError'.
lib/adapters/http.js(8,8): error TS1192: Module '"http"' has no default export.
lib/adapters/http.js(9,8): error TS1192: Module '"https"' has no default export.
lib/adapters/http.js(10,8): error TS1192: Module '"util"' has no default export.
lib/adapters/http.js(12,8): error TS1192: Module '"zlib"' has no default export.
lib/adapters/http.js(19,8): error TS1259: Module '"stream"' can only be default-imported using the 'esModuleInterop' flag
lib/adapters/http.js(63,14): error TS2355: A function whose declared type is neither 'undefined', 'void', nor 'any' must return a value.
lib/adapters/http.js(78,12): error TS2304: Cannot find name 'AxiosProxyConfig'.
lib/adapters/http.js(252,47): error TS2339: Property 'ERR_BAD_REQUEST' does not exist on type 'typeof AxiosError'.
lib/adapters/http.js(277,20): error TS2339: Property 'ERR_BAD_REQUEST' does not exist on type 'typeof AxiosError'.
lib/adapters/http.js(297,36): error TS2339: Property 'getContentType' does not exist on type 'AxiosHeaders'.
lib/adapters/http.js(309,20): error TS2339: Property 'hasContentLength' does not exist on type 'AxiosHeaders'.
lib/adapters/http.js(312,71): error TS2339: Property 'setContentLength' does not exist on type 'AxiosHeaders'.
lib/adapters/http.js(318,28): error TS2339: Property 'setContentType' does not exist on type 'AxiosHeaders'.
lib/adapters/http.js(319,15): error TS2339: Property 'setContentLength' does not exist on type 'AxiosHeaders'.
lib/adapters/http.js(331,22): error TS2339: Property 'ERR_BAD_REQUEST' does not exist on type 'typeof AxiosError'.
lib/adapters/http.js(337,15): error TS2339: Property 'setContentLength' does not exist on type 'AxiosHeaders'.
lib/adapters/http.js(342,22): error TS2339: Property 'ERR_BAD_REQUEST' does not exist on type 'typeof AxiosError'.
lib/adapters/http.js(348,56): error TS2339: Property 'getContentLength' does not exist on type 'AxiosHeaders'.
lib/adapters/http.js(368,9): error TS2345: Argument of type 'any[]' is not assignable to parameter of type '[any, any]'.
  Target requires 2 element(s) but source may have fewer.
lib/adapters/http.js(401,17): error TS2339: Property 'config' does not exist on type 'Error'.
lib/adapters/http.js(402,17): error TS2339: Property 'url' does not exist on type 'Error'.
lib/adapters/http.js(403,17): error TS2339: Property 'exists' does not exist on type 'Error'.
lib/adapters/http.js(476,47): error TS2339: Property 'on' does not exist on type 'AxiosTransformStream'.
lib/adapters/http.js(478,11): error TS2345: Argument of type 'any[]' is not assignable to parameter of type '[any, any]'.
  Target requires 2 element(s) but source may have fewer.
lib/adapters/http.js(562,26): error TS2339: Property 'ERR_BAD_RESPONSE' does not exist on type 'typeof AxiosError'.
lib/adapters/http.js(573,24): error TS2339: Property 'ERR_BAD_RESPONSE' does not exist on type 'typeof AxiosError'.
lib/adapters/http.js(637,22): error TS2339: Property 'ERR_BAD_OPTION_VALUE' does not exist on type 'typeof AxiosError'.
lib/adapters/http.js(659,57): error TS2339: Property 'ETIMEDOUT' does not exist on type 'typeof AxiosError'.
lib/adapters/http.js(659,80): error TS2339: Property 'ECONNABORTED' does not exist on type 'typeof AxiosError'.
lib/adapters/xhr.js(76,15): error TS2339: Property 'onreadystatechange' does not exist on type 'never'.
lib/adapters/xhr.js(100,59): error TS2339: Property 'ECONNABORTED' does not exist on type 'typeof AxiosError'.
lib/adapters/xhr.js(111,35): error TS2339: Property 'message' does not exist on type 'ProgressEvent<EventTarget>'.
lib/adapters/xhr.js(111,51): error TS2339: Property 'message' does not exist on type 'ProgressEvent<EventTarget>'.
lib/adapters/xhr.js(112,51): error TS2339: Property 'ERR_NETWORK' does not exist on type 'typeof AxiosError'.
lib/adapters/xhr.js(114,12): error TS2339: Property 'event' does not exist on type 'AxiosError'.
lib/adapters/xhr.js(128,55): error TS2339: Property 'ETIMEDOUT' does not exist on type 'typeof AxiosError'.
lib/adapters/xhr.js(128,78): error TS2339: Property 'ECONNABORTED' does not exist on type 'typeof AxiosError'.
lib/adapters/xhr.js(137,49): error TS2339: Property 'setContentType' does not exist on type 'AxiosHeaders'.
lib/adapters/xhr.js(158,8): error TS2461: Type 'Function' is not an array type.
lib/adapters/xhr.js(164,8): error TS2461: Type 'Function' is not an array type.
lib/adapters/xhr.js(192,82): error TS2339: Property 'ERR_BAD_REQUEST' does not exist on type 'typeof AxiosError'.
lib/axios.js(33,52): error TS2345: Argument of type '{ allOwnKeys: boolean; }' is not assignable to parameter of type 'boolean'.
lib/axios.js(36,41): error TS2345: Argument of type '{ allOwnKeys: boolean; }' is not assignable to parameter of type 'boolean'.
lib/axios.js(39,12): error TS2339: Property 'create' does not exist on type '(...args: any[]) => any'.
lib/axios.js(43,3): error TS2322: Type '(...args: any[]) => any' is not assignable to type 'Axios'.
lib/axios.js(50,7): error TS2339: Property 'Axios' does not exist on type 'Axios'.
lib/axios.js(53,7): error TS2339: Property 'CanceledError' does not exist on type 'Axios'.
lib/axios.js(54,7): error TS2339: Property 'CancelToken' does not exist on type 'Axios'.
lib/axios.js(55,7): error TS2339: Property 'isCancel' does not exist on type 'Axios'.
lib/axios.js(56,7): error TS2339: Property 'VERSION' does not exist on type 'Axios'.
lib/axios.js(57,7): error TS2339: Property 'toFormData' does not exist on type 'Axios'.
lib/axios.js(60,7): error TS2339: Property 'AxiosError' does not exist on type 'Axios'.
lib/axios.js(63,7): error TS2339: Property 'Cancel' does not exist on type 'Axios'.
lib/axios.js(63,22): error TS2339: Property 'CanceledError' does not exist on type 'Axios'.
lib/axios.js(66,7): error TS2339: Property 'all' does not exist on type 'Axios'.
lib/axios.js(70,7): error TS2339: Property 'spread' does not exist on type 'Axios'.
lib/axios.js(73,7): error TS2339: Property 'isAxiosError' does not exist on type 'Axios'.
lib/axios.js(76,7): error TS2339: Property 'mergeConfig' does not exist on type 'Axios'.
lib/axios.js(78,7): error TS2339: Property 'AxiosHeaders' does not exist on type 'Axios'.
lib/axios.js(80,7): error TS2339: Property 'formToJSON' does not exist on type 'Axios'.
lib/axios.js(82,7): error TS2339: Property 'getAdapter' does not exist on type 'Axios'.
lib/axios.js(84,7): error TS2339: Property 'HttpStatusCode' does not exist on type 'Axios'.
lib/axios.js(86,7): error TS2551: Property 'default' does not exist on type 'Axios'. Did you mean 'defaults'?
lib/cancel/CanceledError.js(13,14): error TS2355: A function whose declared type is neither 'undefined', 'void', nor 'any' must return a value.
lib/cancel/CanceledError.js(17,76): error TS2339: Property 'ERR_CANCELED' does not exist on type 'typeof AxiosError'.
lib/cancel/CancelToken.js(47,15): error TS2339: Property 'cancel' does not exist on type 'Promise<TResult1>'.
lib/cancel/CancelToken.js(55,17): error TS2339: Property 'reason' does not exist on type 'CancelToken'.
lib/cancel/CancelToken.js(60,13): error TS2339: Property 'reason' does not exist on type 'CancelToken'.
lib/cancel/CancelToken.js(61,28): error TS2339: Property 'reason' does not exist on type 'CancelToken'.
lib/cancel/CancelToken.js(69,14): error TS2339: Property 'reason' does not exist on type 'CancelToken'.
lib/cancel/CancelToken.js(70,18): error TS2339: Property 'reason' does not exist on type 'CancelToken'.
lib/cancel/CancelToken.js(79,14): error TS2339: Property 'reason' does not exist on type 'CancelToken'.
lib/cancel/CancelToken.js(80,21): error TS2339: Property 'reason' does not exist on type 'CancelToken'.
lib/cancel/CancelToken.js(114,23): error TS2339: Property 'unsubscribe' does not exist on type 'AbortSignal'.
lib/core/Axios.js(81,39): error TS2554: Expected 3 arguments, but got 1.
lib/core/Axios.js(82,39): error TS2554: Expected 3 arguments, but got 1.
lib/core/Axios.js(83,41): error TS2554: Expected 3 arguments, but got 1.
lib/core/AxiosError.js(14,14): error TS2355: A function whose declared type is neither 'undefined', 'void', nor 'any' must return a value.
lib/core/AxiosError.js(79,37): error TS2345: Argument of type '{}' is not assignable to parameter of type 'PropertyDescriptorMap & ThisType<any>'.
  Type '{}' is not assignable to type 'PropertyDescriptorMap'.
    Index signature for type 'string' is missing in type '{}'.
lib/core/AxiosHeaders.js(235,29): error TS2339: Property 'concat' does not exist on type 'Function'.
lib/core/InterceptorManager.js(33,16): error TS2355: A function whose declared type is neither 'undefined', 'void', nor 'any' must return a value.
lib/core/settle.js(21,19): error TS2339: Property 'ERR_BAD_REQUEST' does not exist on type 'typeof AxiosError'.
lib/core/settle.js(21,47): error TS2339: Property 'ERR_BAD_RESPONSE' does not exist on type 'typeof AxiosError'.
lib/defaults/index.js(94,14): error TS2554: Expected 3 arguments, but got 1.
lib/defaults/index.js(118,49): error TS2339: Property 'ERR_BAD_RESPONSE' does not exist on type 'typeof AxiosError'.
lib/helpers/AxiosTransformStream.js(3,8): error TS1259: Module '"stream"' can only be default-imported using the 'esModuleInterop' flag
lib/helpers/AxiosTransformStream.js(38,10): error TS2339: Property 'on' does not exist on type 'AxiosTransformStream'.
lib/helpers/AxiosTransformStream.js(61,40): error TS2339: Property 'readableHighWaterMark' does not exist on type 'AxiosTransformStream'.
lib/helpers/AxiosTransformStream.js(74,36): error TS2339: Property 'emit' does not exist on type 'AxiosTransformStream'.
lib/helpers/AxiosTransformStream.js(76,16): error TS2339: Property 'push' does not exist on type 'AxiosTransformStream'.
lib/helpers/AxiosURLSearchParams.js(39,32): error TS2345: Argument of type 'this' is not assignable to parameter of type 'string'.
  Type 'AxiosURLSearchParams' is not assignable to type 'string'.
lib/helpers/buildURL.js(31,47): error TS1016: A required parameter cannot follow an optional parameter.
lib/helpers/buildURL.js(54,58): error TS2554: Expected 0 arguments, but got 1.
lib/helpers/composeSignals.js(24,78): error TS2339: Property 'ETIMEDOUT' does not exist on type 'typeof AxiosError'.
lib/helpers/composeSignals.js(42,12): error TS2339: Property 'unsubscribe' does not exist on type 'AbortSignal'.
lib/helpers/cookies.js(11,77): error TS2551: Property 'toGMTString' does not exist on type 'Date'. Did you mean 'toString'?
lib/helpers/formDataToJSON.js(17,25): error TS2345: Argument of type 'RegExp' is not assignable to parameter of type 'string'.
lib/helpers/formDataToJSON.js(82,63): error TS2339: Property 'entries' does not exist on type 'string'.
lib/helpers/formDataToStream.js(1,8): error TS1192: Module '"util"' has no default export.
lib/helpers/formDataToStream.js(17,12): error TS2339: Property 'escapeName' does not exist on type 'Function'.
lib/helpers/fromDataURI.js(15,23): error TS8032: Qualified name 'options.Blob' is not allowed without a leading '@param {object} options'.
lib/helpers/fromDataURI.js(33,54): error TS2339: Property 'ERR_INVALID_URL' does not exist on type 'typeof AxiosError'.
lib/helpers/fromDataURI.js(43,66): error TS2339: Property 'ERR_NOT_SUPPORT' does not exist on type 'typeof AxiosError'.
lib/helpers/fromDataURI.js(52,71): error TS2339: Property 'ERR_NOT_SUPPORT' does not exist on type 'typeof AxiosError'.
lib/helpers/throttle.js(41,3): error TS2740: Type '((...args: any[]) => void)[]' is missing the following properties from type 'Function': apply, call, bind, prototype, and 4 more.
lib/helpers/toFormData.js(41,27): error TS2339: Property 'map' does not exist on type 'string'.
lib/helpers/toFormData.js(152,26): error TS2345: Argument of type 'string | number' is not assignable to parameter of type 'string'.
  Type 'number' is not assignable to type 'string'.
lib/helpers/toFormData.js(154,38): error TS2339: Property 'slice' does not exist on type 'string | number'.
  Property 'slice' does not exist on type 'number'.
lib/helpers/toFormData.js(159,53): error TS2345: Argument of type 'string | number' is not assignable to parameter of type 'string'.
  Type 'number' is not assignable to type 'string'.
lib/helpers/toFormData.js(162,30): error TS2345: Argument of type 'string | number' is not assignable to parameter of type 'string'.
  Type 'number' is not assignable to type 'string'.
lib/helpers/toFormData.js(165,63): error TS2339: Property 'append' does not exist on type 'string'.
lib/helpers/toFormData.js(167,42): error TS2345: Argument of type '(string | number)[]' is not assignable to parameter of type 'string'.
lib/helpers/toFormData.js(179,14): error TS2339: Property 'append' does not exist on type 'string'.
lib/helpers/toFormData.js(179,31): error TS2345: Argument of type '(string | number)[]' is not assignable to parameter of type 'string'.
lib/helpers/trackStream.js(80,5): error TS2769: No overload matches this call.
  Overload 1 of 3, '(underlyingSource: UnderlyingByteSource, strategy?: { highWaterMark?: number; }): ReadableStream<Uint8Array<ArrayBufferLike>>', gave the following error.
    Type '(reason: any) => Promise<IteratorResult<any, void>>' is not assignable to type 'UnderlyingSourceCancelCallback'.
      Type 'Promise<IteratorResult<any, void>>' is not assignable to type 'void | PromiseLike<void>'.
        Type 'Promise<IteratorResult<any, void>>' is not assignable to type 'PromiseLike<void>'.
          Types of property 'then' are incompatible.
            Type '<TResult1 = IteratorResult<any, void>, TResult2 = never>(onfulfilled?: (value: IteratorResult<any, void>) => TResult1 | PromiseLike<TResult1>, onrejected?: (reason: any) => TResult2 | PromiseLike<...>) => Promise<...>' is not assignable to type '<TResult1 = void, TResult2 = never>(onfulfilled?: (value: void) => TResult1 | PromiseLike<TResult1>, onrejected?: (reason: any) => TResult2 | PromiseLike<TResult2>) => PromiseLike<...>'.
              Types of parameters 'onfulfilled' and 'onfulfilled' are incompatible.
                Types of parameters 'value' and 'value' are incompatible.
                  Type 'IteratorResult<any, void>' is not assignable to type 'void'.
                    Type 'IteratorYieldResult<any>' is not assignable to type 'void'.
  Overload 2 of 3, '(underlyingSource: UnderlyingDefaultSource<any>, strategy?: QueuingStrategy<any>): ReadableStream<any>', gave the following error.
    Type '(reason: any) => Promise<IteratorResult<any, void>>' is not assignable to type 'UnderlyingSourceCancelCallback'.
      Type 'Promise<IteratorResult<any, void>>' is not assignable to type 'void | PromiseLike<void>'.
        Type 'Promise<IteratorResult<any, void>>' is not assignable to type 'PromiseLike<void>'.
          Types of property 'then' are incompatible.
            Type '<TResult1 = IteratorResult<any, void>, TResult2 = never>(onfulfilled?: (value: IteratorResult<any, void>) => TResult1 | PromiseLike<TResult1>, onrejected?: (reason: any) => TResult2 | PromiseLike<...>) => Promise<...>' is not assignable to type '<TResult1 = void, TResult2 = never>(onfulfilled?: (value: void) => TResult1 | PromiseLike<TResult1>, onrejected?: (reason: any) => TResult2 | PromiseLike<TResult2>) => PromiseLike<...>'.
              Types of parameters 'onfulfilled' and 'onfulfilled' are incompatible.
                Types of parameters 'value' and 'value' are incompatible.
                  Type 'IteratorResult<any, void>' is not assignable to type 'void'.
                    Type 'IteratorYieldResult<any>' is not assignable to type 'void'.
  Overload 3 of 3, '(underlyingSource?: UnderlyingSource<any>, strategy?: QueuingStrategy<any>): ReadableStream<any>', gave the following error.
    Type '(reason: any) => Promise<IteratorResult<any, void>>' is not assignable to type 'UnderlyingSourceCancelCallback'.
      Type 'Promise<IteratorResult<any, void>>' is not assignable to type 'void | PromiseLike<void>'.
        Type 'Promise<IteratorResult<any, void>>' is not assignable to type 'PromiseLike<void>'.
          Types of property 'then' are incompatible.
            Type '<TResult1 = IteratorResult<any, void>, TResult2 = never>(onfulfilled?: (value: IteratorResult<any, void>) => TResult1 | PromiseLike<TResult1>, onrejected?: (reason: any) => TResult2 | PromiseLike<...>) => Promise<...>' is not assignable to type '<TResult1 = void, TResult2 = never>(onfulfilled?: (value: void) => TResult1 | PromiseLike<TResult1>, onrejected?: (reason: any) => TResult2 | PromiseLike<TResult2>) => PromiseLike<...>'.
              Types of parameters 'onfulfilled' and 'onfulfilled' are incompatible.
                Types of parameters 'value' and 'value' are incompatible.
                  Type 'IteratorResult<any, void>' is not assignable to type 'void'.
                    Type 'IteratorYieldResult<any>' is not assignable to type 'void'.
lib/helpers/validator.js(36,20): error TS2339: Property 'ERR_DEPRECATED' does not exist on type 'typeof AxiosError'.
lib/helpers/validator.js(51,24): error TS2349: This expression is not callable.
  No constituent of type 'true | Function' is callable.
lib/helpers/validator.js(75,66): error TS2339: Property 'ERR_BAD_OPTION_VALUE' does not exist on type 'typeof AxiosError'.
lib/helpers/validator.js(86,81): error TS2339: Property 'ERR_BAD_OPTION_VALUE' does not exist on type 'typeof AxiosError'.
lib/helpers/validator.js(91,64): error TS2339: Property 'ERR_BAD_OPTION' does not exist on type 'typeof AxiosError'.
lib/helpers/ZlibHeaderTransformStream.js(3,8): error TS1259: Module '"stream"' can only be default-imported using the 'esModuleInterop' flag
lib/helpers/ZlibHeaderTransformStream.js(7,10): error TS2339: Property 'push' does not exist on type 'ZlibHeaderTransformStream'.
lib/helpers/ZlibHeaderTransformStream.js(20,14): error TS2339: Property 'push' does not exist on type 'ZlibHeaderTransformStream'.
lib/platform/common/utils.js(36,12): error TS2304: Cannot find name 'WorkerGlobalScope'.
lib/platform/common/utils.js(38,21): error TS2304: Cannot find name 'WorkerGlobalScope'.
lib/platform/node/classes/FormData.js(1,8): error TS1259: Module '"/Users/nathan/dmp/axios/node_modules/form-data/index"' can only be default-imported using the 'esModuleInterop' flag
lib/platform/node/classes/URLSearchParams.js(3,8): error TS1192: Module '"url"' has no default export.
lib/platform/node/index.js(1,8): error TS1192: Module '"crypto"' has no default export.
lib/utils.js(261,27): error TS2322: Type '{}' is not assignable to type 'boolean'.
lib/utils.js(261,28): error TS2339: Property 'allOwnKeys' does not exist on type 'Boolean'.
lib/utils.js(339,20): error TS8029: JSDoc '@param' tag has name 'obj1', but there is no parameter with that name. It would match 'arguments' if it had an array type.
lib/utils.js(375,32): error TS2322: Type '{}' is not assignable to type 'boolean'.
lib/utils.js(375,33): error TS2339: Property 'allOwnKeys' does not exist on type 'Boolean'.
lib/utils.js(382,6): error TS2345: Argument of type '{ allOwnKeys: any; }' is not assignable to parameter of type 'boolean'.
lib/utils.js(448,37): error TS2349: This expression is not callable.
  No constituent of type 'true | Function' is callable.
lib/utils.js(496,12): error TS2552: Cannot find name 'TypedArray'. Did you mean 'isTypedArray'?
lib/utils.js(498,4): error TS1003: Identifier expected.
lib/utils.js(541,28): error TS2339: Property 'exec' does not exist on type 'string'.
lib/utils.js(582,32): error TS2345: Argument of type '{}' is not assignable to parameter of type 'PropertyDescriptorMap & ThisType<any>'.
  Type '{}' is not assignable to type 'PropertyDescriptorMap'.
    Index signature for type 'string' is missing in type '{}'.
lib/utils.js(644,39): error TS2339: Property 'append' does not exist on type 'unknown'.
lib/utils.js(698,11): error TS2367: This comparison appears to be unintentional because the types 'MessageEventSource' and 'typeof globalThis' have no overlap.
