src/animation/AnimationAction.js(12,13): error TS2304: Cannot find name 'AnimationMixer'.
src/animation/AnimationAction.js(13,13): error TS2304: Cannot find name 'AnimationClip'.
src/animation/AnimationAction.js(14,14): error TS2304: Cannot find name 'Object3D'.
src/animation/AnimationAction.js(521,14): error TS2304: Cannot find name 'AnimationMixer'.
src/animation/AnimationAction.js(532,14): error TS2304: Cannot find name 'AnimationClip'.
src/animation/AnimationAction.js(543,14): error TS2304: Cannot find name 'Object3D'.
src/animation/AnimationClip.js(28,39): error TS2304: Cannot find name 'AdditiveAnimationBlendMode'.
src/animation/AnimationClip.js(58,39): error TS2304: Cannot find name 'AdditiveAnimationBlendMode'.
src/animation/AnimationClip.js(99,8): error TS2540: Cannot assign to 'uuid' because it is a read-only property.
src/animation/AnimationClip.js(199,35): error TS2304: Cannot find name 'Object3D'.
src/animation/AnimationClip.js(292,19): error TS2304: Cannot find name 'Bones'.
src/animation/AnimationClip.js(518,14): error TS2351: This expression is not constructable.
  Type 'Function' has no construct signatures.
src/animation/AnimationClip.js(529,27): error TS2339: Property 'toJSON' does not exist on type 'Function'.
src/animation/AnimationClip.js(599,17): error TS2339: Property 'parse' does not exist on type 'typeof BooleanKeyframeTrack | typeof QuaternionKeyframeTrack | typeof StringKeyframeTrack'.
  Property 'parse' does not exist on type 'typeof BooleanKeyframeTrack'.
src/animation/AnimationClip.js(601,20): error TS2339: Property 'parse' does not exist on type 'typeof BooleanKeyframeTrack | typeof QuaternionKeyframeTrack | typeof StringKeyframeTrack'.
  Property 'parse' does not exist on type 'typeof BooleanKeyframeTrack'.
src/animation/AnimationMixer.js(21,13): error TS2304: Cannot find name 'Object3D'.
src/animation/AnimationMixer.js(547,13): error TS2304: Cannot find name 'Object3D'.
src/animation/AnimationMixer.js(548,39): error TS2304: Cannot find name 'AdditiveAnimationBlendMode'.
src/animation/AnimationMixer.js(616,13): error TS2304: Cannot find name 'Object3D'.
src/animation/AnimationMixer.js(732,14): error TS2304: Cannot find name 'Object3D'.
src/animation/AnimationMixer.js(793,13): error TS2304: Cannot find name 'Object3D'.
src/animation/AnimationMixer.js(837,13): error TS2304: Cannot find name 'Object3D'.
src/animation/AnimationObjectGroup.js(29,16): error TS2304: Cannot find name 'Object3D'.
src/animation/AnimationObjectGroup.js(99,16): error TS2304: Cannot find name 'Object3D'.
src/animation/AnimationObjectGroup.js(192,16): error TS2304: Cannot find name 'Object3D'.
src/animation/AnimationObjectGroup.js(246,16): error TS2304: Cannot find name 'Object3D'.
src/animation/AnimationUtils.js(7,12): error TS2304: Cannot find name 'TypedArray'.
src/animation/AnimationUtils.js(8,12): error TS2503: Cannot find namespace 'TypedArray'.
src/animation/AnimationUtils.js(9,13): error TS2304: Cannot find name 'TypedArray'.
src/animation/AnimationUtils.js(72,21): error TS2351: This expression is not constructable.
  Type 'Function' has no construct signatures.
src/animation/AnimationUtils.js(121,21): error TS2339: Property 'time' does not exist on type 'number'.
src/animation/AnimationUtils.js(140,21): error TS2339: Property 'time' does not exist on type 'number'.
src/animation/AnimationUtils.js(159,21): error TS2339: Property 'time' does not exist on type 'number'.
src/animation/AnimationUtils.js(175,12): error TS2304: Cannot find name 'AnimationClip'.
src/animation/AnimationUtils.js(180,13): error TS2304: Cannot find name 'AnimationClip'.
src/animation/AnimationUtils.js(256,12): error TS2304: Cannot find name 'AnimationClip'.
src/animation/AnimationUtils.js(258,12): error TS2304: Cannot find name 'AnimationClip'.
src/animation/AnimationUtils.js(260,13): error TS2304: Cannot find name 'AnimationClip'.
src/animation/AnimationUtils.js(396,13): error TS2304: Cannot find name 'TypedArray'.
src/animation/AnimationUtils.js(397,13): error TS2503: Cannot find namespace 'TypedArray'.
src/animation/AnimationUtils.js(398,14): error TS2304: Cannot find name 'TypedArray'.
src/animation/AnimationUtils.js(466,13): error TS2304: Cannot find name 'AnimationClip'.
src/animation/AnimationUtils.js(471,14): error TS2304: Cannot find name 'AnimationClip'.
src/animation/AnimationUtils.js(483,13): error TS2304: Cannot find name 'AnimationClip'.
src/animation/AnimationUtils.js(485,13): error TS2304: Cannot find name 'AnimationClip'.
src/animation/AnimationUtils.js(487,14): error TS2304: Cannot find name 'AnimationClip'.
src/animation/KeyframeTrack.js(72,18): error TS2339: Property 'toJSON' does not exist on type 'Function'.
src/animation/KeyframeTrack.js(74,21): error TS2339: Property 'toJSON' does not exist on type 'Function'.
src/animation/KeyframeTrack.js(91,10): error TS2339: Property 'interpolation' does not exist on type '{ name: string; times: TypedArray; values: TypedArray; }'.
src/animation/KeyframeTrack.js(107,13): error TS2304: Cannot find name 'TypedArray'.
src/animation/KeyframeTrack.js(120,13): error TS2304: Cannot find name 'TypedArray'.
src/animation/KeyframeTrack.js(133,13): error TS2304: Cannot find name 'TypedArray'.
src/animation/KeyframeTrack.js(427,14): error TS2304: Cannot find name 'AnimationClip'.
src/animation/KeyframeTrack.js(553,21): error TS2351: This expression is not constructable.
  Type 'Function' has no construct signatures.
src/animation/KeyframeTrack.js(575,11): error TS2304: Cannot find name 'TypedArray'.
src/animation/KeyframeTrack.js(583,11): error TS2304: Cannot find name 'TypedArray'.
src/animation/PropertyBinding.js(143,13): error TS2304: Cannot find name 'Object3D'.
src/animation/PropertyBinding.js(143,22): error TS2304: Cannot find name 'Skeleton'.
src/animation/PropertyMixer.js(11,13): error TS2304: Cannot find name 'PropertyBinding'.
src/animation/PropertyMixer.js(20,13): error TS2304: Cannot find name 'PropertyBinding'.
src/animation/tracks/BooleanKeyframeTrack.js(40,11): error TS2304: Cannot find name 'TypedArray'.
src/animation/tracks/BooleanKeyframeTrack.js(48,12): error TS2304: Cannot find name 'InterpolateLinear'.
src/animation/tracks/BooleanKeyframeTrack.js(48,50): error TS2304: Cannot find name 'InterpolateSmooth'.
src/animation/tracks/ColorKeyframeTrack.js(16,14): error TS2304: Cannot find name 'InterpolateLinear'.
src/animation/tracks/ColorKeyframeTrack.js(16,32): error TS2304: Cannot find name 'InterpolateDiscrete'.
src/animation/tracks/ColorKeyframeTrack.js(16,52): error TS2304: Cannot find name 'InterpolateSmooth'.
src/animation/tracks/NumberKeyframeTrack.js(16,14): error TS2304: Cannot find name 'InterpolateLinear'.
src/animation/tracks/NumberKeyframeTrack.js(16,32): error TS2304: Cannot find name 'InterpolateDiscrete'.
src/animation/tracks/NumberKeyframeTrack.js(16,52): error TS2304: Cannot find name 'InterpolateSmooth'.
src/animation/tracks/QuaternionKeyframeTrack.js(17,14): error TS2304: Cannot find name 'InterpolateLinear'.
src/animation/tracks/QuaternionKeyframeTrack.js(17,32): error TS2304: Cannot find name 'InterpolateDiscrete'.
src/animation/tracks/QuaternionKeyframeTrack.js(17,52): error TS2304: Cannot find name 'InterpolateSmooth'.
src/animation/tracks/QuaternionKeyframeTrack.js(29,13): error TS2304: Cannot find name 'TypedArray'.
src/animation/tracks/StringKeyframeTrack.js(40,11): error TS2304: Cannot find name 'TypedArray'.
src/animation/tracks/StringKeyframeTrack.js(48,12): error TS2304: Cannot find name 'InterpolateLinear'.
src/animation/tracks/StringKeyframeTrack.js(48,50): error TS2304: Cannot find name 'InterpolateSmooth'.
src/animation/tracks/VectorKeyframeTrack.js(16,14): error TS2304: Cannot find name 'InterpolateLinear'.
src/animation/tracks/VectorKeyframeTrack.js(16,32): error TS2304: Cannot find name 'InterpolateDiscrete'.
src/animation/tracks/VectorKeyframeTrack.js(16,52): error TS2304: Cannot find name 'InterpolateSmooth'.
src/audio/Audio.js(55,27): error TS2339: Property 'context' does not exist on type 'AudioListener'.
src/audio/Audio.js(64,31): error TS2339: Property 'getInput' does not exist on type 'AudioListener'.
src/audio/Audio.js(239,8): error TS2540: Cannot assign to 'hasPlaybackControl' because it is a read-only property.
src/audio/Audio.js(240,8): error TS2540: Cannot assign to 'sourceType' because it is a read-only property.
src/audio/Audio.js(241,8): error TS2540: Cannot assign to 'source' because it is a read-only property.
src/audio/Audio.js(258,8): error TS2540: Cannot assign to 'hasPlaybackControl' because it is a read-only property.
src/audio/Audio.js(259,8): error TS2540: Cannot assign to 'sourceType' because it is a read-only property.
src/audio/Audio.js(260,8): error TS2540: Cannot assign to 'source' because it is a read-only property.
src/audio/Audio.js(277,8): error TS2540: Cannot assign to 'hasPlaybackControl' because it is a read-only property.
src/audio/Audio.js(278,8): error TS2540: Cannot assign to 'sourceType' because it is a read-only property.
src/audio/Audio.js(279,8): error TS2540: Cannot assign to 'source' because it is a read-only property.
src/audio/Audio.js(296,8): error TS2540: Cannot assign to 'buffer' because it is a read-only property.
src/audio/Audio.js(297,8): error TS2540: Cannot assign to 'sourceType' because it is a read-only property.
src/audio/Audio.js(339,8): error TS2540: Cannot assign to 'isPlaying' because it is a read-only property.
src/audio/Audio.js(341,8): error TS2540: Cannot assign to 'source' because it is a read-only property.
src/audio/Audio.js(380,16): error TS2339: Property 'stop' does not exist on type 'AudioNode'.
src/audio/Audio.js(381,16): error TS2339: Property 'onended' does not exist on type 'AudioNode'.
src/audio/Audio.js(383,9): error TS2540: Cannot assign to 'isPlaying' because it is a read-only property.
src/audio/Audio.js(412,16): error TS2339: Property 'stop' does not exist on type 'AudioNode'.
src/audio/Audio.js(413,16): error TS2339: Property 'onended' does not exist on type 'AudioNode'.
src/audio/Audio.js(417,8): error TS2540: Cannot assign to 'isPlaying' because it is a read-only property.
src/audio/Audio.js(517,9): error TS2540: Cannot assign to 'filters' because it is a read-only property.
src/audio/Audio.js(522,9): error TS2540: Cannot assign to 'filters' because it is a read-only property.
src/audio/Audio.js(538,8): error TS2540: Cannot assign to 'detune' because it is a read-only property.
src/audio/Audio.js(540,47): error TS2339: Property 'detune' does not exist on type 'AudioNode'.
src/audio/Audio.js(542,16): error TS2339: Property 'detune' does not exist on type 'AudioNode'.
src/audio/Audio.js(601,8): error TS2540: Cannot assign to 'playbackRate' because it is a read-only property.
src/audio/Audio.js(605,16): error TS2339: Property 'playbackRate' does not exist on type 'AudioNode'.
src/audio/Audio.js(629,8): error TS2540: Cannot assign to 'isPlaying' because it is a read-only property.
src/audio/Audio.js(671,8): error TS2540: Cannot assign to 'loop' because it is a read-only property.
src/audio/Audio.js(675,16): error TS2339: Property 'loop' does not exist on type 'AudioNode'.
src/audio/Audio.js(752,8): error TS2540: Cannot assign to 'buffer' because it is a read-only property.
src/audio/Audio.js(753,8): error TS2540: Cannot assign to 'detune' because it is a read-only property.
src/audio/Audio.js(754,8): error TS2540: Cannot assign to 'loop' because it is a read-only property.
src/audio/Audio.js(759,8): error TS2540: Cannot assign to 'playbackRate' because it is a read-only property.
src/audio/Audio.js(760,8): error TS2540: Cannot assign to 'hasPlaybackControl' because it is a read-only property.
src/audio/Audio.js(761,8): error TS2540: Cannot assign to 'sourceType' because it is a read-only property.
src/audio/Audio.js(763,8): error TS2540: Cannot assign to 'filters' because it is a read-only property.
src/audio/Audio.js(771,14): error TS2351: This expression is not constructable.
  Type 'Function' has no construct signatures.
src/audio/AudioAnalyser.js(43,25): error TS2339: Property 'context' does not exist on type 'new (src?: string) => HTMLAudioElement'.
src/audio/AudioAnalyser.js(53,9): error TS2339: Property 'getOutput' does not exist on type 'new (src?: string) => HTMLAudioElement'.
src/audio/AudioContext.js(19,51): error TS2551: Property 'webkitAudioContext' does not exist on type 'Window & typeof globalThis'. Did you mean 'AudioContext'?
src/audio/AudioListener.js(49,28): error TS2339: Property 'createGain' does not exist on type 'AudioContext'.
src/audio/AudioListener.js(50,35): error TS2339: Property 'destination' does not exist on type 'AudioContext'.
src/audio/AudioListener.js(101,41): error TS2339: Property 'destination' does not exist on type 'AudioContext'.
src/audio/AudioListener.js(102,36): error TS2339: Property 'destination' does not exist on type 'AudioContext'.
src/audio/AudioListener.js(103,9): error TS2540: Cannot assign to 'filter' because it is a read-only property.
src/audio/AudioListener.js(133,41): error TS2339: Property 'destination' does not exist on type 'AudioContext'.
src/audio/AudioListener.js(137,39): error TS2339: Property 'destination' does not exist on type 'AudioContext'.
src/audio/AudioListener.js(141,8): error TS2540: Cannot assign to 'filter' because it is a read-only property.
src/audio/AudioListener.js(143,37): error TS2339: Property 'destination' does not exist on type 'AudioContext'.
src/audio/AudioListener.js(169,55): error TS2339: Property 'currentTime' does not exist on type 'AudioContext'.
src/audio/AudioListener.js(179,33): error TS2339: Property 'listener' does not exist on type 'AudioContext'.
src/audio/AudioListener.js(181,8): error TS2540: Cannot assign to 'timeDelta' because it is a read-only property.
src/audio/AudioListener.js(193,33): error TS2339: Property 'currentTime' does not exist on type 'AudioContext'.
src/audio/PositionalAudio.js(64,2): error TS2416: Property 'connect' in type 'PositionalAudio' is not assignable to the same property in base type 'Audio'.
  Type '() => this' is not assignable to type '() => Audio'.
    Type 'this' is not assignable to type 'Audio'.
      Type 'PositionalAudio' is not assignable to type 'Audio'.
        The types returned by 'getOutput()' are incompatible between these types.
          Property 'gain' is missing in type 'PannerNode' but required in type 'GainNode'.
src/audio/PositionalAudio.js(74,2): error TS2416: Property 'disconnect' in type 'PositionalAudio' is not assignable to the same property in base type 'Audio'.
  Type '() => this' is not assignable to type '() => Audio'.
    Type 'this' is not assignable to type 'Audio'.
      Type 'PositionalAudio' is not assignable to type 'Audio'.
        The types returned by 'getOutput()' are incompatible between these types.
          Property 'gain' is missing in type 'PannerNode' but required in type 'GainNode'.
src/audio/PositionalAudio.js(84,2): error TS2416: Property 'getOutput' in type 'PositionalAudio' is not assignable to the same property in base type 'Audio'.
  Type '() => PannerNode' is not assignable to type '() => GainNode'.
    Property 'gain' is missing in type 'PannerNode' but required in type 'GainNode'.
src/audio/PositionalAudio.js(233,61): error TS2339: Property 'timeDelta' does not exist on type 'AudioListener'.
src/cameras/Camera.js(56,36): error TS2304: Cannot find name 'WebGPUCoordinateSystem'.
src/cameras/Camera.js(97,13): error TS2304: Cannot find name 'Vector3'.
src/cameras/Camera.js(98,14): error TS2304: Cannot find name 'Vector3'.
src/cameras/Camera.js(124,14): error TS2351: This expression is not constructable.
  Type 'Function' has no construct signatures.
src/cameras/CubeCamera.js(45,13): error TS2304: Cannot find name 'WebGLCubeRenderTarget'.
src/cameras/CubeCamera.js(56,13): error TS2304: Cannot find name 'WebGLCubeRenderTarget'.
src/cameras/CubeCamera.js(175,14): error TS2304: Cannot find name 'Renderer'.
src/cameras/CubeCamera.js(175,23): error TS2304: Cannot find name 'WebGLRenderer'.
src/cameras/CubeCamera.js(176,13): error TS2304: Cannot find name 'Scene'.
src/constants.js(1615,2): error TS2353: Object literal may only specify known properties, and 'FIRST' does not exist in type 'ConstantsInterpolationSamplingMode'.
src/core/BufferAttribute.js(25,13): error TS2304: Cannot find name 'TypedArray'.
src/core/BufferAttribute.js(66,13): error TS2304: Cannot find name 'TypedArray'.
src/core/BufferAttribute.js(105,30): error TS2304: Cannot find name 'DynamicDrawUsage'.
src/core/BufferAttribute.js(105,47): error TS2304: Cannot find name 'StreamDrawUsage'.
src/core/BufferAttribute.js(105,63): error TS2304: Cannot find name 'StaticReadUsage'.
src/core/BufferAttribute.js(105,79): error TS2304: Cannot find name 'DynamicReadUsage'.
src/core/BufferAttribute.js(105,96): error TS2304: Cannot find name 'StreamReadUsage'.
src/core/BufferAttribute.js(105,112): error TS2304: Cannot find name 'StaticCopyUsage'.
src/core/BufferAttribute.js(105,128): error TS2304: Cannot find name 'DynamicCopyUsage'.
src/core/BufferAttribute.js(105,145): error TS2304: Cannot find name 'StreamCopyUsage'.
src/core/BufferAttribute.js(124,24): error TS2304: Cannot find name 'IntType'.
src/core/BufferAttribute.js(161,30): error TS2304: Cannot find name 'DynamicDrawUsage'.
src/core/BufferAttribute.js(161,47): error TS2304: Cannot find name 'StreamDrawUsage'.
src/core/BufferAttribute.js(161,63): error TS2304: Cannot find name 'StaticReadUsage'.
src/core/BufferAttribute.js(161,79): error TS2304: Cannot find name 'DynamicReadUsage'.
src/core/BufferAttribute.js(161,96): error TS2304: Cannot find name 'StreamReadUsage'.
src/core/BufferAttribute.js(161,112): error TS2304: Cannot find name 'StaticCopyUsage'.
src/core/BufferAttribute.js(161,128): error TS2304: Cannot find name 'DynamicCopyUsage'.
src/core/BufferAttribute.js(161,145): error TS2304: Cannot find name 'StreamCopyUsage'.
src/core/BufferAttribute.js(204,8): error TS2540: Cannot assign to 'count' because it is a read-only property.
src/core/BufferAttribute.js(242,14): error TS2304: Cannot find name 'TypedArray'.
src/core/BufferAttribute.js(257,13): error TS2304: Cannot find name 'Matrix3'.
src/core/BufferAttribute.js(294,13): error TS2304: Cannot find name 'Matrix4'.
src/core/BufferAttribute.js(317,13): error TS2304: Cannot find name 'Matrix3'.
src/core/BufferAttribute.js(340,13): error TS2304: Cannot find name 'Matrix4'.
src/core/BufferAttribute.js(362,14): error TS2304: Cannot find name 'TypedArray'.
src/core/BufferAttribute.js(639,3): error TS2322: Type 'Function' is not assignable to type '() => void'.
  Type 'Function' provides no match for the signature '(): void'.
src/core/BufferAttribute.js(652,14): error TS2351: This expression is not constructable.
  Type 'Function' has no construct signatures.
src/core/BufferGeometry.js(119,44): error TS2304: Cannot find name 'InterleavedBufferAttribute'.
src/core/BufferGeometry.js(252,30): error TS2304: Cannot find name 'InterleavedBufferAttribute'.
src/core/BufferGeometry.js(265,29): error TS2304: Cannot find name 'InterleavedBufferAttribute'.
src/core/BufferGeometry.js(404,13): error TS2304: Cannot find name 'Quaternion'.
src/core/BufferGeometry.js(580,44): error TS2339: Property 'z' does not exist on type 'Vector2 | Vector3'.
  Property 'z' does not exist on type 'Vector2'.
src/core/BufferGeometry.js(593,58): error TS2339: Property 'z' does not exist on type 'Vector2 | Vector3'.
  Property 'z' does not exist on type 'Vector2'.
src/core/BufferGeometry.js(1217,13): error TS2339: Property 'parameters' does not exist on type 'BufferGeometry'.
src/core/BufferGeometry.js(1219,28): error TS2339: Property 'parameters' does not exist on type 'BufferGeometry'.
src/core/BufferGeometry.js(1317,14): error TS2351: This expression is not constructable.
  Type 'Function' has no construct signatures.
src/core/GLBufferAttribute.js(115,14): error TS2304: Cannot find name 'BufferAttribute'.
src/core/GLBufferAttribute.js(130,14): error TS2304: Cannot find name 'BufferAttribute'.
src/core/GLBufferAttribute.js(145,14): error TS2304: Cannot find name 'BufferAttribute'.
src/core/GLBufferAttribute.js(159,14): error TS2304: Cannot find name 'BufferAttribute'.
src/core/InstancedBufferAttribute.js(13,13): error TS2304: Cannot find name 'TypedArray'.
src/core/InstancedInterleavedBuffer.js(13,13): error TS2304: Cannot find name 'TypedArray'.
src/core/InstancedInterleavedBuffer.js(55,6): error TS2339: Property 'meshPerAttribute' does not exist on type 'InterleavedBuffer'.
src/core/InterleavedBuffer.js(15,13): error TS2304: Cannot find name 'TypedArray'.
src/core/InterleavedBuffer.js(32,13): error TS2304: Cannot find name 'TypedArray'.
src/core/InterleavedBuffer.js(57,30): error TS2304: Cannot find name 'DynamicDrawUsage'.
src/core/InterleavedBuffer.js(57,47): error TS2304: Cannot find name 'StreamDrawUsage'.
src/core/InterleavedBuffer.js(57,63): error TS2304: Cannot find name 'StaticReadUsage'.
src/core/InterleavedBuffer.js(57,79): error TS2304: Cannot find name 'DynamicReadUsage'.
src/core/InterleavedBuffer.js(57,96): error TS2304: Cannot find name 'StreamReadUsage'.
src/core/InterleavedBuffer.js(57,112): error TS2304: Cannot find name 'StaticCopyUsage'.
src/core/InterleavedBuffer.js(57,128): error TS2304: Cannot find name 'DynamicCopyUsage'.
src/core/InterleavedBuffer.js(57,145): error TS2304: Cannot find name 'StreamCopyUsage'.
src/core/InterleavedBuffer.js(110,30): error TS2304: Cannot find name 'DynamicDrawUsage'.
src/core/InterleavedBuffer.js(110,47): error TS2304: Cannot find name 'StreamDrawUsage'.
src/core/InterleavedBuffer.js(110,63): error TS2304: Cannot find name 'StaticReadUsage'.
src/core/InterleavedBuffer.js(110,79): error TS2304: Cannot find name 'DynamicReadUsage'.
src/core/InterleavedBuffer.js(110,96): error TS2304: Cannot find name 'StreamReadUsage'.
src/core/InterleavedBuffer.js(110,112): error TS2304: Cannot find name 'StaticCopyUsage'.
src/core/InterleavedBuffer.js(110,128): error TS2304: Cannot find name 'DynamicCopyUsage'.
src/core/InterleavedBuffer.js(110,145): error TS2304: Cannot find name 'StreamCopyUsage'.
src/core/InterleavedBuffer.js(151,8): error TS2540: Cannot assign to 'count' because it is a read-only property.
src/core/InterleavedBuffer.js(187,14): error TS2304: Cannot find name 'TypedArray'.
src/core/InterleavedBuffer.js(227,18): error TS2351: This expression is not constructable.
  Type 'Function' has no construct signatures.
src/core/InterleavedBuffer.js(244,3): error TS2322: Type 'Function' is not assignable to type '() => void'.
  Type 'Function' provides no match for the signature '(): void'.
src/core/InterleavedBufferAttribute.js(17,13): error TS2304: Cannot find name 'InterleavedBuffer'.
src/core/InterleavedBufferAttribute.js(43,13): error TS2304: Cannot find name 'InterleavedBuffer'.
src/core/InterleavedBufferAttribute.js(64,13): error TS2304: Cannot find name 'InterleavedBuffer'.
src/core/InterleavedBufferAttribute.js(85,12): error TS2304: Cannot find name 'TypedArray'.
src/core/InterleavedBufferAttribute.js(111,13): error TS2304: Cannot find name 'Matrix4'.
src/core/InterleavedBufferAttribute.js(134,13): error TS2304: Cannot find name 'Matrix3'.
src/core/InterleavedBufferAttribute.js(157,13): error TS2304: Cannot find name 'Matrix4'.
src/core/Object3D.js(167,4): error TS2322: Type 'Vector3' is not assignable to type 'PropertyDescriptor'.
  Types of property 'set' are incompatible.
    Type '(x: number, y: number, z: number) => Vector3' is not assignable to type '(v: any) => void'.
      Target signature provides too few arguments. Expected 3 or more, but got 1.
src/core/Object3D.js(168,5): error TS2353: Object literal may only specify known properties, and 'configurable' does not exist in type 'Vector3'.
src/core/Object3D.js(179,4): error TS2322: Type 'Euler' is not assignable to type 'PropertyDescriptor'.
  Types of property 'set' are incompatible.
    Type '(x: number, y: number, z: number, order?: string) => Euler' is not assignable to type '(v: any) => void'.
      Target signature provides too few arguments. Expected 3 or more, but got 1.
src/core/Object3D.js(180,5): error TS2353: Object literal may only specify known properties, and 'configurable' does not exist in type 'Euler'.
src/core/Object3D.js(190,4): error TS2322: Type 'Quaternion' is not assignable to type 'PropertyDescriptor'.
  Types of property 'set' are incompatible.
    Type '(x: number, y: number, z: number, w: number) => Quaternion' is not assignable to type '(v: any) => void'.
      Target signature provides too few arguments. Expected 4 or more, but got 1.
src/core/Object3D.js(191,5): error TS2353: Object literal may only specify known properties, and 'configurable' does not exist in type 'Quaternion'.
src/core/Object3D.js(202,4): error TS2322: Type 'Vector3' is not assignable to type 'PropertyDescriptor'.
  Types of property 'set' are incompatible.
    Type '(x: number, y: number, z: number) => Vector3' is not assignable to type '(v: any) => void'.
      Target signature provides too few arguments. Expected 3 or more, but got 1.
src/core/Object3D.js(203,5): error TS2353: Object literal may only specify known properties, and 'configurable' does not exist in type 'Vector3'.
src/core/Object3D.js(214,5): error TS2353: Object literal may only specify known properties, and 'value' does not exist in type 'Matrix4'.
src/core/Object3D.js(223,5): error TS2353: Object literal may only specify known properties, and 'value' does not exist in type 'Matrix3'.
src/core/Object3D.js(329,19): error TS2304: Cannot find name 'AnimationClip'.
src/core/Object3D.js(341,14): error TS2304: Cannot find name 'Material'.
src/core/Object3D.js(351,14): error TS2304: Cannot find name 'Material'.
src/core/Object3D.js(369,13): error TS2304: Cannot find name 'Renderer'.
src/core/Object3D.js(369,22): error TS2304: Cannot find name 'WebGLRenderer'.
src/core/Object3D.js(369,37): error TS8024: JSDoc '@param' tag has name 'renderer', but there is no parameter with that name.
src/core/Object3D.js(370,23): error TS8024: JSDoc '@param' tag has name 'object', but there is no parameter with that name.
src/core/Object3D.js(371,13): error TS2304: Cannot find name 'Camera'.
src/core/Object3D.js(371,21): error TS8024: JSDoc '@param' tag has name 'camera', but there is no parameter with that name.
src/core/Object3D.js(372,13): error TS2304: Cannot find name 'Camera'.
src/core/Object3D.js(372,21): error TS8024: JSDoc '@param' tag has name 'shadowCamera', but there is no parameter with that name.
src/core/Object3D.js(373,13): error TS2304: Cannot find name 'BufferGeometry'.
src/core/Object3D.js(373,29): error TS8024: JSDoc '@param' tag has name 'geometry', but there is no parameter with that name.
src/core/Object3D.js(374,13): error TS2304: Cannot find name 'Material'.
src/core/Object3D.js(374,23): error TS8024: JSDoc '@param' tag has name 'depthMaterial', but there is no parameter with that name.
src/core/Object3D.js(375,21): error TS8024: JSDoc '@param' tag has name 'group', but there is no parameter with that name.
src/core/Object3D.js(382,13): error TS2304: Cannot find name 'Renderer'.
src/core/Object3D.js(382,22): error TS2304: Cannot find name 'WebGLRenderer'.
src/core/Object3D.js(382,37): error TS8024: JSDoc '@param' tag has name 'renderer', but there is no parameter with that name.
src/core/Object3D.js(383,23): error TS8024: JSDoc '@param' tag has name 'object', but there is no parameter with that name.
src/core/Object3D.js(384,13): error TS2304: Cannot find name 'Camera'.
src/core/Object3D.js(384,21): error TS8024: JSDoc '@param' tag has name 'camera', but there is no parameter with that name.
src/core/Object3D.js(385,13): error TS2304: Cannot find name 'Camera'.
src/core/Object3D.js(385,21): error TS8024: JSDoc '@param' tag has name 'shadowCamera', but there is no parameter with that name.
src/core/Object3D.js(386,13): error TS2304: Cannot find name 'BufferGeometry'.
src/core/Object3D.js(386,29): error TS8024: JSDoc '@param' tag has name 'geometry', but there is no parameter with that name.
src/core/Object3D.js(387,13): error TS2304: Cannot find name 'Material'.
src/core/Object3D.js(387,23): error TS8024: JSDoc '@param' tag has name 'depthMaterial', but there is no parameter with that name.
src/core/Object3D.js(388,21): error TS8024: JSDoc '@param' tag has name 'group', but there is no parameter with that name.
src/core/Object3D.js(395,13): error TS2304: Cannot find name 'Renderer'.
src/core/Object3D.js(395,22): error TS2304: Cannot find name 'WebGLRenderer'.
src/core/Object3D.js(395,37): error TS8024: JSDoc '@param' tag has name 'renderer', but there is no parameter with that name.
src/core/Object3D.js(396,23): error TS8024: JSDoc '@param' tag has name 'object', but there is no parameter with that name.
src/core/Object3D.js(397,13): error TS2304: Cannot find name 'Camera'.
src/core/Object3D.js(397,21): error TS8024: JSDoc '@param' tag has name 'camera', but there is no parameter with that name.
src/core/Object3D.js(398,13): error TS2304: Cannot find name 'BufferGeometry'.
src/core/Object3D.js(398,29): error TS8024: JSDoc '@param' tag has name 'geometry', but there is no parameter with that name.
src/core/Object3D.js(399,13): error TS2304: Cannot find name 'Material'.
src/core/Object3D.js(399,23): error TS8024: JSDoc '@param' tag has name 'material', but there is no parameter with that name.
src/core/Object3D.js(400,21): error TS8024: JSDoc '@param' tag has name 'group', but there is no parameter with that name.
src/core/Object3D.js(407,13): error TS2304: Cannot find name 'Renderer'.
src/core/Object3D.js(407,22): error TS2304: Cannot find name 'WebGLRenderer'.
src/core/Object3D.js(407,37): error TS8024: JSDoc '@param' tag has name 'renderer', but there is no parameter with that name.
src/core/Object3D.js(408,23): error TS8024: JSDoc '@param' tag has name 'object', but there is no parameter with that name.
src/core/Object3D.js(409,13): error TS2304: Cannot find name 'Camera'.
src/core/Object3D.js(409,21): error TS8024: JSDoc '@param' tag has name 'camera', but there is no parameter with that name.
src/core/Object3D.js(410,13): error TS2304: Cannot find name 'BufferGeometry'.
src/core/Object3D.js(410,29): error TS8024: JSDoc '@param' tag has name 'geometry', but there is no parameter with that name.
src/core/Object3D.js(411,13): error TS2304: Cannot find name 'Material'.
src/core/Object3D.js(411,23): error TS8024: JSDoc '@param' tag has name 'material', but there is no parameter with that name.
src/core/Object3D.js(412,21): error TS8024: JSDoc '@param' tag has name 'group', but there is no parameter with that name.
src/core/Object3D.js(428,31): error TS2339: Property 'position' does not exist on type 'Object3D'.
src/core/Object3D.js(428,46): error TS2339: Property 'quaternion' does not exist on type 'Object3D'.
src/core/Object3D.js(428,63): error TS2339: Property 'scale' does not exist on type 'Object3D'.
src/core/Object3D.js(440,8): error TS2339: Property 'quaternion' does not exist on type 'Object3D'.
src/core/Object3D.js(456,8): error TS2339: Property 'quaternion' does not exist on type 'Object3D'.
src/core/Object3D.js(467,8): error TS2339: Property 'quaternion' does not exist on type 'Object3D'.
src/core/Object3D.js(481,8): error TS2339: Property 'quaternion' does not exist on type 'Object3D'.
src/core/Object3D.js(494,8): error TS2339: Property 'quaternion' does not exist on type 'Object3D'.
src/core/Object3D.js(512,8): error TS2339: Property 'quaternion' does not exist on type 'Object3D'.
src/core/Object3D.js(533,8): error TS2339: Property 'quaternion' does not exist on type 'Object3D'.
src/core/Object3D.js(587,42): error TS2339: Property 'quaternion' does not exist on type 'Object3D'.
src/core/Object3D.js(589,8): error TS2339: Property 'position' does not exist on type 'Object3D'.
src/core/Object3D.js(672,10): error TS2339: Property 'isVector3' does not exist on type 'number | Vector3'.
  Property 'isVector3' does not exist on type 'number'.
src/core/Object3D.js(674,18): error TS2345: Argument of type 'number | Vector3' is not assignable to parameter of type 'Vector3'.
  Type 'number' is not assignable to type 'Vector3'.
src/core/Object3D.js(678,17): error TS2345: Argument of type 'number | Vector3' is not assignable to parameter of type 'number'.
  Type 'Vector3' is not assignable to type 'number'.
src/core/Object3D.js(688,13): error TS2339: Property 'isCamera' does not exist on type 'Object3D'.
src/core/Object3D.js(688,30): error TS2339: Property 'isLight' does not exist on type 'Object3D'.
src/core/Object3D.js(698,8): error TS2339: Property 'quaternion' does not exist on type 'Object3D'.
src/core/Object3D.js(704,9): error TS2339: Property 'quaternion' does not exist on type 'Object3D'.
src/core/Object3D.js(835,23): error TS2556: A spread argument must either have a tuple type or be passed to a rest parameter.
src/core/Object3D.js(1032,13): error TS2304: Cannot find name 'Raycaster'.
src/core/Object3D.js(1032,24): error TS8024: JSDoc '@param' tag has name 'raycaster', but there is no parameter with that name.
src/core/Object3D.js(1033,28): error TS8024: JSDoc '@param' tag has name 'intersects', but there is no parameter with that name.
src/core/Object3D.js(1109,29): error TS2339: Property 'position' does not exist on type 'Object3D'.
src/core/Object3D.js(1109,44): error TS2339: Property 'quaternion' does not exist on type 'Object3D'.
src/core/Object3D.js(1109,61): error TS2339: Property 'scale' does not exist on type 'Object3D'.
src/core/Object3D.js(1279,13): error TS2339: Property 'isInstancedMesh' does not exist on type 'Object3D'.
src/core/Object3D.js(1282,24): error TS2339: Property 'count' does not exist on type 'Object3D'.
src/core/Object3D.js(1283,33): error TS2339: Property 'instanceMatrix' does not exist on type 'Object3D'.
src/core/Object3D.js(1284,14): error TS2339: Property 'instanceColor' does not exist on type 'Object3D'.
src/core/Object3D.js(1284,67): error TS2339: Property 'instanceColor' does not exist on type 'Object3D'.
src/core/Object3D.js(1288,13): error TS2339: Property 'isBatchedMesh' does not exist on type 'Object3D'.
src/core/Object3D.js(1291,41): error TS2339: Property 'perObjectFrustumCulled' does not exist on type 'Object3D'.
src/core/Object3D.js(1292,30): error TS2339: Property 'sortObjects' does not exist on type 'Object3D'.
src/core/Object3D.js(1294,29): error TS2339: Property '_drawRanges' does not exist on type 'Object3D'.
src/core/Object3D.js(1295,33): error TS2339: Property '_reservedRanges' does not exist on type 'Object3D'.
src/core/Object3D.js(1297,31): error TS2339: Property '_geometryInfo' does not exist on type 'Object3D'.
src/core/Object3D.js(1302,31): error TS2339: Property '_instanceInfo' does not exist on type 'Object3D'.
src/core/Object3D.js(1304,39): error TS2339: Property '_availableInstanceIds' does not exist on type 'Object3D'.
src/core/Object3D.js(1305,39): error TS2339: Property '_availableGeometryIds' does not exist on type 'Object3D'.
src/core/Object3D.js(1307,33): error TS2339: Property '_nextIndexStart' does not exist on type 'Object3D'.
src/core/Object3D.js(1308,34): error TS2339: Property '_nextVertexStart' does not exist on type 'Object3D'.
src/core/Object3D.js(1309,32): error TS2339: Property '_geometryCount' does not exist on type 'Object3D'.
src/core/Object3D.js(1311,35): error TS2339: Property '_maxInstanceCount' does not exist on type 'Object3D'.
src/core/Object3D.js(1312,33): error TS2339: Property '_maxVertexCount' does not exist on type 'Object3D'.
src/core/Object3D.js(1313,32): error TS2339: Property '_maxIndexCount' does not exist on type 'Object3D'.
src/core/Object3D.js(1315,38): error TS2339: Property '_geometryInitialized' does not exist on type 'Object3D'.
src/core/Object3D.js(1317,34): error TS2339: Property '_matricesTexture' does not exist on type 'Object3D'.
src/core/Object3D.js(1319,34): error TS2339: Property '_indirectTexture' does not exist on type 'Object3D'.
src/core/Object3D.js(1321,14): error TS2339: Property '_colorsTexture' does not exist on type 'Object3D'.
src/core/Object3D.js(1323,33): error TS2339: Property '_colorsTexture' does not exist on type 'Object3D'.
src/core/Object3D.js(1327,14): error TS2339: Property 'boundingSphere' does not exist on type 'Object3D'.
src/core/Object3D.js(1329,34): error TS2339: Property 'boundingSphere' does not exist on type 'Object3D'.
src/core/Object3D.js(1333,14): error TS2339: Property 'boundingBox' does not exist on type 'Object3D'.
src/core/Object3D.js(1335,31): error TS2339: Property 'boundingBox' does not exist on type 'Object3D'.
src/core/Object3D.js(1355,13): error TS2339: Property 'isScene' does not exist on type 'Object3D'.
src/core/Object3D.js(1357,14): error TS2339: Property 'background' does not exist on type 'Object3D'.
src/core/Object3D.js(1359,15): error TS2339: Property 'background' does not exist on type 'Object3D'.
src/core/Object3D.js(1361,31): error TS2339: Property 'background' does not exist on type 'Object3D'.
src/core/Object3D.js(1363,22): error TS2339: Property 'background' does not exist on type 'Object3D'.
src/core/Object3D.js(1365,31): error TS2339: Property 'background' does not exist on type 'Object3D'.
src/core/Object3D.js(1371,14): error TS2339: Property 'environment' does not exist on type 'Object3D'.
src/core/Object3D.js(1371,34): error TS2339: Property 'environment' does not exist on type 'Object3D'.
src/core/Object3D.js(1371,64): error TS2339: Property 'environment' does not exist on type 'Object3D'.
src/core/Object3D.js(1373,31): error TS2339: Property 'environment' does not exist on type 'Object3D'.
src/core/Object3D.js(1377,20): error TS2339: Property 'isMesh' does not exist on type 'Object3D'.
src/core/Object3D.js(1377,35): error TS2339: Property 'isLine' does not exist on type 'Object3D'.
src/core/Object3D.js(1377,50): error TS2339: Property 'isPoints' does not exist on type 'Object3D'.
src/core/Object3D.js(1379,55): error TS2339: Property 'geometry' does not exist on type 'Object3D'.
src/core/Object3D.js(1381,28): error TS2339: Property 'geometry' does not exist on type 'Object3D'.
src/core/Object3D.js(1407,13): error TS2339: Property 'isSkinnedMesh' does not exist on type 'Object3D'.
src/core/Object3D.js(1409,27): error TS2339: Property 'bindMode' does not exist on type 'Object3D'.
src/core/Object3D.js(1410,29): error TS2339: Property 'bindMatrix' does not exist on type 'Object3D'.
src/core/Object3D.js(1412,14): error TS2339: Property 'skeleton' does not exist on type 'Object3D'.
src/core/Object3D.js(1414,37): error TS2339: Property 'skeleton' does not exist on type 'Object3D'.
src/core/Object3D.js(1416,28): error TS2339: Property 'skeleton' does not exist on type 'Object3D'.
src/core/Object3D.js(1422,13): error TS2339: Property 'material' does not exist on type 'Object3D'.
src/core/Object3D.js(1424,29): error TS2339: Property 'material' does not exist on type 'Object3D'.
src/core/Object3D.js(1428,31): error TS2339: Property 'material' does not exist on type 'Object3D'.
src/core/Object3D.js(1430,50): error TS2339: Property 'material' does not exist on type 'Object3D'.
src/core/Object3D.js(1438,55): error TS2339: Property 'material' does not exist on type 'Object3D'.
src/core/Object3D.js(1528,14): error TS2351: This expression is not constructable.
  Type 'Function' has no construct signatures.
src/core/Object3D.js(1545,8): error TS2339: Property 'position' does not exist on type 'Object3D'.
src/core/Object3D.js(1545,30): error TS2339: Property 'position' does not exist on type 'Object3D'.
src/core/Object3D.js(1546,8): error TS2339: Property 'rotation' does not exist on type 'Object3D'.
src/core/Object3D.js(1546,32): error TS2339: Property 'rotation' does not exist on type 'Object3D'.
src/core/Object3D.js(1547,8): error TS2339: Property 'quaternion' does not exist on type 'Object3D'.
src/core/Object3D.js(1547,32): error TS2339: Property 'quaternion' does not exist on type 'Object3D'.
src/core/Object3D.js(1548,8): error TS2339: Property 'scale' does not exist on type 'Object3D'.
src/core/Object3D.js(1548,27): error TS2339: Property 'scale' does not exist on type 'Object3D'.
src/core/Raycaster.js(12,7): error TS2300: Duplicate identifier 'Raycaster'.
src/core/Raycaster.js(17,13): error TS2304: Cannot find name 'Vector3'.
src/core/Raycaster.js(18,13): error TS2304: Cannot find name 'Vector3'.
src/core/Raycaster.js(52,14): error TS2304: Cannot find name 'Camera'.
src/core/Raycaster.js(100,13): error TS2304: Cannot find name 'Vector3'.
src/core/Raycaster.js(101,13): error TS2304: Cannot find name 'Vector3'.
src/core/Raycaster.js(114,13): error TS2304: Cannot find name 'Vector2'.
src/core/Raycaster.js(116,13): error TS2304: Cannot find name 'Camera'.
src/core/Raycaster.js(143,13): error TS2304: Cannot find name 'WebXRController'.
src/core/Raycaster.js(159,23): error TS2300: Duplicate identifier 'Raycaster'.
src/core/Raycaster.js(163,16): error TS2304: Cannot find name 'Vector3'.
src/core/Raycaster.js(166,16): error TS2304: Cannot find name 'Object3D'.
src/core/Raycaster.js(167,16): error TS2304: Cannot find name 'Vector2'.
src/core/Raycaster.js(168,16): error TS2304: Cannot find name 'Vector2'.
src/core/Raycaster.js(169,16): error TS2304: Cannot find name 'Vector3'.
src/core/Raycaster.js(187,13): error TS2304: Cannot find name 'Object3D'.
src/core/Raycaster.js(190,28): error TS8024: JSDoc '@param' tag has name '', but there is no parameter with that name.
src/core/Raycaster.js(190,28): error TS1005: '>' expected.
src/core/Raycaster.js(191,29): error TS1005: '>' expected.
src/core/Raycaster.js(207,19): error TS2304: Cannot find name 'Object3D'.
src/core/Raycaster.js(210,28): error TS8024: JSDoc '@param' tag has name '', but there is no parameter with that name.
src/core/Raycaster.js(210,28): error TS1005: '>' expected.
src/core/Raycaster.js(211,29): error TS1005: '>' expected.
src/core/RenderTarget.js(15,7): error TS2300: Duplicate identifier 'RenderTarget'.
src/core/RenderTarget.js(20,23): error TS2300: Duplicate identifier 'RenderTarget'.
src/core/RenderTarget.js(47,25): error TS8024: JSDoc '@param' tag has name '', but there is no parameter with that name.
src/core/RenderTarget.js(47,25): error TS1005: '}' expected.
src/core/RenderTarget.js(143,23): error TS2540: Cannot assign to 'isRenderTargetTexture' because it is a read-only property.
src/core/RenderTarget.js(268,13): error TS2304: Cannot find name 'DepthTexture'.
src/core/RenderTarget.js(297,24): error TS2540: Cannot assign to 'isArrayTexture' because it is a read-only property.
src/core/RenderTarget.js(317,14): error TS2351: This expression is not constructable.
  Type 'Function' has no construct signatures.
src/core/RenderTarget.js(345,23): error TS2540: Cannot assign to 'isRenderTargetTexture' because it is a read-only property.
src/core/RenderTarget3D.js(17,25): error TS8024: JSDoc '@param' tag has name '', but there is no parameter with that name.
src/core/RenderTarget3D.js(17,25): error TS1005: '}' expected.
src/core/RenderTarget3D.js(42,16): error TS2540: Cannot assign to 'isRenderTargetTexture' because it is a read-only property.
src/core/UniformsGroup.js(52,30): error TS2304: Cannot find name 'DynamicDrawUsage'.
src/core/UniformsGroup.js(52,47): error TS2304: Cannot find name 'StreamDrawUsage'.
src/core/UniformsGroup.js(52,63): error TS2304: Cannot find name 'StaticReadUsage'.
src/core/UniformsGroup.js(52,79): error TS2304: Cannot find name 'DynamicReadUsage'.
src/core/UniformsGroup.js(52,96): error TS2304: Cannot find name 'StreamReadUsage'.
src/core/UniformsGroup.js(52,112): error TS2304: Cannot find name 'StaticCopyUsage'.
src/core/UniformsGroup.js(52,128): error TS2304: Cannot find name 'DynamicCopyUsage'.
src/core/UniformsGroup.js(52,145): error TS2304: Cannot find name 'StreamCopyUsage'.
src/core/UniformsGroup.js(60,19): error TS2304: Cannot find name 'Uniform'.
src/core/UniformsGroup.js(69,13): error TS2304: Cannot find name 'Uniform'.
src/core/UniformsGroup.js(83,13): error TS2304: Cannot find name 'Uniform'.
src/core/UniformsGroup.js(113,30): error TS2304: Cannot find name 'DynamicDrawUsage'.
src/core/UniformsGroup.js(113,47): error TS2304: Cannot find name 'StreamDrawUsage'.
src/core/UniformsGroup.js(113,63): error TS2304: Cannot find name 'StaticReadUsage'.
src/core/UniformsGroup.js(113,79): error TS2304: Cannot find name 'DynamicReadUsage'.
src/core/UniformsGroup.js(113,96): error TS2304: Cannot find name 'StreamReadUsage'.
src/core/UniformsGroup.js(113,112): error TS2304: Cannot find name 'StaticCopyUsage'.
src/core/UniformsGroup.js(113,128): error TS2304: Cannot find name 'DynamicCopyUsage'.
src/core/UniformsGroup.js(113,145): error TS2304: Cannot find name 'StreamCopyUsage'.
src/core/UniformsGroup.js(174,14): error TS2351: This expression is not constructable.
  Type 'Function' has no construct signatures.
src/extras/Controls.js(14,13): error TS2304: Cannot find name 'Object3D'.
src/extras/Controls.js(15,14): error TS2304: Cannot find name 'HTMLDOMElement'.
src/extras/Controls.js(24,13): error TS2304: Cannot find name 'Object3D'.
src/extras/Controls.js(31,14): error TS2304: Cannot find name 'HTMLDOMElement'.
src/extras/Controls.js(81,13): error TS2304: Cannot find name 'HTMLDOMElement'.
src/extras/Controls.js(113,22): error TS8024: JSDoc '@param' tag has name 'delta', but there is no parameter with that name.
src/extras/core/Curve.js(63,21): error TS8024: JSDoc '@param' tag has name 't', but there is no parameter with that name.
src/extras/core/Curve.js(64,33): error TS8024: JSDoc '@param' tag has name 'optionalTarget', but there is no parameter with that name.
src/extras/core/Curve.js(65,14): error TS2355: A function whose declared type is neither 'undefined', 'void', nor 'any' must return a value.
src/extras/core/Curve.js(85,25): error TS2554: Expected 0 arguments, but got 2.
src/extras/core/Curve.js(102,32): error TS2554: Expected 0 arguments, but got 1.
src/extras/core/Curve.js(165,38): error TS2554: Expected 0 arguments, but got 1.
src/extras/core/Curve.js(172,29): error TS2554: Expected 0 arguments, but got 1.
src/extras/core/Curve.js(173,31): error TS2345: Argument of type 'Vector2 | Vector3' is not assignable to parameter of type 'Vector3 & Vector2'.
  Type 'Vector2' is not assignable to type 'Vector3 & Vector2'.
    Type 'Vector2' is missing the following properties from type 'Vector3': z, setZ, multiplyVectors, applyEuler, and 22 more.
src/extras/core/Curve.js(303,30): error TS2554: Expected 0 arguments, but got 1.
src/extras/core/Curve.js(304,30): error TS2554: Expected 0 arguments, but got 1.
src/extras/core/Curve.js(306,45): error TS2339: Property 'isVector2' does not exist on type 'Vector2 | Vector3'.
  Property 'isVector2' does not exist on type 'Vector2'.
src/extras/core/Curve.js(308,17): error TS2345: Argument of type 'Vector2 | Vector3' is not assignable to parameter of type 'Vector3 & Vector2'.
  Type 'Vector2' is not assignable to type 'Vector3 & Vector2'.
    Type 'Vector2' is missing the following properties from type 'Vector3': z, setZ, multiplyVectors, applyEuler, and 22 more.
src/extras/core/Curve.js(308,28): error TS2345: Argument of type 'Vector2 | Vector3' is not assignable to parameter of type 'Vector3 & Vector2'.
  Type 'Vector2' is not assignable to type 'Vector3 & Vector2'.
    Type 'Vector2' is missing the following properties from type 'Vector3': z, setZ, multiplyVectors, applyEuler, and 22 more.
src/extras/core/Curve.js(368,38): error TS2339: Property 'z' does not exist on type 'Vector2 | Vector3'.
  Property 'z' does not exist on type 'Vector2'.
src/extras/core/Curve.js(390,21): error TS2345: Argument of type 'Vector2 | Vector3' is not assignable to parameter of type 'Vector3'.
  Type 'Vector2' is missing the following properties from type 'Vector3': z, setZ, multiplyVectors, applyEuler, and 22 more.
src/extras/core/Curve.js(392,30): error TS2345: Argument of type 'Vector2 | Vector3' is not assignable to parameter of type 'Vector3'.
  Type 'Vector2' is missing the following properties from type 'Vector3': z, setZ, multiplyVectors, applyEuler, and 22 more.
src/extras/core/Curve.js(393,32): error TS2345: Argument of type 'Vector2 | Vector3' is not assignable to parameter of type 'Vector3'.
  Type 'Vector2' is missing the following properties from type 'Vector3': z, setZ, multiplyVectors, applyEuler, and 22 more.
src/extras/core/Curve.js(404,22): error TS2345: Argument of type 'Vector2 | Vector3' is not assignable to parameter of type 'Vector3'.
  Type 'Vector2' is missing the following properties from type 'Vector3': z, setZ, multiplyVectors, applyEuler, and 22 more.
src/extras/core/Curve.js(410,60): error TS2345: Argument of type 'Vector2 | Vector3' is not assignable to parameter of type 'Vector2 & Vector3'.
  Type 'Vector2' is not assignable to type 'Vector2 & Vector3'.
    Type 'Vector2' is missing the following properties from type 'Vector3': z, setZ, multiplyVectors, applyEuler, and 22 more.
src/extras/core/Curve.js(416,33): error TS2345: Argument of type 'Vector2 | Vector3' is not assignable to parameter of type 'Vector3'.
  Type 'Vector2' is missing the following properties from type 'Vector3': z, setZ, multiplyVectors, applyEuler, and 22 more.
src/extras/core/Curve.js(427,28): error TS2345: Argument of type 'Vector3' is not assignable to parameter of type 'Vector2 & Vector3'.
  Type 'Vector3' is missing the following properties from type 'Vector2': width, height, angle, rotateAround
src/extras/core/Curve.js(436,54): error TS2345: Argument of type 'Vector2 | Vector3' is not assignable to parameter of type 'Vector3'.
  Type 'Vector2' is missing the following properties from type 'Vector3': z, setZ, multiplyVectors, applyEuler, and 22 more.
src/extras/core/Curve.js(437,34): error TS2345: Argument of type 'Vector2 | Vector3' is not assignable to parameter of type 'Vector3'.
  Type 'Vector2' is missing the following properties from type 'Vector3': z, setZ, multiplyVectors, applyEuler, and 22 more.
src/extras/core/Curve.js(444,4): error TS2322: Type '(Vector2 | Vector3)[]' is not assignable to type 'Vector3[]'.
  Type 'Vector2 | Vector3' is not assignable to type 'Vector3'.
    Type 'Vector2' is missing the following properties from type 'Vector3': z, setZ, multiplyVectors, applyEuler, and 22 more.
src/extras/core/Curve.js(458,14): error TS2351: This expression is not constructable.
  Type 'Function' has no construct signatures.
src/extras/core/CurvePath.js(59,49): error TS2554: Expected 0 arguments, but got 1.
src/extras/core/CurvePath.js(60,68): error TS2554: Expected 0 arguments, but got 1.
src/extras/core/CurvePath.js(62,29): error TS2345: Argument of type 'Vector2 | Vector3' is not assignable to parameter of type 'Vector3 & Vector2'.
  Type 'Vector2' is not assignable to type 'Vector3 & Vector2'.
    Type 'Vector2' is missing the following properties from type 'Vector3': z, setZ, multiplyVectors, applyEuler, and 22 more.
src/extras/core/CurvePath.js(64,34): error TS2339: Property 'isVector2' does not exist on type 'Vector2 | Vector3'.
  Property 'isVector2' does not exist on type 'Vector2'.
src/extras/core/CurvePath.js(65,22): error TS2345: Argument of type 'LineCurve | LineCurve3' is not assignable to parameter of type 'Curve'.
  Type 'LineCurve' is not assignable to type 'Curve'.
    Types of property 'getPoint' are incompatible.
      Type '(t: number, optionalTarget?: Vector2) => Vector2' is not assignable to type '() => Vector2 | Vector3'.
        Target signature provides too few arguments. Expected 1 or more, but got 0.
src/extras/core/CurvePath.js(65,46): error TS2345: Argument of type 'Vector2 | Vector3' is not assignable to parameter of type 'Vector2 & Vector3'.
  Type 'Vector2' is not assignable to type 'Vector2 & Vector3'.
    Type 'Vector2' is missing the following properties from type 'Vector3': z, setZ, multiplyVectors, applyEuler, and 22 more.
src/extras/core/CurvePath.js(78,14): error TS2304: Cannot find name 'Vector2'.
src/extras/core/CurvePath.js(78,22): error TS2304: Cannot find name 'Vector3'.
src/extras/core/CurvePath.js(79,16): error TS2304: Cannot find name 'Vector2'.
src/extras/core/CurvePath.js(79,24): error TS2304: Cannot find name 'Vector3'.
src/extras/core/CurvePath.js(81,2): error TS2416: Property 'getPoint' in type 'CurvePath' is not assignable to the same property in base type 'Curve'.
  Type '(t: number, optionalTarget?: any) => any' is not assignable to type '() => Vector2 | Vector3'.
    Target signature provides too few arguments. Expected 1 or more, but got 0.
src/extras/core/CurvePath.js(207,29): error TS2339: Property 'isEllipseCurve' does not exist on type 'Curve'.
src/extras/core/CurvePath.js(208,15): error TS2339: Property 'isLineCurve' does not exist on type 'Curve'.
src/extras/core/CurvePath.js(208,36): error TS2339: Property 'isLineCurve3' does not exist on type 'Curve'.
src/extras/core/CurvePath.js(209,14): error TS2339: Property 'isSplineCurve' does not exist on type 'Curve'.
src/extras/core/CurvePath.js(209,48): error TS2339: Property 'points' does not exist on type 'Curve'.
src/extras/core/CurvePath.js(218,31): error TS2345: Argument of type 'Vector2 | Vector3' is not assignable to parameter of type 'Vector3 & Vector2'.
  Type 'Vector2' is not assignable to type 'Vector3 & Vector2'.
    Type 'Vector2' is missing the following properties from type 'Vector3': z, setZ, multiplyVectors, applyEuler, and 22 more.
src/extras/core/CurvePath.js(227,85): error TS2345: Argument of type 'Vector2 | Vector3' is not assignable to parameter of type 'Vector3 & Vector2'.
  Type 'Vector2' is not assignable to type 'Vector3 & Vector2'.
    Type 'Vector2' is missing the following properties from type 'Vector3': z, setZ, multiplyVectors, applyEuler, and 22 more.
src/extras/core/CurvePath.js(237,2): error TS2416: Property 'copy' in type 'CurvePath' is not assignable to the same property in base type 'Curve'.
  Type '(source: any) => this' is not assignable to type '(source: Curve) => Curve'.
    Type 'this' is not assignable to type 'Curve'.
      Type 'CurvePath' is not assignable to type 'Curve'.
        Types of property 'getPoint' are incompatible.
          Type '(t: number, optionalTarget?: any) => any' is not assignable to type '() => Vector2 | Vector3'.
            Target signature provides too few arguments. Expected 1 or more, but got 0.
src/extras/core/CurvePath.js(275,2): error TS2416: Property 'fromJSON' in type 'CurvePath' is not assignable to the same property in base type 'Curve'.
  Type '(json: any) => this' is not assignable to type '(json: any) => Curve'.
    Type 'this' is not assignable to type 'Curve'.
      Type 'CurvePath' is not assignable to type 'Curve'.
        Types of property 'getPoint' are incompatible.
          Type '(t: number, optionalTarget?: any) => any' is not assignable to type '() => Vector2 | Vector3'.
            Target signature provides too few arguments. Expected 1 or more, but got 0.
src/extras/core/Path.js(106,21): error TS2345: Argument of type 'LineCurve' is not assignable to parameter of type 'Curve'.
  Types of property 'getPoint' are incompatible.
    Type '(t: number, optionalTarget?: Vector2) => Vector2' is not assignable to type '() => Vector2 | Vector3'.
      Target signature provides too few arguments. Expected 1 or more, but got 0.
src/extras/core/Path.js(132,21): error TS2345: Argument of type 'QuadraticBezierCurve' is not assignable to parameter of type 'Curve'.
  Types of property 'getPoint' are incompatible.
    Type '(t: number, optionalTarget?: Vector2) => Vector2' is not assignable to type '() => Vector2 | Vector3'.
      Target signature provides too few arguments. Expected 1 or more, but got 0.
src/extras/core/Path.js(161,21): error TS2345: Argument of type 'CubicBezierCurve' is not assignable to parameter of type 'Curve'.
  Types of property 'getPoint' are incompatible.
    Type '(t: number, optionalTarget?: Vector2) => Vector2' is not assignable to type '() => Vector2 | Vector3'.
      Target signature provides too few arguments. Expected 1 or more, but got 0.
src/extras/core/Path.js(181,21): error TS2345: Argument of type 'SplineCurve' is not assignable to parameter of type 'Curve'.
  Types of property 'getPoint' are incompatible.
    Type '(t: number, optionalTarget?: Vector2) => Vector2' is not assignable to type '() => Vector2 | Vector3'.
      Target signature provides too few arguments. Expected 1 or more, but got 0.
src/extras/core/Path.js(287,21): error TS2345: Argument of type 'EllipseCurve' is not assignable to parameter of type 'Curve'.
  Types of property 'getPoint' are incompatible.
    Type '(t: number, optionalTarget?: Vector2) => Vector2' is not assignable to type '() => Vector2 | Vector3'.
      Target signature provides too few arguments. Expected 1 or more, but got 0.
src/extras/core/Shape.js(40,19): error TS2304: Cannot find name 'Vector2'.
src/extras/core/Shape.js(72,26): error TS2304: Cannot find name 'Vector2'.
src/extras/core/Shape.js(95,27): error TS2304: Cannot find name 'Vector2'.
src/extras/core/Shape.js(95,54): error TS2304: Cannot find name 'Vector2'.
src/extras/core/Shape.js(112,8): error TS2540: Cannot assign to 'holes' because it is a read-only property.
src/extras/core/Shape.js(148,8): error TS2540: Cannot assign to 'uuid' because it is a read-only property.
src/extras/core/Shape.js(149,8): error TS2540: Cannot assign to 'holes' because it is a read-only property.
src/extras/core/ShapePath.js(119,19): error TS2304: Cannot find name 'Vector2'.
src/extras/core/ShapePath.js(352,26): error TS2532: Object is possibly 'undefined'.
src/extras/curves/CatmullRomCurve3.js(81,26): error TS2350: Only a void function can be called with the 'new' keyword.
src/extras/curves/CatmullRomCurve3.js(82,26): error TS2350: Only a void function can be called with the 'new' keyword.
src/extras/curves/CatmullRomCurve3.js(83,26): error TS2350: Only a void function can be called with the 'new' keyword.
src/extras/curves/CatmullRomCurve3.js(174,2): error TS2416: Property 'getPoint' in type 'CatmullRomCurve3' is not assignable to the same property in base type 'Curve'.
  Type '(t: number, optionalTarget?: Vector3) => Vector3' is not assignable to type '() => Vector2 | Vector3'.
    Target signature provides too few arguments. Expected 1 or more, but got 0.
src/extras/curves/CatmullRomCurve3.js(260,2): error TS2416: Property 'copy' in type 'CatmullRomCurve3' is not assignable to the same property in base type 'Curve'.
  Type '(source: any) => this' is not assignable to type '(source: Curve) => Curve'.
    Type 'this' is not assignable to type 'Curve'.
      Type 'CatmullRomCurve3' is not assignable to type 'Curve'.
        Types of property 'getPoint' are incompatible.
          Type '(t: number, optionalTarget?: Vector3) => Vector3' is not assignable to type '() => Vector2 | Vector3'.
            Target signature provides too few arguments. Expected 1 or more, but got 0.
src/extras/curves/CatmullRomCurve3.js(303,2): error TS2416: Property 'fromJSON' in type 'CatmullRomCurve3' is not assignable to the same property in base type 'Curve'.
  Type '(json: any) => this' is not assignable to type '(json: any) => Curve'.
    Type 'this' is not assignable to type 'Curve'.
      Type 'CatmullRomCurve3' is not assignable to type 'Curve'.
        Types of property 'getPoint' are incompatible.
          Type '(t: number, optionalTarget?: Vector3) => Vector3' is not assignable to type '() => Vector2 | Vector3'.
            Target signature provides too few arguments. Expected 1 or more, but got 0.
src/extras/curves/CubicBezierCurve.js(89,2): error TS2416: Property 'getPoint' in type 'CubicBezierCurve' is not assignable to the same property in base type 'Curve'.
  Type '(t: number, optionalTarget?: Vector2) => Vector2' is not assignable to type '() => Vector2 | Vector3'.
    Target signature provides too few arguments. Expected 1 or more, but got 0.
src/extras/curves/CubicBezierCurve.js(104,2): error TS2416: Property 'copy' in type 'CubicBezierCurve' is not assignable to the same property in base type 'Curve'.
  Type '(source: any) => this' is not assignable to type '(source: Curve) => Curve'.
    Type 'this' is not assignable to type 'Curve'.
      Type 'CubicBezierCurve' is not assignable to type 'Curve'.
        Types of property 'getPoint' are incompatible.
          Type '(t: number, optionalTarget?: Vector2) => Vector2' is not assignable to type '() => Vector2 | Vector3'.
            Target signature provides too few arguments. Expected 1 or more, but got 0.
src/extras/curves/CubicBezierCurve.js(130,2): error TS2416: Property 'fromJSON' in type 'CubicBezierCurve' is not assignable to the same property in base type 'Curve'.
  Type '(json: any) => this' is not assignable to type '(json: any) => Curve'.
    Type 'this' is not assignable to type 'Curve'.
      Type 'CubicBezierCurve' is not assignable to type 'Curve'.
        Types of property 'getPoint' are incompatible.
          Type '(t: number, optionalTarget?: Vector2) => Vector2' is not assignable to type '() => Vector2 | Vector3'.
            Target signature provides too few arguments. Expected 1 or more, but got 0.
src/extras/curves/CubicBezierCurve3.js(72,2): error TS2416: Property 'getPoint' in type 'CubicBezierCurve3' is not assignable to the same property in base type 'Curve'.
  Type '(t: number, optionalTarget?: Vector3) => Vector3' is not assignable to type '() => Vector2 | Vector3'.
    Target signature provides too few arguments. Expected 1 or more, but got 0.
src/extras/curves/CubicBezierCurve3.js(88,2): error TS2416: Property 'copy' in type 'CubicBezierCurve3' is not assignable to the same property in base type 'Curve'.
  Type '(source: any) => this' is not assignable to type '(source: Curve) => Curve'.
    Type 'this' is not assignable to type 'Curve'.
      Type 'CubicBezierCurve3' is not assignable to type 'Curve'.
        Types of property 'getPoint' are incompatible.
          Type '(t: number, optionalTarget?: Vector3) => Vector3' is not assignable to type '() => Vector2 | Vector3'.
            Target signature provides too few arguments. Expected 1 or more, but got 0.
src/extras/curves/CubicBezierCurve3.js(114,2): error TS2416: Property 'fromJSON' in type 'CubicBezierCurve3' is not assignable to the same property in base type 'Curve'.
  Type '(json: any) => this' is not assignable to type '(json: any) => Curve'.
    Type 'this' is not assignable to type 'Curve'.
      Type 'CubicBezierCurve3' is not assignable to type 'Curve'.
        Types of property 'getPoint' are incompatible.
          Type '(t: number, optionalTarget?: Vector3) => Vector3' is not assignable to type '() => Vector2 | Vector3'.
            Target signature provides too few arguments. Expected 1 or more, but got 0.
src/extras/curves/EllipseCurve.js(131,2): error TS2416: Property 'getPoint' in type 'EllipseCurve' is not assignable to the same property in base type 'Curve'.
  Type '(t: number, optionalTarget?: Vector2) => Vector2' is not assignable to type '() => Vector2 | Vector3'.
    Target signature provides too few arguments. Expected 1 or more, but got 0.
src/extras/curves/EllipseCurve.js(193,2): error TS2416: Property 'copy' in type 'EllipseCurve' is not assignable to the same property in base type 'Curve'.
  Type '(source: any) => this' is not assignable to type '(source: Curve) => Curve'.
    Type 'this' is not assignable to type 'Curve'.
      Type 'EllipseCurve' is not assignable to type 'Curve'.
        Types of property 'getPoint' are incompatible.
          Type '(t: number, optionalTarget?: Vector2) => Vector2' is not assignable to type '() => Vector2 | Vector3'.
            Target signature provides too few arguments. Expected 1 or more, but got 0.
src/extras/curves/EllipseCurve.js(235,2): error TS2416: Property 'fromJSON' in type 'EllipseCurve' is not assignable to the same property in base type 'Curve'.
  Type '(json: any) => this' is not assignable to type '(json: any) => Curve'.
    Type 'this' is not assignable to type 'Curve'.
      Type 'EllipseCurve' is not assignable to type 'Curve'.
        Types of property 'getPoint' are incompatible.
          Type '(t: number, optionalTarget?: Vector2) => Vector2' is not assignable to type '() => Vector2 | Vector3'.
            Target signature provides too few arguments. Expected 1 or more, but got 0.
src/extras/curves/LineCurve.js(55,2): error TS2416: Property 'getPoint' in type 'LineCurve' is not assignable to the same property in base type 'Curve'.
  Type '(t: number, optionalTarget?: Vector2) => Vector2' is not assignable to type '() => Vector2 | Vector3'.
    Target signature provides too few arguments. Expected 1 or more, but got 0.
src/extras/curves/LineCurve.js(93,2): error TS2416: Property 'copy' in type 'LineCurve' is not assignable to the same property in base type 'Curve'.
  Type '(source: any) => this' is not assignable to type '(source: Curve) => Curve'.
    Type 'this' is not assignable to type 'Curve'.
      Type 'LineCurve' is not assignable to type 'Curve'.
        Types of property 'getPoint' are incompatible.
          Type '(t: number, optionalTarget?: Vector2) => Vector2' is not assignable to type '() => Vector2 | Vector3'.
            Target signature provides too few arguments. Expected 1 or more, but got 0.
src/extras/curves/LineCurve.js(115,2): error TS2416: Property 'fromJSON' in type 'LineCurve' is not assignable to the same property in base type 'Curve'.
  Type '(json: any) => this' is not assignable to type '(json: any) => Curve'.
    Type 'this' is not assignable to type 'Curve'.
      Type 'LineCurve' is not assignable to type 'Curve'.
        Types of property 'getPoint' are incompatible.
          Type '(t: number, optionalTarget?: Vector2) => Vector2' is not assignable to type '() => Vector2 | Vector3'.
            Target signature provides too few arguments. Expected 1 or more, but got 0.
src/extras/curves/LineCurve3.js(42,13): error TS2304: Cannot find name 'Vector2'.
src/extras/curves/LineCurve3.js(55,2): error TS2416: Property 'getPoint' in type 'LineCurve3' is not assignable to the same property in base type 'Curve'.
  Type '(t: number, optionalTarget?: Vector3) => Vector3' is not assignable to type '() => Vector2 | Vector3'.
    Target signature provides too few arguments. Expected 1 or more, but got 0.
src/extras/curves/LineCurve3.js(93,2): error TS2416: Property 'copy' in type 'LineCurve3' is not assignable to the same property in base type 'Curve'.
  Type '(source: any) => this' is not assignable to type '(source: Curve) => Curve'.
    Type 'this' is not assignable to type 'Curve'.
      Type 'LineCurve3' is not assignable to type 'Curve'.
        Types of property 'getPoint' are incompatible.
          Type '(t: number, optionalTarget?: Vector3) => Vector3' is not assignable to type '() => Vector2 | Vector3'.
            Target signature provides too few arguments. Expected 1 or more, but got 0.
src/extras/curves/LineCurve3.js(115,2): error TS2416: Property 'fromJSON' in type 'LineCurve3' is not assignable to the same property in base type 'Curve'.
  Type '(json: any) => this' is not assignable to type '(json: any) => Curve'.
    Type 'this' is not assignable to type 'Curve'.
      Type 'LineCurve3' is not assignable to type 'Curve'.
        Types of property 'getPoint' are incompatible.
          Type '(t: number, optionalTarget?: Vector3) => Vector3' is not assignable to type '() => Vector2 | Vector3'.
            Target signature provides too few arguments. Expected 1 or more, but got 0.
src/extras/curves/QuadraticBezierCurve.js(80,2): error TS2416: Property 'getPoint' in type 'QuadraticBezierCurve' is not assignable to the same property in base type 'Curve'.
  Type '(t: number, optionalTarget?: Vector2) => Vector2' is not assignable to type '() => Vector2 | Vector3'.
    Target signature provides too few arguments. Expected 1 or more, but got 0.
src/extras/curves/QuadraticBezierCurve.js(95,2): error TS2416: Property 'copy' in type 'QuadraticBezierCurve' is not assignable to the same property in base type 'Curve'.
  Type '(source: any) => this' is not assignable to type '(source: Curve) => Curve'.
    Type 'this' is not assignable to type 'Curve'.
      Type 'QuadraticBezierCurve' is not assignable to type 'Curve'.
        Types of property 'getPoint' are incompatible.
          Type '(t: number, optionalTarget?: Vector2) => Vector2' is not assignable to type '() => Vector2 | Vector3'.
            Target signature provides too few arguments. Expected 1 or more, but got 0.
src/extras/curves/QuadraticBezierCurve.js(119,2): error TS2416: Property 'fromJSON' in type 'QuadraticBezierCurve' is not assignable to the same property in base type 'Curve'.
  Type '(json: any) => this' is not assignable to type '(json: any) => Curve'.
    Type 'this' is not assignable to type 'Curve'.
      Type 'QuadraticBezierCurve' is not assignable to type 'Curve'.
        Types of property 'getPoint' are incompatible.
          Type '(t: number, optionalTarget?: Vector2) => Vector2' is not assignable to type '() => Vector2 | Vector3'.
            Target signature provides too few arguments. Expected 1 or more, but got 0.
src/extras/curves/QuadraticBezierCurve3.js(64,2): error TS2416: Property 'getPoint' in type 'QuadraticBezierCurve3' is not assignable to the same property in base type 'Curve'.
  Type '(t: number, optionalTarget?: Vector3) => Vector3' is not assignable to type '() => Vector2 | Vector3'.
    Target signature provides too few arguments. Expected 1 or more, but got 0.
src/extras/curves/QuadraticBezierCurve3.js(80,2): error TS2416: Property 'copy' in type 'QuadraticBezierCurve3' is not assignable to the same property in base type 'Curve'.
  Type '(source: any) => this' is not assignable to type '(source: Curve) => Curve'.
    Type 'this' is not assignable to type 'Curve'.
      Type 'QuadraticBezierCurve3' is not assignable to type 'Curve'.
        Types of property 'getPoint' are incompatible.
          Type '(t: number, optionalTarget?: Vector3) => Vector3' is not assignable to type '() => Vector2 | Vector3'.
            Target signature provides too few arguments. Expected 1 or more, but got 0.
src/extras/curves/QuadraticBezierCurve3.js(104,2): error TS2416: Property 'fromJSON' in type 'QuadraticBezierCurve3' is not assignable to the same property in base type 'Curve'.
  Type '(json: any) => this' is not assignable to type '(json: any) => Curve'.
    Type 'this' is not assignable to type 'Curve'.
      Type 'QuadraticBezierCurve3' is not assignable to type 'Curve'.
        Types of property 'getPoint' are incompatible.
          Type '(t: number, optionalTarget?: Vector3) => Vector3' is not assignable to type '() => Vector2 | Vector3'.
            Target signature provides too few arguments. Expected 1 or more, but got 0.
src/extras/curves/SplineCurve.js(67,2): error TS2416: Property 'getPoint' in type 'SplineCurve' is not assignable to the same property in base type 'Curve'.
  Type '(t: number, optionalTarget?: Vector2) => Vector2' is not assignable to type '() => Vector2 | Vector3'.
    Target signature provides too few arguments. Expected 1 or more, but got 0.
src/extras/curves/SplineCurve.js(91,2): error TS2416: Property 'copy' in type 'SplineCurve' is not assignable to the same property in base type 'Curve'.
  Type '(source: any) => this' is not assignable to type '(source: Curve) => Curve'.
    Type 'this' is not assignable to type 'Curve'.
      Type 'SplineCurve' is not assignable to type 'Curve'.
        Types of property 'getPoint' are incompatible.
          Type '(t: number, optionalTarget?: Vector2) => Vector2' is not assignable to type '() => Vector2 | Vector3'.
            Target signature provides too few arguments. Expected 1 or more, but got 0.
src/extras/curves/SplineCurve.js(126,2): error TS2416: Property 'fromJSON' in type 'SplineCurve' is not assignable to the same property in base type 'Curve'.
  Type '(json: any) => this' is not assignable to type '(json: any) => Curve'.
    Type 'this' is not assignable to type 'Curve'.
      Type 'SplineCurve' is not assignable to type 'Curve'.
        Types of property 'getPoint' are incompatible.
          Type '(t: number, optionalTarget?: Vector2) => Vector2' is not assignable to type '() => Vector2 | Vector3'.
            Target signature provides too few arguments. Expected 1 or more, but got 0.
src/extras/ImageUtils.js(22,30): error TS2339: Property 'src' does not exist on type 'HTMLImageElement | HTMLCanvasElement'.
  Property 'src' does not exist on type 'HTMLCanvasElement'.
src/extras/ImageUtils.js(24,17): error TS2339: Property 'src' does not exist on type 'HTMLImageElement | HTMLCanvasElement'.
  Property 'src' does not exist on type 'HTMLCanvasElement'.
src/extras/ImageUtils.js(30,17): error TS2339: Property 'src' does not exist on type 'HTMLImageElement | HTMLCanvasElement'.
  Property 'src' does not exist on type 'HTMLCanvasElement'.
src/extras/ImageUtils.js(81,11): error TS2339: Property 'width' does not exist on type 'HTMLElement'.
src/extras/ImageUtils.js(82,11): error TS2339: Property 'height' does not exist on type 'HTMLElement'.
src/extras/ImageUtils.js(84,27): error TS2339: Property 'getContext' does not exist on type 'HTMLElement'.
src/extras/PMREMGenerator.js(19,10): error TS18042: 'ShaderMaterial' is a type and cannot be imported in JavaScript files. Use 'import("../materials/ShaderMaterial.js").ShaderMaterial' in a JSDoc type annotation.
src/extras/PMREMGenerator.js(84,13): error TS2304: Cannot find name 'WebGLRenderer'.
src/extras/PMREMGenerator.js(111,13): error TS2304: Cannot find name 'Scene'.
src/extras/PMREMGenerator.js(124,4): error TS2339: Property 'position' does not exist on type '{ size?: number; renderTarget?: Vector3; }'.
src/extras/PMREMGenerator.js(159,13): error TS2304: Cannot find name 'Texture'.
src/extras/PMREMGenerator.js(174,13): error TS2304: Cannot find name 'Texture'.
src/extras/PMREMGenerator.js(397,16): error TS2339: Property 'position' does not exist on type 'PerspectiveCamera'.
src/extras/PMREMGenerator.js(403,16): error TS2339: Property 'position' does not exist on type 'PerspectiveCamera'.
src/extras/PMREMGenerator.js(410,16): error TS2339: Property 'position' does not exist on type 'PerspectiveCamera'.
src/extras/ShapeUtils.js(13,19): error TS2304: Cannot find name 'Vector2'.
src/extras/ShapeUtils.js(34,19): error TS2304: Cannot find name 'Vector2'.
src/extras/ShapeUtils.js(46,19): error TS2304: Cannot find name 'Vector2'.
src/extras/ShapeUtils.js(47,25): error TS2304: Cannot find name 'Vector2'.
src/extras/TextureUtils.js(8,12): error TS2304: Cannot find name 'Texture'.
src/extras/TextureUtils.js(10,13): error TS2304: Cannot find name 'Texture'.
src/extras/TextureUtils.js(43,12): error TS2304: Cannot find name 'Texture'.
src/extras/TextureUtils.js(45,13): error TS2304: Cannot find name 'Texture'.
src/extras/TextureUtils.js(76,12): error TS2304: Cannot find name 'Texture'.
src/extras/TextureUtils.js(77,13): error TS2304: Cannot find name 'Texture'.
src/extras/TextureUtils.js(238,13): error TS2304: Cannot find name 'Texture'.
src/extras/TextureUtils.js(240,14): error TS2304: Cannot find name 'Texture'.
src/extras/TextureUtils.js(253,13): error TS2304: Cannot find name 'Texture'.
src/extras/TextureUtils.js(255,14): error TS2304: Cannot find name 'Texture'.
src/extras/TextureUtils.js(266,13): error TS2304: Cannot find name 'Texture'.
src/extras/TextureUtils.js(267,14): error TS2304: Cannot find name 'Texture'.
src/geometries/ExtrudeGeometry.js(30,7): error TS2300: Duplicate identifier 'ExtrudeGeometry'.
src/geometries/ExtrudeGeometry.js(36,28): error TS8024: JSDoc '@param' tag has name '', but there is no parameter with that name.
src/geometries/ExtrudeGeometry.js(36,28): error TS1005: '}' expected.
src/geometries/ExtrudeGeometry.js(895,22): error TS2300: Duplicate identifier 'ExtrudeGeometry'.
src/geometries/ExtrudeGeometry.js(904,16): error TS2304: Cannot find name 'Curve'.
src/geometries/ExtrudeGeometry.js(908,10): error TS2484: Export declaration conflicts with exported declaration of 'ExtrudeGeometry'.
src/geometries/TubeGeometry.js(38,13): error TS2304: Cannot find name 'Curve'.
src/helpers/ArrowHelper.js(41,21): error TS2304: Cannot find name 'Color'.
src/helpers/ArrowHelper.js(61,8): error TS2339: Property 'position' does not exist on type 'ArrowHelper'.
src/helpers/ArrowHelper.js(70,13): error TS2345: Argument of type 'Line' is not assignable to parameter of type 'Object3D'.
  Types of property 'raycast' are incompatible.
    Type '(raycaster: Raycaster, intersects: any[]) => void' is not assignable to type '() => void'.
      Target signature provides too few arguments. Expected 2 or more, but got 0.
src/helpers/ArrowHelper.js(79,13): error TS2345: Argument of type 'Mesh' is not assignable to parameter of type 'Object3D'.
  Types of property 'raycast' are incompatible.
    Type '(raycaster: Raycaster, intersects: any[]) => void' is not assignable to type '() => void'.
      Target signature provides too few arguments. Expected 2 or more, but got 0.
src/helpers/ArrowHelper.js(97,9): error TS2339: Property 'quaternion' does not exist on type 'ArrowHelper'.
src/helpers/ArrowHelper.js(101,9): error TS2339: Property 'quaternion' does not exist on type 'ArrowHelper'.
src/helpers/ArrowHelper.js(109,9): error TS2339: Property 'quaternion' does not exist on type 'ArrowHelper'.
src/helpers/ArrowHelper.js(124,13): error TS2339: Property 'scale' does not exist on type 'Line'.
src/helpers/ArrowHelper.js(127,13): error TS2339: Property 'scale' does not exist on type 'Mesh'.
src/helpers/ArrowHelper.js(128,13): error TS2339: Property 'position' does not exist on type 'Mesh'.
src/helpers/ArrowHelper.js(136,20): error TS2304: Cannot find name 'Color'.
src/helpers/Box3Helper.js(24,13): error TS2304: Cannot find name 'Box3'.
src/helpers/Box3Helper.js(25,20): error TS2304: Cannot find name 'Color'.
src/helpers/Box3Helper.js(44,13): error TS2304: Cannot find name 'Box3'.
src/helpers/Box3Helper.js(60,23): error TS2339: Property 'position' does not exist on type 'Box3Helper'.
src/helpers/Box3Helper.js(62,21): error TS2339: Property 'scale' does not exist on type 'Box3Helper'.
src/helpers/Box3Helper.js(64,8): error TS2339: Property 'scale' does not exist on type 'Box3Helper'.
src/helpers/BoxHelper.js(31,13): error TS2304: Cannot find name 'Object3D'.
src/helpers/BoxHelper.js(32,20): error TS2304: Cannot find name 'Color'.
src/helpers/BoxHelper.js(48,13): error TS2304: Cannot find name 'Object3D'.
src/helpers/BoxHelper.js(113,13): error TS2304: Cannot find name 'Object3D'.
src/helpers/CameraHelper.js(128,20): error TS2551: Property 'updateProjectionMatrix' does not exist on type 'Camera'. Did you mean 'projectionMatrix'?
src/helpers/CameraHelper.js(128,57): error TS2551: Property 'updateProjectionMatrix' does not exist on type 'Camera'. Did you mean 'projectionMatrix'?
src/helpers/CameraHelper.js(138,3): error TS2322: Type '{}' is not assignable to type '{ [x: string]: number[]; }'.
  Index signature for type 'string' is missing in type '{}'.
src/helpers/DirectionalLightHelper.js(32,13): error TS2304: Cannot find name 'DirectionalLight'.
src/helpers/DirectionalLightHelper.js(34,20): error TS2304: Cannot find name 'Color'.
src/helpers/DirectionalLightHelper.js(44,13): error TS2304: Cannot find name 'DirectionalLight'.
src/helpers/DirectionalLightHelper.js(55,20): error TS2304: Cannot find name 'Color'.
src/helpers/DirectionalLightHelper.js(80,13): error TS2345: Argument of type 'Line' is not assignable to parameter of type 'Object3D'.
  Types of property 'raycast' are incompatible.
    Type '(raycaster: Raycaster, intersects: any[]) => void' is not assignable to type '() => void'.
      Target signature provides too few arguments. Expected 2 or more, but got 0.
src/helpers/DirectionalLightHelper.js(91,13): error TS2345: Argument of type 'Line' is not assignable to parameter of type 'Object3D'.
  Types of property 'raycast' are incompatible.
    Type '(raycaster: Raycaster, intersects: any[]) => void' is not assignable to type '() => void'.
      Target signature provides too few arguments. Expected 2 or more, but got 0.
src/helpers/DirectionalLightHelper.js(138,19): error TS2339: Property 'scale' does not exist on type 'Line'.
src/helpers/HemisphereLightHelper.js(30,13): error TS2304: Cannot find name 'HemisphereLight'.
src/helpers/HemisphereLightHelper.js(42,13): error TS2304: Cannot find name 'HemisphereLight'.
src/helpers/HemisphereLightHelper.js(70,13): error TS2345: Argument of type 'Mesh' is not assignable to parameter of type 'Object3D'.
  Types of property 'raycast' are incompatible.
    Type '(raycaster: Raycaster, intersects: any[]) => void' is not assignable to type '() => void'.
      Target signature provides too few arguments. Expected 2 or more, but got 0.
src/helpers/HemisphereLightHelper.js(82,22): error TS2339: Property 'geometry' does not exist on type 'Object3D'.
src/helpers/HemisphereLightHelper.js(83,22): error TS2339: Property 'material' does not exist on type 'Object3D'.
src/helpers/HemisphereLightHelper.js(101,24): error TS2339: Property 'geometry' does not exist on type 'Object3D'.
src/helpers/PlaneHelper.js(24,13): error TS2304: Cannot find name 'Plane'.
src/helpers/PlaneHelper.js(26,20): error TS2304: Cannot find name 'Color'.
src/helpers/PlaneHelper.js(45,13): error TS2304: Cannot find name 'Plane'.
src/helpers/PlaneHelper.js(63,13): error TS2345: Argument of type 'Mesh' is not assignable to parameter of type 'Object3D'.
  Types of property 'raycast' are incompatible.
    Type '(raycaster: Raycaster, intersects: any[]) => void' is not assignable to type '() => void'.
      Target signature provides too few arguments. Expected 2 or more, but got 0.
src/helpers/PlaneHelper.js(69,8): error TS2339: Property 'position' does not exist on type 'PlaneHelper'.
src/helpers/PlaneHelper.js(71,8): error TS2339: Property 'scale' does not exist on type 'PlaneHelper'.
src/helpers/PlaneHelper.js(89,22): error TS2339: Property 'geometry' does not exist on type 'Object3D'.
src/helpers/PlaneHelper.js(90,22): error TS2339: Property 'material' does not exist on type 'Object3D'.
src/helpers/PointLightHelper.js(26,13): error TS2304: Cannot find name 'PointLight'.
src/helpers/PointLightHelper.js(28,20): error TS2304: Cannot find name 'Color'.
src/helpers/PointLightHelper.js(41,13): error TS2304: Cannot find name 'HemisphereLight'.
src/helpers/PointLightHelper.js(49,20): error TS2304: Cannot find name 'Color'.
src/helpers/SkeletonHelper.js(28,13): error TS2304: Cannot find name 'Object3D'.
src/helpers/SkeletonHelper.js(76,13): error TS2304: Cannot find name 'Object3D'.
src/helpers/SkeletonHelper.js(83,19): error TS2304: Cannot find name 'Bone'.
src/helpers/SpotLightHelper.js(29,13): error TS2304: Cannot find name 'HemisphereLight'.
src/helpers/SpotLightHelper.js(30,20): error TS2304: Cannot find name 'Color'.
src/helpers/SpotLightHelper.js(40,13): error TS2304: Cannot find name 'SpotLight'.
src/helpers/SpotLightHelper.js(50,20): error TS2304: Cannot find name 'Color'.
src/helpers/SpotLightHelper.js(83,13): error TS2345: Argument of type 'LineSegments' is not assignable to parameter of type 'Object3D'.
  Types of property 'raycast' are incompatible.
    Type '(raycaster: Raycaster, intersects: any[]) => void' is not assignable to type '() => void'.
      Target signature provides too few arguments. Expected 2 or more, but got 0.
src/helpers/SpotLightHelper.js(130,13): error TS2339: Property 'scale' does not exist on type 'LineSegments'.
src/lights/AmbientLight.js(20,21): error TS2304: Cannot find name 'Color'.
src/lights/DirectionalLight.js(37,21): error TS2304: Cannot find name 'Color'.
src/lights/DirectionalLight.js(55,8): error TS2339: Property 'position' does not exist on type 'DirectionalLight'.
src/lights/HemisphereLight.js(42,8): error TS2339: Property 'position' does not exist on type 'HemisphereLight'.
src/lights/Light.js(79,13): error TS2339: Property 'groundColor' does not exist on type 'Light'.
src/lights/Light.js(79,72): error TS2339: Property 'groundColor' does not exist on type 'Light'.
src/lights/Light.js(81,13): error TS2339: Property 'distance' does not exist on type 'Light'.
src/lights/Light.js(81,66): error TS2339: Property 'distance' does not exist on type 'Light'.
src/lights/Light.js(82,13): error TS2339: Property 'angle' does not exist on type 'Light'.
src/lights/Light.js(82,60): error TS2339: Property 'angle' does not exist on type 'Light'.
src/lights/Light.js(83,13): error TS2339: Property 'decay' does not exist on type 'Light'.
src/lights/Light.js(83,60): error TS2339: Property 'decay' does not exist on type 'Light'.
src/lights/Light.js(84,13): error TS2339: Property 'penumbra' does not exist on type 'Light'.
src/lights/Light.js(84,66): error TS2339: Property 'penumbra' does not exist on type 'Light'.
src/lights/Light.js(86,13): error TS2339: Property 'shadow' does not exist on type 'Light'.
src/lights/Light.js(86,62): error TS2339: Property 'shadow' does not exist on type 'Light'.
src/lights/Light.js(87,13): error TS2339: Property 'target' does not exist on type 'Light'.
src/lights/Light.js(87,62): error TS2339: Property 'target' does not exist on type 'Light'.
src/lights/LightShadow.js(23,13): error TS2304: Cannot find name 'Camera'.
src/lights/LightShadow.js(30,13): error TS2304: Cannot find name 'Camera'.
src/lights/LightShadow.js(111,14): error TS2304: Cannot find name 'RenderTarget'.
src/lights/LightShadow.js(121,14): error TS2304: Cannot find name 'RenderTarget'.
src/lights/LightShadow.js(192,13): error TS2304: Cannot find name 'Light'.
src/lights/LightShadow.js(309,14): error TS2351: This expression is not constructable.
  Type 'Function' has no construct signatures.
src/lights/PointLight.js(24,21): error TS2304: Cannot find name 'Color'.
src/lights/PointLightShadow.js(82,13): error TS2304: Cannot find name 'Light'.
src/lights/RectAreaLight.js(33,21): error TS2304: Cannot find name 'Color'.
src/lights/SpotLight.js(32,21): error TS2304: Cannot find name 'Color'.
src/lights/SpotLight.js(54,8): error TS2339: Property 'position' does not exist on type 'SpotLight'.
src/lights/SpotLight.js(113,14): error TS2304: Cannot find name 'Texture'.
src/loaders/AnimationLoader.js(21,13): error TS2304: Cannot find name 'LoadingManager'.
src/loaders/AnimationLoader.js(34,13): error TS7014: Function type, which lacks return-type annotation, implicitly has an 'any' return type.
src/loaders/AnimationLoader.js(35,13): error TS2304: Cannot find name 'onProgressCallback'.
src/loaders/AnimationLoader.js(36,13): error TS2304: Cannot find name 'onErrorCallback'.
src/loaders/AnimationLoader.js(38,2): error TS2416: Property 'load' in type 'AnimationLoader' is not assignable to the same property in base type 'Loader'.
  Type '(url: string, onLoad: (arg0: AnimationClip[]) => any, onProgress: onProgressCallback, onError: onErrorCallback) => void' is not assignable to type '() => void'.
    Target signature provides too few arguments. Expected 4 or more, but got 0.
src/loaders/AnimationLoader.js(78,2): error TS2416: Property 'parse' in type 'AnimationLoader' is not assignable to the same property in base type 'Loader'.
  Type '(json: any) => AnimationClip[]' is not assignable to type '() => void'.
    Target signature provides too few arguments. Expected 1 or more, but got 0.
src/loaders/AudioLoader.js(27,13): error TS2304: Cannot find name 'LoadingManager'.
src/loaders/AudioLoader.js(40,13): error TS7014: Function type, which lacks return-type annotation, implicitly has an 'any' return type.
src/loaders/AudioLoader.js(41,13): error TS2304: Cannot find name 'onProgressCallback'.
src/loaders/AudioLoader.js(42,13): error TS2304: Cannot find name 'onErrorCallback'.
src/loaders/AudioLoader.js(44,2): error TS2416: Property 'load' in type 'AudioLoader' is not assignable to the same property in base type 'Loader'.
  Type '(url: string, onLoad: (arg0: AudioBuffer) => any, onProgress: onProgressCallback, onError: onErrorCallback) => void' is not assignable to type '() => void'.
    Target signature provides too few arguments. Expected 4 or more, but got 0.
src/loaders/AudioLoader.js(62,13): error TS2339: Property 'decodeAudioData' does not exist on type 'AudioContext'.
src/loaders/BufferGeometryLoader.js(32,13): error TS2304: Cannot find name 'LoadingManager'.
src/loaders/BufferGeometryLoader.js(44,13): error TS7014: Function type, which lacks return-type annotation, implicitly has an 'any' return type.
src/loaders/BufferGeometryLoader.js(45,13): error TS2304: Cannot find name 'onProgressCallback'.
src/loaders/BufferGeometryLoader.js(46,13): error TS2304: Cannot find name 'onErrorCallback'.
src/loaders/BufferGeometryLoader.js(48,2): error TS2416: Property 'load' in type 'BufferGeometryLoader' is not assignable to the same property in base type 'Loader'.
  Type '(url: string, onLoad: (arg0: BufferGeometry) => any, onProgress: onProgressCallback, onError: onErrorCallback) => void' is not assignable to type '() => void'.
    Target signature provides too few arguments. Expected 4 or more, but got 0.
src/loaders/BufferGeometryLoader.js(88,2): error TS2416: Property 'parse' in type 'BufferGeometryLoader' is not assignable to the same property in base type 'Loader'.
  Type '(json: any) => BufferGeometry' is not assignable to type '() => void'.
    Target signature provides too few arguments. Expected 1 or more, but got 0.
src/loaders/BufferGeometryLoader.js(104,7): error TS2540: Cannot assign to 'uuid' because it is a read-only property.
src/loaders/BufferGeometryLoader.js(159,57): error TS2339: Property 'setUsage' does not exist on type 'BufferAttribute | InterleavedBufferAttribute'.
  Property 'setUsage' does not exist on type 'InterleavedBufferAttribute'.
src/loaders/BufferGeometryLoader.js(229,4): error TS2739: Type 'Box3' is missing the following properties from type 'Sphere': isSphere, center, radius, getBoundingBox
src/loaders/CompressedTextureLoader.js(16,7): error TS2300: Duplicate identifier 'CompressedTextureLoader'.
src/loaders/CompressedTextureLoader.js(21,13): error TS2304: Cannot find name 'LoadingManager'.
src/loaders/CompressedTextureLoader.js(36,13): error TS7014: Function type, which lacks return-type annotation, implicitly has an 'any' return type.
src/loaders/CompressedTextureLoader.js(37,13): error TS2304: Cannot find name 'onProgressCallback'.
src/loaders/CompressedTextureLoader.js(38,13): error TS2304: Cannot find name 'onErrorCallback'.
src/loaders/CompressedTextureLoader.js(41,2): error TS2416: Property 'load' in type 'CompressedTextureLoader' is not assignable to the same property in base type 'Loader'.
  Type '(url: string, onLoad: (arg0: CompressedTexture) => any, onProgress: onProgressCallback, onError: onErrorCallback) => CompressedTexture' is not assignable to type '() => void'.
    Target signature provides too few arguments. Expected 4 or more, but got 0.
src/loaders/CompressedTextureLoader.js(47,19): error TS2554: Expected 3-12 arguments, but got 0.
src/loaders/CompressedTextureLoader.js(61,35): error TS2554: Expected 0 arguments, but got 2.
src/loaders/CompressedTextureLoader.js(64,22): error TS2339: Property 'width' does not exist on type 'void'.
src/loaders/CompressedTextureLoader.js(65,23): error TS2339: Property 'height' does not exist on type 'void'.
src/loaders/CompressedTextureLoader.js(66,23): error TS2339: Property 'format' does not exist on type 'void'.
src/loaders/CompressedTextureLoader.js(67,24): error TS2339: Property 'mipmaps' does not exist on type 'void'.
src/loaders/CompressedTextureLoader.js(74,20): error TS2339: Property 'mipmapCount' does not exist on type 'void'.
src/loaders/CompressedTextureLoader.js(77,32): error TS2339: Property 'format' does not exist on type 'void'.
src/loaders/CompressedTextureLoader.js(102,35): error TS2554: Expected 0 arguments, but got 2.
src/loaders/CompressedTextureLoader.js(104,19): error TS2339: Property 'isCubemap' does not exist on type 'void'.
src/loaders/CompressedTextureLoader.js(106,29): error TS2339: Property 'mipmaps' does not exist on type 'void'.
src/loaders/CompressedTextureLoader.js(106,55): error TS2339: Property 'mipmapCount' does not exist on type 'void'.
src/loaders/CompressedTextureLoader.js(112,37): error TS2339: Property 'mipmapCount' does not exist on type 'void'.
src/loaders/CompressedTextureLoader.js(114,43): error TS2339: Property 'mipmaps' does not exist on type 'void'.
src/loaders/CompressedTextureLoader.js(114,65): error TS2339: Property 'mipmapCount' does not exist on type 'void'.
src/loaders/CompressedTextureLoader.js(115,38): error TS2339: Property 'format' does not exist on type 'void'.
src/loaders/CompressedTextureLoader.js(116,37): error TS2339: Property 'width' does not exist on type 'void'.
src/loaders/CompressedTextureLoader.js(117,38): error TS2339: Property 'height' does not exist on type 'void'.
src/loaders/CompressedTextureLoader.js(127,37): error TS2339: Property 'width' does not exist on type 'void'.
src/loaders/CompressedTextureLoader.js(128,38): error TS2339: Property 'height' does not exist on type 'void'.
src/loaders/CompressedTextureLoader.js(129,33): error TS2339: Property 'mipmaps' does not exist on type 'void'.
src/loaders/CompressedTextureLoader.js(133,19): error TS2339: Property 'mipmapCount' does not exist on type 'void'.
src/loaders/CompressedTextureLoader.js(139,31): error TS2339: Property 'format' does not exist on type 'void'.
src/loaders/CompressedTextureLoader.js(157,22): error TS2300: Duplicate identifier 'CompressedTextureLoader'.
src/loaders/CompressedTextureLoader.js(162,27): error TS2304: Cannot find name 'TypedArray'.
src/loaders/CompressedTextureLoader.js(167,10): error TS2484: Export declaration conflicts with exported declaration of 'CompressedTextureLoader'.
src/loaders/CubeTextureLoader.js(37,13): error TS2304: Cannot find name 'LoadingManager'.
src/loaders/CubeTextureLoader.js(54,13): error TS7014: Function type, which lacks return-type annotation, implicitly has an 'any' return type.
src/loaders/CubeTextureLoader.js(55,13): error TS2304: Cannot find name 'onProgressCallback'.
src/loaders/CubeTextureLoader.js(56,13): error TS2304: Cannot find name 'onErrorCallback'.
src/loaders/CubeTextureLoader.js(59,2): error TS2416: Property 'load' in type 'CubeTextureLoader' is not assignable to the same property in base type 'Loader'.
  Type '(urls: string[], onLoad: (arg0: CubeTexture) => any, onProgress: onProgressCallback, onError: onErrorCallback) => CubeTexture' is not assignable to type '() => void'.
    Target signature provides too few arguments. Expected 4 or more, but got 0.
src/loaders/DataTextureLoader.js(16,7): error TS2300: Duplicate identifier 'DataTextureLoader'.
src/loaders/DataTextureLoader.js(21,13): error TS2304: Cannot find name 'LoadingManager'.
src/loaders/DataTextureLoader.js(36,13): error TS7014: Function type, which lacks return-type annotation, implicitly has an 'any' return type.
src/loaders/DataTextureLoader.js(37,13): error TS2304: Cannot find name 'onProgressCallback'.
src/loaders/DataTextureLoader.js(38,13): error TS2304: Cannot find name 'onErrorCallback'.
src/loaders/DataTextureLoader.js(41,2): error TS2416: Property 'load' in type 'DataTextureLoader' is not assignable to the same property in base type 'Loader'.
  Type '(url: string, onLoad: (arg0: DataTexture) => any, onProgress: onProgressCallback, onError: onErrorCallback) => DataTexture' is not assignable to type '() => void'.
    Target signature provides too few arguments. Expected 4 or more, but got 0.
src/loaders/DataTextureLoader.js(58,28): error TS2554: Expected 0 arguments, but got 1.
src/loaders/DataTextureLoader.js(75,17): error TS2339: Property 'image' does not exist on type 'void'.
src/loaders/DataTextureLoader.js(77,29): error TS2339: Property 'image' does not exist on type 'void'.
src/loaders/DataTextureLoader.js(79,24): error TS2339: Property 'data' does not exist on type 'void'.
src/loaders/DataTextureLoader.js(81,35): error TS2339: Property 'width' does not exist on type 'void'.
src/loaders/DataTextureLoader.js(82,36): error TS2339: Property 'height' does not exist on type 'void'.
src/loaders/DataTextureLoader.js(83,34): error TS2339: Property 'data' does not exist on type 'void'.
src/loaders/DataTextureLoader.js(87,28): error TS2339: Property 'wrapS' does not exist on type 'void'.
src/loaders/DataTextureLoader.js(87,58): error TS2339: Property 'wrapS' does not exist on type 'void'.
src/loaders/DataTextureLoader.js(88,28): error TS2339: Property 'wrapT' does not exist on type 'void'.
src/loaders/DataTextureLoader.js(88,58): error TS2339: Property 'wrapT' does not exist on type 'void'.
src/loaders/DataTextureLoader.js(90,32): error TS2339: Property 'magFilter' does not exist on type 'void'.
src/loaders/DataTextureLoader.js(90,66): error TS2339: Property 'magFilter' does not exist on type 'void'.
src/loaders/DataTextureLoader.js(91,32): error TS2339: Property 'minFilter' does not exist on type 'void'.
src/loaders/DataTextureLoader.js(91,66): error TS2339: Property 'minFilter' does not exist on type 'void'.
src/loaders/DataTextureLoader.js(93,33): error TS2339: Property 'anisotropy' does not exist on type 'void'.
src/loaders/DataTextureLoader.js(93,68): error TS2339: Property 'anisotropy' does not exist on type 'void'.
src/loaders/DataTextureLoader.js(95,17): error TS2339: Property 'colorSpace' does not exist on type 'void'.
src/loaders/DataTextureLoader.js(97,34): error TS2339: Property 'colorSpace' does not exist on type 'void'.
src/loaders/DataTextureLoader.js(101,17): error TS2339: Property 'flipY' does not exist on type 'void'.
src/loaders/DataTextureLoader.js(103,29): error TS2339: Property 'flipY' does not exist on type 'void'.
src/loaders/DataTextureLoader.js(107,17): error TS2339: Property 'format' does not exist on type 'void'.
src/loaders/DataTextureLoader.js(109,30): error TS2339: Property 'format' does not exist on type 'void'.
src/loaders/DataTextureLoader.js(113,17): error TS2339: Property 'type' does not exist on type 'void'.
src/loaders/DataTextureLoader.js(115,28): error TS2339: Property 'type' does not exist on type 'void'.
src/loaders/DataTextureLoader.js(119,17): error TS2339: Property 'mipmaps' does not exist on type 'void'.
src/loaders/DataTextureLoader.js(121,31): error TS2339: Property 'mipmaps' does not exist on type 'void'.
src/loaders/DataTextureLoader.js(126,17): error TS2339: Property 'mipmapCount' does not exist on type 'void'.
src/loaders/DataTextureLoader.js(132,17): error TS2339: Property 'generateMipmaps' does not exist on type 'void'.
src/loaders/DataTextureLoader.js(134,39): error TS2339: Property 'generateMipmaps' does not exist on type 'void'.
src/loaders/DataTextureLoader.js(140,35): error TS2554: Expected 1 arguments, but got 2.
src/loaders/DataTextureLoader.js(154,22): error TS2300: Duplicate identifier 'DataTextureLoader'.
src/loaders/DataTextureLoader.js(158,15): error TS2304: Cannot find name 'TypedArray'.
src/loaders/DataTextureLoader.js(172,10): error TS2484: Export declaration conflicts with exported declaration of 'DataTextureLoader'.
src/loaders/FileLoader.js(37,13): error TS2304: Cannot find name 'LoadingManager'.
src/loaders/FileLoader.js(73,13): error TS7014: Function type, which lacks return-type annotation, implicitly has an 'any' return type.
src/loaders/FileLoader.js(74,13): error TS2304: Cannot find name 'onProgressCallback'.
src/loaders/FileLoader.js(75,13): error TS2304: Cannot find name 'onErrorCallback'.
src/loaders/FileLoader.js(78,2): error TS2416: Property 'load' in type 'FileLoader' is not assignable to the same property in base type 'Loader'.
  Type '(url: string, onLoad: (arg0: any) => any, onProgress?: onProgressCallback, onError?: onErrorCallback) => any' is not assignable to type '() => void'.
    Target signature provides too few arguments. Expected 2 or more, but got 0.
src/loaders/FileLoader.js(243,46): error TS2345: Argument of type 'string' is not assignable to parameter of type 'DOMParserSupportedType'.
src/loaders/FileLoader.js(355,2): error TS2416: Property 'abort' in type 'FileLoader' is not assignable to the same property in base type 'Loader'.
  Type '() => FileLoader' is not assignable to type '() => Loader'.
    Call signature return types 'FileLoader' and 'Loader' are incompatible.
      The types of 'load' are incompatible between these types.
        Type '(url: string, onLoad: (arg0: any) => any, onProgress?: onProgressCallback, onError?: onErrorCallback) => any' is not assignable to type '() => void'.
          Target signature provides too few arguments. Expected 2 or more, but got 0.
src/loaders/ImageBitmapLoader.js(34,13): error TS2304: Cannot find name 'LoadingManager'.
src/loaders/ImageBitmapLoader.js(98,13): error TS7014: Function type, which lacks return-type annotation, implicitly has an 'any' return type.
src/loaders/ImageBitmapLoader.js(99,13): error TS2304: Cannot find name 'onProgressCallback'.
src/loaders/ImageBitmapLoader.js(100,13): error TS2304: Cannot find name 'onErrorCallback'.
src/loaders/ImageBitmapLoader.js(103,2): error TS2416: Property 'load' in type 'ImageBitmapLoader' is not assignable to the same property in base type 'Loader'.
  Type '(url: string, onLoad: (arg0: ImageBitmap) => any, onProgress: onProgressCallback, onError: onErrorCallback) => ImageBitmap' is not assignable to type '() => void'.
    Target signature provides too few arguments. Expected 4 or more, but got 0.
src/loaders/ImageBitmapLoader.js(167,31): error TS2345: Argument of type '{ credentials: string; headers: { [x: string]: any; }; signal: AbortSignal; }' is not assignable to parameter of type 'RequestInit'.
  Types of property 'credentials' are incompatible.
    Type 'string' is not assignable to type 'RequestCredentials'.
src/loaders/ImageBitmapLoader.js(208,2): error TS2416: Property 'abort' in type 'ImageBitmapLoader' is not assignable to the same property in base type 'Loader'.
  Type '() => ImageBitmapLoader' is not assignable to type '() => Loader'.
    Call signature return types 'ImageBitmapLoader' and 'Loader' are incompatible.
      The types of 'load' are incompatible between these types.
        Type '(url: string, onLoad: (arg0: ImageBitmap) => any, onProgress: onProgressCallback, onError: onErrorCallback) => ImageBitmap' is not assignable to type '() => void'.
          Target signature provides too few arguments. Expected 4 or more, but got 0.
src/loaders/ImageLoader.js(25,13): error TS2304: Cannot find name 'LoadingManager'.
src/loaders/ImageLoader.js(40,13): error TS7014: Function type, which lacks return-type annotation, implicitly has an 'any' return type.
src/loaders/ImageLoader.js(41,13): error TS2304: Cannot find name 'onProgressCallback'.
src/loaders/ImageLoader.js(42,13): error TS2304: Cannot find name 'onErrorCallback'.
src/loaders/ImageLoader.js(45,2): error TS2416: Property 'load' in type 'ImageLoader' is not assignable to the same property in base type 'Loader'.
  Type '(url: string, onLoad: (arg0: new (width?: number, height?: number) => HTMLImageElement) => any, onProgress: onProgressCallback, onError: onErrorCallback) => new (width?: number, height?: number) => HTMLImageElement' is not assignable to type '() => void'.
    Target signature provides too few arguments. Expected 4 or more, but got 0.
src/loaders/ImageLoader.js(152,48): error TS2339: Property 'crossOrigin' does not exist on type 'HTMLElement'.
src/loaders/ImageLoader.js(159,9): error TS2339: Property 'src' does not exist on type 'HTMLElement'.
src/loaders/ImageLoader.js(161,3): error TS2322: Type 'HTMLElement' is not assignable to type 'new (width?: number, height?: number) => HTMLImageElement'.
  Type 'HTMLElement' provides no match for the signature 'new (width?: number, height?: number): HTMLImageElement'.
src/loaders/Loader.js(13,13): error TS2304: Cannot find name 'LoadingManager'.
src/loaders/Loader.js(20,13): error TS2304: Cannot find name 'LoadingManager'.
src/loaders/Loader.js(71,21): error TS8024: JSDoc '@param' tag has name 'url', but there is no parameter with that name.
src/loaders/Loader.js(72,23): error TS8024: JSDoc '@param' tag has name 'onLoad', but there is no parameter with that name.
src/loaders/Loader.js(73,34): error TS8024: JSDoc '@param' tag has name 'onProgress', but there is no parameter with that name.
src/loaders/Loader.js(74,31): error TS8024: JSDoc '@param' tag has name 'onError', but there is no parameter with that name.
src/loaders/Loader.js(91,16): error TS2554: Expected 0 arguments, but got 4.
src/loaders/Loader.js(102,18): error TS8024: JSDoc '@param' tag has name 'data', but there is no parameter with that name.
src/loaders/LoadingManager.js(221,14): error TS2304: Cannot find name 'Loader'.
src/loaders/LoadingManager.js(256,16): error TS2304: Cannot find name 'Loader'.
src/loaders/LoadingManager.js(288,4): error TS2532: Object is possibly 'undefined'.
src/loaders/LoadingManager.js(291,4): error TS2322: Type 'this' is not assignable to type 'LoadingManager'.
  Type 'abort' is missing the following properties from type 'LoadingManager': onStart, onLoad, onProgress, onError, and 9 more.
src/loaders/MaterialLoader.js(13,2): error TS18042: 'ShaderMaterial' is a type and cannot be imported in JavaScript files. Use 'import("../materials/Materials.js").ShaderMaterial' in a JSDoc type annotation.
src/loaders/MaterialLoader.js(47,13): error TS2304: Cannot find name 'LoadingManager'.
src/loaders/MaterialLoader.js(56,27): error TS2304: Cannot find name 'Texture'.
src/loaders/MaterialLoader.js(66,13): error TS7014: Function type, which lacks return-type annotation, implicitly has an 'any' return type.
src/loaders/MaterialLoader.js(67,13): error TS2304: Cannot find name 'onProgressCallback'.
src/loaders/MaterialLoader.js(68,13): error TS2304: Cannot find name 'onErrorCallback'.
src/loaders/MaterialLoader.js(70,2): error TS2416: Property 'load' in type 'MaterialLoader' is not assignable to the same property in base type 'Loader'.
  Type '(url: string, onLoad: (arg0: Material) => any, onProgress: onProgressCallback, onError: onErrorCallback) => void' is not assignable to type '() => void'.
    Target signature provides too few arguments. Expected 4 or more, but got 0.
src/loaders/MaterialLoader.js(110,2): error TS2416: Property 'parse' in type 'MaterialLoader' is not assignable to the same property in base type 'Loader'.
  Type '(json: any) => Material' is not assignable to type '() => void'.
    Target signature provides too few arguments. Expected 1 or more, but got 0.
src/loaders/MaterialLoader.js(128,43): error TS2540: Cannot assign to 'uuid' because it is a read-only property.
src/loaders/MaterialLoader.js(130,45): error TS2339: Property 'color' does not exist on type 'Material'.
src/loaders/MaterialLoader.js(130,76): error TS2339: Property 'color' does not exist on type 'Material'.
src/loaders/MaterialLoader.js(131,48): error TS2339: Property 'roughness' does not exist on type 'Material'.
src/loaders/MaterialLoader.js(132,48): error TS2339: Property 'metalness' does not exist on type 'Material'.
src/loaders/MaterialLoader.js(133,44): error TS2339: Property 'sheen' does not exist on type 'Material'.
src/loaders/MaterialLoader.js(134,49): error TS2339: Property 'sheenColor' does not exist on type 'Material'.
src/loaders/MaterialLoader.js(135,53): error TS2339: Property 'sheenRoughness' does not exist on type 'Material'.
src/loaders/MaterialLoader.js(136,48): error TS2339: Property 'emissive' does not exist on type 'Material'.
src/loaders/MaterialLoader.js(136,82): error TS2339: Property 'emissive' does not exist on type 'Material'.
src/loaders/MaterialLoader.js(137,48): error TS2339: Property 'specular' does not exist on type 'Material'.
src/loaders/MaterialLoader.js(137,82): error TS2339: Property 'specular' does not exist on type 'Material'.
src/loaders/MaterialLoader.js(138,56): error TS2339: Property 'specularIntensity' does not exist on type 'Material'.
src/loaders/MaterialLoader.js(139,53): error TS2339: Property 'specularColor' does not exist on type 'Material'.
src/loaders/MaterialLoader.js(139,92): error TS2339: Property 'specularColor' does not exist on type 'Material'.
src/loaders/MaterialLoader.js(140,48): error TS2339: Property 'shininess' does not exist on type 'Material'.
src/loaders/MaterialLoader.js(141,48): error TS2339: Property 'clearcoat' does not exist on type 'Material'.
src/loaders/MaterialLoader.js(142,57): error TS2339: Property 'clearcoatRoughness' does not exist on type 'Material'.
src/loaders/MaterialLoader.js(143,49): error TS2339: Property 'dispersion' does not exist on type 'Material'.
src/loaders/MaterialLoader.js(144,50): error TS2339: Property 'iridescence' does not exist on type 'Material'.
src/loaders/MaterialLoader.js(145,53): error TS2339: Property 'iridescenceIOR' does not exist on type 'Material'.
src/loaders/MaterialLoader.js(146,64): error TS2339: Property 'iridescenceThicknessRange' does not exist on type 'Material'.
src/loaders/MaterialLoader.js(147,51): error TS2339: Property 'transmission' does not exist on type 'Material'.
src/loaders/MaterialLoader.js(148,48): error TS2339: Property 'thickness' does not exist on type 'Material'.
src/loaders/MaterialLoader.js(149,58): error TS2339: Property 'attenuationDistance' does not exist on type 'Material'.
src/loaders/MaterialLoader.js(150,56): error TS2339: Property 'attenuationColor' does not exist on type 'Material'.
src/loaders/MaterialLoader.js(150,98): error TS2339: Property 'attenuationColor' does not exist on type 'Material'.
src/loaders/MaterialLoader.js(151,49): error TS2339: Property 'anisotropy' does not exist on type 'Material'.
src/loaders/MaterialLoader.js(152,57): error TS2339: Property 'anisotropyRotation' does not exist on type 'Material'.
src/loaders/MaterialLoader.js(153,42): error TS2339: Property 'fog' does not exist on type 'Material'.
src/loaders/MaterialLoader.js(154,50): error TS2339: Property 'flatShading' does not exist on type 'Material'.
src/loaders/MaterialLoader.js(156,46): error TS2339: Property 'combine' does not exist on type 'Material'.
src/loaders/MaterialLoader.js(184,48): error TS2339: Property 'wireframe' does not exist on type 'Material'.
src/loaders/MaterialLoader.js(185,57): error TS2339: Property 'wireframeLinewidth' does not exist on type 'Material'.
src/loaders/MaterialLoader.js(186,55): error TS2339: Property 'wireframeLinecap' does not exist on type 'Material'.
src/loaders/MaterialLoader.js(187,56): error TS2339: Property 'wireframeLinejoin' does not exist on type 'Material'.
src/loaders/MaterialLoader.js(189,47): error TS2339: Property 'rotation' does not exist on type 'Material'.
src/loaders/MaterialLoader.js(191,48): error TS2339: Property 'linewidth' does not exist on type 'Material'.
src/loaders/MaterialLoader.js(192,47): error TS2339: Property 'dashSize' does not exist on type 'Material'.
src/loaders/MaterialLoader.js(193,46): error TS2339: Property 'gapSize' does not exist on type 'Material'.
src/loaders/MaterialLoader.js(194,44): error TS2339: Property 'scale' does not exist on type 'Material'.
src/loaders/MaterialLoader.js(234,14): error TS2339: Property 'uniforms' does not exist on type 'Material'.
src/loaders/MaterialLoader.js(239,16): error TS2339: Property 'uniforms' does not exist on type 'Material'.
src/loaders/MaterialLoader.js(243,16): error TS2339: Property 'uniforms' does not exist on type 'Material'.
src/loaders/MaterialLoader.js(247,16): error TS2339: Property 'uniforms' does not exist on type 'Material'.
src/loaders/MaterialLoader.js(251,16): error TS2339: Property 'uniforms' does not exist on type 'Material'.
src/loaders/MaterialLoader.js(255,16): error TS2339: Property 'uniforms' does not exist on type 'Material'.
src/loaders/MaterialLoader.js(259,16): error TS2339: Property 'uniforms' does not exist on type 'Material'.
src/loaders/MaterialLoader.js(263,16): error TS2339: Property 'uniforms' does not exist on type 'Material'.
src/loaders/MaterialLoader.js(267,16): error TS2339: Property 'uniforms' does not exist on type 'Material'.
src/loaders/MaterialLoader.js(275,46): error TS2339: Property 'defines' does not exist on type 'Material'.
src/loaders/MaterialLoader.js(276,51): error TS2339: Property 'vertexShader' does not exist on type 'Material'.
src/loaders/MaterialLoader.js(277,53): error TS2339: Property 'fragmentShader' does not exist on type 'Material'.
src/loaders/MaterialLoader.js(278,50): error TS2339: Property 'glslVersion' does not exist on type 'Material'.
src/loaders/MaterialLoader.js(284,14): error TS2339: Property 'extensions' does not exist on type 'Material'.
src/loaders/MaterialLoader.js(290,45): error TS2339: Property 'lights' does not exist on type 'Material'.
src/loaders/MaterialLoader.js(291,47): error TS2339: Property 'clipping' does not exist on type 'Material'.
src/loaders/MaterialLoader.js(295,43): error TS2339: Property 'size' does not exist on type 'Material'.
src/loaders/MaterialLoader.js(296,54): error TS2339: Property 'sizeAttenuation' does not exist on type 'Material'.
src/loaders/MaterialLoader.js(300,42): error TS2339: Property 'map' does not exist on type 'Material'.
src/loaders/MaterialLoader.js(301,45): error TS2339: Property 'matcap' does not exist on type 'Material'.
src/loaders/MaterialLoader.js(303,47): error TS2339: Property 'alphaMap' does not exist on type 'Material'.
src/loaders/MaterialLoader.js(305,46): error TS2339: Property 'bumpMap' does not exist on type 'Material'.
src/loaders/MaterialLoader.js(306,48): error TS2339: Property 'bumpScale' does not exist on type 'Material'.
src/loaders/MaterialLoader.js(308,48): error TS2339: Property 'normalMap' does not exist on type 'Material'.
src/loaders/MaterialLoader.js(309,52): error TS2339: Property 'normalMapType' does not exist on type 'Material'.
src/loaders/MaterialLoader.js(322,13): error TS2339: Property 'normalScale' does not exist on type 'Material'.
src/loaders/MaterialLoader.js(326,54): error TS2339: Property 'displacementMap' does not exist on type 'Material'.
src/loaders/MaterialLoader.js(327,56): error TS2339: Property 'displacementScale' does not exist on type 'Material'.
src/loaders/MaterialLoader.js(328,55): error TS2339: Property 'displacementBias' does not exist on type 'Material'.
src/loaders/MaterialLoader.js(330,51): error TS2339: Property 'roughnessMap' does not exist on type 'Material'.
src/loaders/MaterialLoader.js(331,51): error TS2339: Property 'metalnessMap' does not exist on type 'Material'.
src/loaders/MaterialLoader.js(333,50): error TS2339: Property 'emissiveMap' does not exist on type 'Material'.
src/loaders/MaterialLoader.js(334,56): error TS2339: Property 'emissiveIntensity' does not exist on type 'Material'.
src/loaders/MaterialLoader.js(336,50): error TS2339: Property 'specularMap' does not exist on type 'Material'.
src/loaders/MaterialLoader.js(337,59): error TS2339: Property 'specularIntensityMap' does not exist on type 'Material'.
src/loaders/MaterialLoader.js(338,55): error TS2339: Property 'specularColorMap' does not exist on type 'Material'.
src/loaders/MaterialLoader.js(340,45): error TS2339: Property 'envMap' does not exist on type 'Material'.
src/loaders/MaterialLoader.js(341,53): error TS2339: Property 'envMapRotation' does not exist on type 'Material'.
src/loaders/MaterialLoader.js(342,54): error TS2339: Property 'envMapIntensity' does not exist on type 'Material'.
src/loaders/MaterialLoader.js(344,51): error TS2339: Property 'reflectivity' does not exist on type 'Material'.
src/loaders/MaterialLoader.js(345,54): error TS2339: Property 'refractionRatio' does not exist on type 'Material'.
src/loaders/MaterialLoader.js(347,47): error TS2339: Property 'lightMap' does not exist on type 'Material'.
src/loaders/MaterialLoader.js(348,56): error TS2339: Property 'lightMapIntensity' does not exist on type 'Material'.
src/loaders/MaterialLoader.js(350,44): error TS2339: Property 'aoMap' does not exist on type 'Material'.
src/loaders/MaterialLoader.js(351,53): error TS2339: Property 'aoMapIntensity' does not exist on type 'Material'.
src/loaders/MaterialLoader.js(353,50): error TS2339: Property 'gradientMap' does not exist on type 'Material'.
src/loaders/MaterialLoader.js(355,51): error TS2339: Property 'clearcoatMap' does not exist on type 'Material'.
src/loaders/MaterialLoader.js(356,60): error TS2339: Property 'clearcoatRoughnessMap' does not exist on type 'Material'.
src/loaders/MaterialLoader.js(357,57): error TS2339: Property 'clearcoatNormalMap' does not exist on type 'Material'.
src/loaders/MaterialLoader.js(358,59): error TS2339: Property 'clearcoatNormalScale' does not exist on type 'Material'.
src/loaders/MaterialLoader.js(360,53): error TS2339: Property 'iridescenceMap' does not exist on type 'Material'.
src/loaders/MaterialLoader.js(361,62): error TS2339: Property 'iridescenceThicknessMap' does not exist on type 'Material'.
src/loaders/MaterialLoader.js(363,54): error TS2339: Property 'transmissionMap' does not exist on type 'Material'.
src/loaders/MaterialLoader.js(364,51): error TS2339: Property 'thicknessMap' does not exist on type 'Material'.
src/loaders/MaterialLoader.js(366,52): error TS2339: Property 'anisotropyMap' does not exist on type 'Material'.
src/loaders/MaterialLoader.js(368,52): error TS2339: Property 'sheenColorMap' does not exist on type 'Material'.
src/loaders/MaterialLoader.js(369,56): error TS2339: Property 'sheenRoughnessMap' does not exist on type 'Material'.
src/loaders/ObjectLoader.js(99,13): error TS7014: Function type, which lacks return-type annotation, implicitly has an 'any' return type.
src/loaders/ObjectLoader.js(100,13): error TS2304: Cannot find name 'onProgressCallback'.
src/loaders/ObjectLoader.js(101,13): error TS2304: Cannot find name 'onErrorCallback'.
src/loaders/ObjectLoader.js(103,2): error TS2416: Property 'load' in type 'ObjectLoader' is not assignable to the same property in base type 'Loader'.
  Type '(url: string, onLoad: (arg0: Object3D) => any, onProgress: onProgressCallback, onError: onErrorCallback) => void' is not assignable to type '() => void'.
    Target signature provides too few arguments. Expected 4 or more, but got 0.
src/loaders/ObjectLoader.js(154,13): error TS2304: Cannot find name 'onProgressCallback'.
src/loaders/ObjectLoader.js(193,2): error TS2416: Property 'parse' in type 'ObjectLoader' is not assignable to the same property in base type 'Loader'.
  Type '(json: any, onLoad: any) => Object3D' is not assignable to type '() => void'.
    Target signature provides too few arguments. Expected 2 or more, but got 0.
src/loaders/ObjectLoader.js(193,15): error TS2502: 'onLoad' is referenced directly or indirectly in its own type annotation.
src/loaders/ObjectLoader.js(235,3): error TS2322: Type 'Object3D | Mesh | PerspectiveCamera | Scene | Sprite | LOD | SkinnedMesh | InstancedMesh | ... 10 more ... | LightProbe' is not assignable to type 'Object3D'.
  Type 'Mesh' is not assignable to type 'Object3D'.
    Types of property 'raycast' are incompatible.
      Type '(raycaster: Raycaster, intersects: any[]) => void' is not assignable to type '() => void'.
        Target signature provides too few arguments. Expected 2 or more, but got 0.
src/loaders/ObjectLoader.js(262,3): error TS2322: Type 'Object3D | Mesh | PerspectiveCamera | Scene | Sprite | LOD | SkinnedMesh | InstancedMesh | ... 10 more ... | LightProbe' is not assignable to type 'Object3D'.
  Type 'Mesh' is not assignable to type 'Object3D'.
    Types of property 'raycast' are incompatible.
      Type '(raycaster: Raycaster, intersects: any[]) => void' is not assignable to type '() => void'.
        Target signature provides too few arguments. Expected 2 or more, but got 0.
src/loaders/ObjectLoader.js(307,58): error TS2345: Argument of type '{}' is not assignable to parameter of type '{ [x: string]: Bone; }'.
  Index signature for type 'string' is missing in type '{}'.
src/loaders/ObjectLoader.js(694,13): error TS2540: Cannot assign to 'uuid' because it is a read-only property.
src/loaders/ObjectLoader.js(727,55): error TS2339: Property 'compareFunction' does not exist on type 'Texture'.
src/loaders/ObjectLoader.js(973,12): error TS2339: Property '_drawRanges' does not exist on type 'BatchedMesh'.
src/loaders/ObjectLoader.js(974,12): error TS2339: Property '_reservedRanges' does not exist on type 'BatchedMesh'.
src/loaders/ObjectLoader.js(1026,6): error TS2739: Type 'Box3' is missing the following properties from type 'Sphere': isSphere, center, radius, getBoundingBox
src/loaders/ObjectLoader.js(1093,10): error TS2540: Cannot assign to 'uuid' because it is a read-only property.
src/loaders/ObjectLoader.js(1102,67): error TS2339: Property 'position' does not exist on type 'Object3D | Mesh | PerspectiveCamera | Scene | Sprite | LOD | SkinnedMesh | InstancedMesh | ... 10 more ... | LightProbe'.
  Property 'position' does not exist on type 'Object3D'.
src/loaders/ObjectLoader.js(1102,84): error TS2339: Property 'quaternion' does not exist on type 'Object3D | Mesh | PerspectiveCamera | Scene | Sprite | LOD | SkinnedMesh | InstancedMesh | ... 10 more ... | LightProbe'.
  Property 'quaternion' does not exist on type 'Object3D'.
src/loaders/ObjectLoader.js(1102,103): error TS2339: Property 'scale' does not exist on type 'Object3D | Mesh | PerspectiveCamera | Scene | Sprite | LOD | SkinnedMesh | InstancedMesh | ... 10 more ... | LightProbe'.
  Property 'scale' does not exist on type 'Object3D'.
src/loaders/ObjectLoader.js(1106,46): error TS2339: Property 'position' does not exist on type 'Object3D | Mesh | PerspectiveCamera | Scene | Sprite | LOD | SkinnedMesh | InstancedMesh | ... 10 more ... | LightProbe'.
  Property 'position' does not exist on type 'Object3D'.
src/loaders/ObjectLoader.js(1107,46): error TS2339: Property 'rotation' does not exist on type 'Object3D | Mesh | PerspectiveCamera | Scene | Sprite | LOD | SkinnedMesh | InstancedMesh | ... 10 more ... | LightProbe'.
  Property 'rotation' does not exist on type 'Object3D'.
src/loaders/ObjectLoader.js(1108,48): error TS2339: Property 'quaternion' does not exist on type 'Object3D | Mesh | PerspectiveCamera | Scene | Sprite | LOD | SkinnedMesh | InstancedMesh | ... 10 more ... | LightProbe'.
  Property 'quaternion' does not exist on type 'Object3D'.
src/loaders/ObjectLoader.js(1109,43): error TS2339: Property 'scale' does not exist on type 'Object3D | Mesh | PerspectiveCamera | Scene | Sprite | LOD | SkinnedMesh | InstancedMesh | ... 10 more ... | LightProbe'.
  Property 'scale' does not exist on type 'Object3D'.
src/loaders/ObjectLoader.js(1120,54): error TS2339: Property 'shadow' does not exist on type 'Object3D | Mesh | PerspectiveCamera | Scene | Sprite | LOD | SkinnedMesh | InstancedMesh | ... 10 more ... | LightProbe'.
  Property 'shadow' does not exist on type 'Object3D'.
src/loaders/ObjectLoader.js(1121,49): error TS2339: Property 'shadow' does not exist on type 'Object3D | Mesh | PerspectiveCamera | Scene | Sprite | LOD | SkinnedMesh | InstancedMesh | ... 10 more ... | LightProbe'.
  Property 'shadow' does not exist on type 'Object3D'.
src/loaders/ObjectLoader.js(1122,55): error TS2339: Property 'shadow' does not exist on type 'Object3D | Mesh | PerspectiveCamera | Scene | Sprite | LOD | SkinnedMesh | InstancedMesh | ... 10 more ... | LightProbe'.
  Property 'shadow' does not exist on type 'Object3D'.
src/loaders/ObjectLoader.js(1123,51): error TS2339: Property 'shadow' does not exist on type 'Object3D | Mesh | PerspectiveCamera | Scene | Sprite | LOD | SkinnedMesh | InstancedMesh | ... 10 more ... | LightProbe'.
  Property 'shadow' does not exist on type 'Object3D'.
src/loaders/ObjectLoader.js(1124,52): error TS2339: Property 'shadow' does not exist on type 'Object3D | Mesh | PerspectiveCamera | Scene | Sprite | LOD | SkinnedMesh | InstancedMesh | ... 10 more ... | LightProbe'.
  Property 'shadow' does not exist on type 'Object3D'.
src/loaders/ObjectLoader.js(1125,51): error TS2339: Property 'shadow' does not exist on type 'Object3D | Mesh | PerspectiveCamera | Scene | Sprite | LOD | SkinnedMesh | InstancedMesh | ... 10 more ... | LightProbe'.
  Property 'shadow' does not exist on type 'Object3D'.
src/loaders/ObjectLoader.js(1141,17): error TS2345: Argument of type 'Object3D | Mesh | PerspectiveCamera | Scene | Sprite | LOD | SkinnedMesh | InstancedMesh | ... 10 more ... | LightProbe' is not assignable to parameter of type 'Object3D'.
  Type 'Mesh' is not assignable to type 'Object3D'.
    Types of property 'raycast' are incompatible.
      Type '(raycaster: Raycaster, intersects: any[]) => void' is not assignable to type '() => void'.
        Target signature provides too few arguments. Expected 2 or more, but got 0.
src/loaders/ObjectLoader.js(1163,48): error TS2339: Property 'autoUpdate' does not exist on type 'Object3D | Mesh | PerspectiveCamera | Scene | Sprite | LOD | SkinnedMesh | InstancedMesh | ... 10 more ... | LightProbe'.
  Property 'autoUpdate' does not exist on type 'Object3D'.
src/loaders/ObjectLoader.js(1174,13): error TS2339: Property 'addLevel' does not exist on type 'Object3D | Mesh | PerspectiveCamera | Scene | Sprite | LOD | SkinnedMesh | InstancedMesh | ... 10 more ... | LightProbe'.
  Property 'addLevel' does not exist on type 'Object3D'.
src/loaders/TextureLoader.js(26,13): error TS2304: Cannot find name 'LoadingManager'.
src/loaders/TextureLoader.js(41,13): error TS7014: Function type, which lacks return-type annotation, implicitly has an 'any' return type.
src/loaders/TextureLoader.js(42,13): error TS2304: Cannot find name 'onProgressCallback'.
src/loaders/TextureLoader.js(43,13): error TS2304: Cannot find name 'onErrorCallback'.
src/loaders/TextureLoader.js(46,2): error TS2416: Property 'load' in type 'TextureLoader' is not assignable to the same property in base type 'Loader'.
  Type '(url: string, onLoad: (arg0: Texture) => any, onProgress: onProgressCallback, onError: onErrorCallback) => Texture' is not assignable to type '() => void'.
    Target signature provides too few arguments. Expected 4 or more, but got 0.
src/materials/LineBasicMaterial.js(53,14): error TS2304: Cannot find name 'Texture'.
src/materials/Material.js(74,14): error TS2304: Cannot find name 'NoBlending'.
src/materials/Material.js(74,40): error TS2304: Cannot find name 'AdditiveBlending'.
src/materials/Material.js(74,57): error TS2304: Cannot find name 'SubtractiveBlending'.
src/materials/Material.js(74,77): error TS2304: Cannot find name 'MultiplyBlending'.
src/materials/Material.js(74,94): error TS2304: Cannot find name 'CustomBlending'.
src/materials/Material.js(82,24): error TS2304: Cannot find name 'BackSide'.
src/materials/Material.js(82,33): error TS2304: Cannot find name 'DoubleSide'.
src/materials/Material.js(137,14): error TS2304: Cannot find name 'ZeroFactor'.
src/materials/Material.js(137,25): error TS2304: Cannot find name 'OneFactor'.
src/materials/Material.js(137,35): error TS2304: Cannot find name 'SrcColorFactor'.
src/materials/Material.js(137,50): error TS2304: Cannot find name 'OneMinusSrcColorFactor'.
src/materials/Material.js(137,111): error TS2304: Cannot find name 'DstAlphaFactor'.
src/materials/Material.js(137,126): error TS2304: Cannot find name 'OneMinusDstAlphaFactor'.
src/materials/Material.js(137,149): error TS2304: Cannot find name 'DstColorFactor'.
src/materials/Material.js(137,164): error TS2304: Cannot find name 'OneMinusDstColorFactor'.
src/materials/Material.js(137,187): error TS2304: Cannot find name 'SrcAlphaSaturateFactor'.
src/materials/Material.js(137,210): error TS2304: Cannot find name 'ConstantColorFactor'.
src/materials/Material.js(137,230): error TS2304: Cannot find name 'OneMinusConstantColorFactor'.
src/materials/Material.js(137,258): error TS2304: Cannot find name 'ConstantAlphaFactor'.
src/materials/Material.js(137,278): error TS2304: Cannot find name 'OneMinusConstantAlphaFactor'.
src/materials/Material.js(145,14): error TS2304: Cannot find name 'ZeroFactor'.
src/materials/Material.js(145,25): error TS2304: Cannot find name 'OneFactor'.
src/materials/Material.js(145,35): error TS2304: Cannot find name 'SrcColorFactor'.
src/materials/Material.js(145,50): error TS2304: Cannot find name 'OneMinusSrcColorFactor'.
src/materials/Material.js(145,111): error TS2304: Cannot find name 'DstAlphaFactor'.
src/materials/Material.js(145,126): error TS2304: Cannot find name 'OneMinusDstAlphaFactor'.
src/materials/Material.js(145,149): error TS2304: Cannot find name 'DstColorFactor'.
src/materials/Material.js(145,164): error TS2304: Cannot find name 'OneMinusDstColorFactor'.
src/materials/Material.js(145,187): error TS2304: Cannot find name 'SrcAlphaSaturateFactor'.
src/materials/Material.js(145,210): error TS2304: Cannot find name 'ConstantColorFactor'.
src/materials/Material.js(145,230): error TS2304: Cannot find name 'OneMinusConstantColorFactor'.
src/materials/Material.js(145,258): error TS2304: Cannot find name 'ConstantAlphaFactor'.
src/materials/Material.js(145,278): error TS2304: Cannot find name 'OneMinusConstantAlphaFactor'.
src/materials/Material.js(153,26): error TS2304: Cannot find name 'SubtractEquation'.
src/materials/Material.js(153,43): error TS2304: Cannot find name 'ReverseSubtractEquation'.
src/materials/Material.js(153,67): error TS2304: Cannot find name 'MinEquation'.
src/materials/Material.js(153,79): error TS2304: Cannot find name 'MaxEquation'.
src/materials/Material.js(161,15): error TS2304: Cannot find name 'ZeroFactor'.
src/materials/Material.js(161,26): error TS2304: Cannot find name 'OneFactor'.
src/materials/Material.js(161,36): error TS2304: Cannot find name 'SrcColorFactor'.
src/materials/Material.js(161,51): error TS2304: Cannot find name 'OneMinusSrcColorFactor'.
src/materials/Material.js(161,112): error TS2304: Cannot find name 'DstAlphaFactor'.
src/materials/Material.js(161,127): error TS2304: Cannot find name 'OneMinusDstAlphaFactor'.
src/materials/Material.js(161,150): error TS2304: Cannot find name 'DstColorFactor'.
src/materials/Material.js(161,165): error TS2304: Cannot find name 'OneMinusDstColorFactor'.
src/materials/Material.js(161,188): error TS2304: Cannot find name 'SrcAlphaSaturateFactor'.
src/materials/Material.js(161,211): error TS2304: Cannot find name 'ConstantColorFactor'.
src/materials/Material.js(161,231): error TS2304: Cannot find name 'OneMinusConstantColorFactor'.
src/materials/Material.js(161,259): error TS2304: Cannot find name 'ConstantAlphaFactor'.
src/materials/Material.js(161,279): error TS2304: Cannot find name 'OneMinusConstantAlphaFactor'.
src/materials/Material.js(169,15): error TS2304: Cannot find name 'ZeroFactor'.
src/materials/Material.js(169,26): error TS2304: Cannot find name 'OneFactor'.
src/materials/Material.js(169,36): error TS2304: Cannot find name 'SrcColorFactor'.
src/materials/Material.js(169,51): error TS2304: Cannot find name 'OneMinusSrcColorFactor'.
src/materials/Material.js(169,112): error TS2304: Cannot find name 'DstAlphaFactor'.
src/materials/Material.js(169,127): error TS2304: Cannot find name 'OneMinusDstAlphaFactor'.
src/materials/Material.js(169,150): error TS2304: Cannot find name 'DstColorFactor'.
src/materials/Material.js(169,165): error TS2304: Cannot find name 'OneMinusDstColorFactor'.
src/materials/Material.js(169,188): error TS2304: Cannot find name 'SrcAlphaSaturateFactor'.
src/materials/Material.js(169,211): error TS2304: Cannot find name 'ConstantColorFactor'.
src/materials/Material.js(169,231): error TS2304: Cannot find name 'OneMinusConstantColorFactor'.
src/materials/Material.js(169,259): error TS2304: Cannot find name 'ConstantAlphaFactor'.
src/materials/Material.js(169,279): error TS2304: Cannot find name 'OneMinusConstantAlphaFactor'.
src/materials/Material.js(177,27): error TS2304: Cannot find name 'SubtractEquation'.
src/materials/Material.js(177,44): error TS2304: Cannot find name 'ReverseSubtractEquation'.
src/materials/Material.js(177,68): error TS2304: Cannot find name 'MinEquation'.
src/materials/Material.js(177,80): error TS2304: Cannot find name 'MaxEquation'.
src/materials/Material.js(205,14): error TS2304: Cannot find name 'NeverDepth'.
src/materials/Material.js(205,25): error TS2304: Cannot find name 'AlwaysDepth'.
src/materials/Material.js(205,37): error TS2304: Cannot find name 'LessDepth'.
src/materials/Material.js(205,62): error TS2304: Cannot find name 'EqualDepth'.
src/materials/Material.js(205,73): error TS2304: Cannot find name 'GreaterEqualDepth'.
src/materials/Material.js(205,91): error TS2304: Cannot find name 'GreaterDepth'.
src/materials/Material.js(205,104): error TS2304: Cannot find name 'NotEqualDepth'.
src/materials/Material.js(241,13): error TS2304: Cannot find name 'NeverStencilFunc'.
src/materials/Material.js(241,30): error TS2304: Cannot find name 'LessStencilFunc'.
src/materials/Material.js(241,46): error TS2304: Cannot find name 'EqualStencilFunc'.
src/materials/Material.js(241,63): error TS2304: Cannot find name 'LessEqualStencilFunc'.
src/materials/Material.js(241,84): error TS2304: Cannot find name 'GreaterStencilFunc'.
src/materials/Material.js(241,103): error TS2304: Cannot find name 'NotEqualStencilFunc'.
src/materials/Material.js(241,123): error TS2304: Cannot find name 'GreaterEqualStencilFunc'.
src/materials/Material.js(265,13): error TS2304: Cannot find name 'ZeroStencilOp'.
src/materials/Material.js(265,41): error TS2304: Cannot find name 'ReplaceStencilOp'.
src/materials/Material.js(265,58): error TS2304: Cannot find name 'IncrementStencilOp'.
src/materials/Material.js(265,77): error TS2304: Cannot find name 'DecrementStencilOp'.
src/materials/Material.js(265,96): error TS2304: Cannot find name 'IncrementWrapStencilOp'.
src/materials/Material.js(265,119): error TS2304: Cannot find name 'DecrementWrapStencilOp'.
src/materials/Material.js(265,142): error TS2304: Cannot find name 'InvertStencilOp'.
src/materials/Material.js(274,13): error TS2304: Cannot find name 'ZeroStencilOp'.
src/materials/Material.js(274,41): error TS2304: Cannot find name 'ReplaceStencilOp'.
src/materials/Material.js(274,58): error TS2304: Cannot find name 'IncrementStencilOp'.
src/materials/Material.js(274,77): error TS2304: Cannot find name 'DecrementStencilOp'.
src/materials/Material.js(274,96): error TS2304: Cannot find name 'IncrementWrapStencilOp'.
src/materials/Material.js(274,119): error TS2304: Cannot find name 'DecrementWrapStencilOp'.
src/materials/Material.js(274,142): error TS2304: Cannot find name 'InvertStencilOp'.
src/materials/Material.js(283,13): error TS2304: Cannot find name 'ZeroStencilOp'.
src/materials/Material.js(283,41): error TS2304: Cannot find name 'ReplaceStencilOp'.
src/materials/Material.js(283,58): error TS2304: Cannot find name 'IncrementStencilOp'.
src/materials/Material.js(283,77): error TS2304: Cannot find name 'DecrementStencilOp'.
src/materials/Material.js(283,96): error TS2304: Cannot find name 'IncrementWrapStencilOp'.
src/materials/Material.js(283,119): error TS2304: Cannot find name 'DecrementWrapStencilOp'.
src/materials/Material.js(283,142): error TS2304: Cannot find name 'InvertStencilOp'.
src/materials/Material.js(305,20): error TS2304: Cannot find name 'Plane'.
src/materials/Material.js(336,25): error TS2304: Cannot find name 'BackSide'.
src/materials/Material.js(336,34): error TS2304: Cannot find name 'DoubleSide'.
src/materials/Material.js(496,9): error TS2540: Cannot assign to 'version' because it is a read-only property.
src/materials/Material.js(509,13): error TS2304: Cannot find name 'WebGLRenderer'.
src/materials/Material.js(509,28): error TS8024: JSDoc '@param' tag has name 'renderer', but there is no parameter with that name.
src/materials/Material.js(510,13): error TS2304: Cannot find name 'Scene'.
src/materials/Material.js(510,20): error TS8024: JSDoc '@param' tag has name 'scene', but there is no parameter with that name.
src/materials/Material.js(511,13): error TS2304: Cannot find name 'Camera'.
src/materials/Material.js(511,21): error TS8024: JSDoc '@param' tag has name 'camera', but there is no parameter with that name.
src/materials/Material.js(512,13): error TS2304: Cannot find name 'BufferGeometry'.
src/materials/Material.js(512,29): error TS8024: JSDoc '@param' tag has name 'geometry', but there is no parameter with that name.
src/materials/Material.js(513,13): error TS2304: Cannot find name 'Object3D'.
src/materials/Material.js(513,23): error TS8024: JSDoc '@param' tag has name 'object', but there is no parameter with that name.
src/materials/Material.js(514,21): error TS8024: JSDoc '@param' tag has name 'group', but there is no parameter with that name.
src/materials/Material.js(527,74): error TS8024: JSDoc '@param' tag has name 'shaderobject', but there is no parameter with that name.
src/materials/Material.js(528,13): error TS2304: Cannot find name 'WebGLRenderer'.
src/materials/Material.js(528,28): error TS8024: JSDoc '@param' tag has name 'renderer', but there is no parameter with that name.
src/materials/Material.js(630,13): error TS2339: Property 'color' does not exist on type 'Material'.
src/materials/Material.js(630,27): error TS2339: Property 'color' does not exist on type 'Material'.
src/materials/Material.js(630,61): error TS2339: Property 'color' does not exist on type 'Material'.
src/materials/Material.js(632,13): error TS2339: Property 'roughness' does not exist on type 'Material'.
src/materials/Material.js(632,61): error TS2339: Property 'roughness' does not exist on type 'Material'.
src/materials/Material.js(633,13): error TS2339: Property 'metalness' does not exist on type 'Material'.
src/materials/Material.js(633,61): error TS2339: Property 'metalness' does not exist on type 'Material'.
src/materials/Material.js(635,13): error TS2339: Property 'sheen' does not exist on type 'Material'.
src/materials/Material.js(635,53): error TS2339: Property 'sheen' does not exist on type 'Material'.
src/materials/Material.js(636,13): error TS2339: Property 'sheenColor' does not exist on type 'Material'.
src/materials/Material.js(636,32): error TS2339: Property 'sheenColor' does not exist on type 'Material'.
src/materials/Material.js(636,76): error TS2339: Property 'sheenColor' does not exist on type 'Material'.
src/materials/Material.js(637,13): error TS2339: Property 'sheenRoughness' does not exist on type 'Material'.
src/materials/Material.js(637,71): error TS2339: Property 'sheenRoughness' does not exist on type 'Material'.
src/materials/Material.js(638,13): error TS2339: Property 'emissive' does not exist on type 'Material'.
src/materials/Material.js(638,30): error TS2339: Property 'emissive' does not exist on type 'Material'.
src/materials/Material.js(638,70): error TS2339: Property 'emissive' does not exist on type 'Material'.
src/materials/Material.js(639,13): error TS2339: Property 'emissiveIntensity' does not exist on type 'Material'.
src/materials/Material.js(639,53): error TS2339: Property 'emissiveIntensity' does not exist on type 'Material'.
src/materials/Material.js(639,109): error TS2339: Property 'emissiveIntensity' does not exist on type 'Material'.
src/materials/Material.js(641,13): error TS2339: Property 'specular' does not exist on type 'Material'.
src/materials/Material.js(641,30): error TS2339: Property 'specular' does not exist on type 'Material'.
src/materials/Material.js(641,70): error TS2339: Property 'specular' does not exist on type 'Material'.
src/materials/Material.js(642,13): error TS2339: Property 'specularIntensity' does not exist on type 'Material'.
src/materials/Material.js(642,77): error TS2339: Property 'specularIntensity' does not exist on type 'Material'.
src/materials/Material.js(643,13): error TS2339: Property 'specularColor' does not exist on type 'Material'.
src/materials/Material.js(643,35): error TS2339: Property 'specularColor' does not exist on type 'Material'.
src/materials/Material.js(643,85): error TS2339: Property 'specularColor' does not exist on type 'Material'.
src/materials/Material.js(644,13): error TS2339: Property 'shininess' does not exist on type 'Material'.
src/materials/Material.js(644,61): error TS2339: Property 'shininess' does not exist on type 'Material'.
src/materials/Material.js(645,13): error TS2339: Property 'clearcoat' does not exist on type 'Material'.
src/materials/Material.js(645,61): error TS2339: Property 'clearcoat' does not exist on type 'Material'.
src/materials/Material.js(646,13): error TS2339: Property 'clearcoatRoughness' does not exist on type 'Material'.
src/materials/Material.js(646,79): error TS2339: Property 'clearcoatRoughness' does not exist on type 'Material'.
src/materials/Material.js(648,13): error TS2339: Property 'clearcoatMap' does not exist on type 'Material'.
src/materials/Material.js(648,34): error TS2339: Property 'clearcoatMap' does not exist on type 'Material'.
src/materials/Material.js(650,29): error TS2339: Property 'clearcoatMap' does not exist on type 'Material'.
src/materials/Material.js(654,13): error TS2339: Property 'clearcoatRoughnessMap' does not exist on type 'Material'.
src/materials/Material.js(654,43): error TS2339: Property 'clearcoatRoughnessMap' does not exist on type 'Material'.
src/materials/Material.js(656,38): error TS2339: Property 'clearcoatRoughnessMap' does not exist on type 'Material'.
src/materials/Material.js(660,13): error TS2339: Property 'clearcoatNormalMap' does not exist on type 'Material'.
src/materials/Material.js(660,40): error TS2339: Property 'clearcoatNormalMap' does not exist on type 'Material'.
src/materials/Material.js(662,35): error TS2339: Property 'clearcoatNormalMap' does not exist on type 'Material'.
src/materials/Material.js(663,37): error TS2339: Property 'clearcoatNormalScale' does not exist on type 'Material'.
src/materials/Material.js(667,13): error TS2339: Property 'sheenColorMap' does not exist on type 'Material'.
src/materials/Material.js(667,35): error TS2339: Property 'sheenColorMap' does not exist on type 'Material'.
src/materials/Material.js(669,30): error TS2339: Property 'sheenColorMap' does not exist on type 'Material'.
src/materials/Material.js(673,13): error TS2339: Property 'sheenRoughnessMap' does not exist on type 'Material'.
src/materials/Material.js(673,39): error TS2339: Property 'sheenRoughnessMap' does not exist on type 'Material'.
src/materials/Material.js(675,34): error TS2339: Property 'sheenRoughnessMap' does not exist on type 'Material'.
src/materials/Material.js(679,13): error TS2339: Property 'dispersion' does not exist on type 'Material'.
src/materials/Material.js(679,63): error TS2339: Property 'dispersion' does not exist on type 'Material'.
src/materials/Material.js(681,13): error TS2339: Property 'iridescence' does not exist on type 'Material'.
src/materials/Material.js(681,65): error TS2339: Property 'iridescence' does not exist on type 'Material'.
src/materials/Material.js(682,13): error TS2339: Property 'iridescenceIOR' does not exist on type 'Material'.
src/materials/Material.js(682,71): error TS2339: Property 'iridescenceIOR' does not exist on type 'Material'.
src/materials/Material.js(683,13): error TS2339: Property 'iridescenceThicknessRange' does not exist on type 'Material'.
src/materials/Material.js(683,93): error TS2339: Property 'iridescenceThicknessRange' does not exist on type 'Material'.
src/materials/Material.js(685,13): error TS2339: Property 'iridescenceMap' does not exist on type 'Material'.
src/materials/Material.js(685,36): error TS2339: Property 'iridescenceMap' does not exist on type 'Material'.
src/materials/Material.js(687,31): error TS2339: Property 'iridescenceMap' does not exist on type 'Material'.
src/materials/Material.js(691,13): error TS2339: Property 'iridescenceThicknessMap' does not exist on type 'Material'.
src/materials/Material.js(691,45): error TS2339: Property 'iridescenceThicknessMap' does not exist on type 'Material'.
src/materials/Material.js(693,40): error TS2339: Property 'iridescenceThicknessMap' does not exist on type 'Material'.
src/materials/Material.js(697,13): error TS2339: Property 'anisotropy' does not exist on type 'Material'.
src/materials/Material.js(697,63): error TS2339: Property 'anisotropy' does not exist on type 'Material'.
src/materials/Material.js(698,13): error TS2339: Property 'anisotropyRotation' does not exist on type 'Material'.
src/materials/Material.js(698,79): error TS2339: Property 'anisotropyRotation' does not exist on type 'Material'.
src/materials/Material.js(700,13): error TS2339: Property 'anisotropyMap' does not exist on type 'Material'.
src/materials/Material.js(700,35): error TS2339: Property 'anisotropyMap' does not exist on type 'Material'.
src/materials/Material.js(702,30): error TS2339: Property 'anisotropyMap' does not exist on type 'Material'.
src/materials/Material.js(706,13): error TS2339: Property 'map' does not exist on type 'Material'.
src/materials/Material.js(706,25): error TS2339: Property 'map' does not exist on type 'Material'.
src/materials/Material.js(706,57): error TS2339: Property 'map' does not exist on type 'Material'.
src/materials/Material.js(707,13): error TS2339: Property 'matcap' does not exist on type 'Material'.
src/materials/Material.js(707,28): error TS2339: Property 'matcap' does not exist on type 'Material'.
src/materials/Material.js(707,66): error TS2339: Property 'matcap' does not exist on type 'Material'.
src/materials/Material.js(708,13): error TS2339: Property 'alphaMap' does not exist on type 'Material'.
src/materials/Material.js(708,30): error TS2339: Property 'alphaMap' does not exist on type 'Material'.
src/materials/Material.js(708,72): error TS2339: Property 'alphaMap' does not exist on type 'Material'.
src/materials/Material.js(710,13): error TS2339: Property 'lightMap' does not exist on type 'Material'.
src/materials/Material.js(710,30): error TS2339: Property 'lightMap' does not exist on type 'Material'.
src/materials/Material.js(712,25): error TS2339: Property 'lightMap' does not exist on type 'Material'.
src/materials/Material.js(713,34): error TS2339: Property 'lightMapIntensity' does not exist on type 'Material'.
src/materials/Material.js(717,13): error TS2339: Property 'aoMap' does not exist on type 'Material'.
src/materials/Material.js(717,27): error TS2339: Property 'aoMap' does not exist on type 'Material'.
src/materials/Material.js(719,22): error TS2339: Property 'aoMap' does not exist on type 'Material'.
src/materials/Material.js(720,31): error TS2339: Property 'aoMapIntensity' does not exist on type 'Material'.
src/materials/Material.js(724,13): error TS2339: Property 'bumpMap' does not exist on type 'Material'.
src/materials/Material.js(724,29): error TS2339: Property 'bumpMap' does not exist on type 'Material'.
src/materials/Material.js(726,24): error TS2339: Property 'bumpMap' does not exist on type 'Material'.
src/materials/Material.js(727,26): error TS2339: Property 'bumpScale' does not exist on type 'Material'.
src/materials/Material.js(731,13): error TS2339: Property 'normalMap' does not exist on type 'Material'.
src/materials/Material.js(731,31): error TS2339: Property 'normalMap' does not exist on type 'Material'.
src/materials/Material.js(733,26): error TS2339: Property 'normalMap' does not exist on type 'Material'.
src/materials/Material.js(734,30): error TS2339: Property 'normalMapType' does not exist on type 'Material'.
src/materials/Material.js(735,28): error TS2339: Property 'normalScale' does not exist on type 'Material'.
src/materials/Material.js(739,13): error TS2339: Property 'displacementMap' does not exist on type 'Material'.
src/materials/Material.js(739,37): error TS2339: Property 'displacementMap' does not exist on type 'Material'.
src/materials/Material.js(741,32): error TS2339: Property 'displacementMap' does not exist on type 'Material'.
src/materials/Material.js(742,34): error TS2339: Property 'displacementScale' does not exist on type 'Material'.
src/materials/Material.js(743,33): error TS2339: Property 'displacementBias' does not exist on type 'Material'.
src/materials/Material.js(747,13): error TS2339: Property 'roughnessMap' does not exist on type 'Material'.
src/materials/Material.js(747,34): error TS2339: Property 'roughnessMap' does not exist on type 'Material'.
src/materials/Material.js(747,84): error TS2339: Property 'roughnessMap' does not exist on type 'Material'.
src/materials/Material.js(748,13): error TS2339: Property 'metalnessMap' does not exist on type 'Material'.
src/materials/Material.js(748,34): error TS2339: Property 'metalnessMap' does not exist on type 'Material'.
src/materials/Material.js(748,84): error TS2339: Property 'metalnessMap' does not exist on type 'Material'.
src/materials/Material.js(750,13): error TS2339: Property 'emissiveMap' does not exist on type 'Material'.
src/materials/Material.js(750,33): error TS2339: Property 'emissiveMap' does not exist on type 'Material'.
src/materials/Material.js(750,81): error TS2339: Property 'emissiveMap' does not exist on type 'Material'.
src/materials/Material.js(751,13): error TS2339: Property 'specularMap' does not exist on type 'Material'.
src/materials/Material.js(751,33): error TS2339: Property 'specularMap' does not exist on type 'Material'.
src/materials/Material.js(751,81): error TS2339: Property 'specularMap' does not exist on type 'Material'.
src/materials/Material.js(752,13): error TS2339: Property 'specularIntensityMap' does not exist on type 'Material'.
src/materials/Material.js(752,42): error TS2339: Property 'specularIntensityMap' does not exist on type 'Material'.
src/materials/Material.js(752,108): error TS2339: Property 'specularIntensityMap' does not exist on type 'Material'.
src/materials/Material.js(753,13): error TS2339: Property 'specularColorMap' does not exist on type 'Material'.
src/materials/Material.js(753,38): error TS2339: Property 'specularColorMap' does not exist on type 'Material'.
src/materials/Material.js(753,96): error TS2339: Property 'specularColorMap' does not exist on type 'Material'.
src/materials/Material.js(755,13): error TS2339: Property 'envMap' does not exist on type 'Material'.
src/materials/Material.js(755,28): error TS2339: Property 'envMap' does not exist on type 'Material'.
src/materials/Material.js(757,23): error TS2339: Property 'envMap' does not exist on type 'Material'.
src/materials/Material.js(759,14): error TS2339: Property 'combine' does not exist on type 'Material'.
src/materials/Material.js(759,58): error TS2339: Property 'combine' does not exist on type 'Material'.
src/materials/Material.js(763,13): error TS2339: Property 'envMapRotation' does not exist on type 'Material'.
src/materials/Material.js(763,71): error TS2339: Property 'envMapRotation' does not exist on type 'Material'.
src/materials/Material.js(764,13): error TS2339: Property 'envMapIntensity' does not exist on type 'Material'.
src/materials/Material.js(764,73): error TS2339: Property 'envMapIntensity' does not exist on type 'Material'.
src/materials/Material.js(765,13): error TS2339: Property 'reflectivity' does not exist on type 'Material'.
src/materials/Material.js(765,67): error TS2339: Property 'reflectivity' does not exist on type 'Material'.
src/materials/Material.js(766,13): error TS2339: Property 'refractionRatio' does not exist on type 'Material'.
src/materials/Material.js(766,73): error TS2339: Property 'refractionRatio' does not exist on type 'Material'.
src/materials/Material.js(768,13): error TS2339: Property 'gradientMap' does not exist on type 'Material'.
src/materials/Material.js(768,33): error TS2339: Property 'gradientMap' does not exist on type 'Material'.
src/materials/Material.js(770,28): error TS2339: Property 'gradientMap' does not exist on type 'Material'.
src/materials/Material.js(774,13): error TS2339: Property 'transmission' does not exist on type 'Material'.
src/materials/Material.js(774,67): error TS2339: Property 'transmission' does not exist on type 'Material'.
src/materials/Material.js(775,13): error TS2339: Property 'transmissionMap' does not exist on type 'Material'.
src/materials/Material.js(775,37): error TS2339: Property 'transmissionMap' does not exist on type 'Material'.
src/materials/Material.js(775,93): error TS2339: Property 'transmissionMap' does not exist on type 'Material'.
src/materials/Material.js(776,13): error TS2339: Property 'thickness' does not exist on type 'Material'.
src/materials/Material.js(776,61): error TS2339: Property 'thickness' does not exist on type 'Material'.
src/materials/Material.js(777,13): error TS2339: Property 'thicknessMap' does not exist on type 'Material'.
src/materials/Material.js(777,34): error TS2339: Property 'thicknessMap' does not exist on type 'Material'.
src/materials/Material.js(777,84): error TS2339: Property 'thicknessMap' does not exist on type 'Material'.
src/materials/Material.js(778,13): error TS2339: Property 'attenuationDistance' does not exist on type 'Material'.
src/materials/Material.js(778,55): error TS2339: Property 'attenuationDistance' does not exist on type 'Material'.
src/materials/Material.js(778,122): error TS2339: Property 'attenuationDistance' does not exist on type 'Material'.
src/materials/Material.js(779,13): error TS2339: Property 'attenuationColor' does not exist on type 'Material'.
src/materials/Material.js(779,75): error TS2339: Property 'attenuationColor' does not exist on type 'Material'.
src/materials/Material.js(781,13): error TS2339: Property 'size' does not exist on type 'Material'.
src/materials/Material.js(781,51): error TS2339: Property 'size' does not exist on type 'Material'.
src/materials/Material.js(783,13): error TS2339: Property 'sizeAttenuation' does not exist on type 'Material'.
src/materials/Material.js(783,73): error TS2339: Property 'sizeAttenuation' does not exist on type 'Material'.
src/materials/Material.js(816,13): error TS2339: Property 'rotation' does not exist on type 'Material'.
src/materials/Material.js(816,44): error TS2339: Property 'rotation' does not exist on type 'Material'.
src/materials/Material.js(816,82): error TS2339: Property 'rotation' does not exist on type 'Material'.
src/materials/Material.js(822,13): error TS2339: Property 'linewidth' does not exist on type 'Material'.
src/materials/Material.js(822,45): error TS2339: Property 'linewidth' does not exist on type 'Material'.
src/materials/Material.js(822,85): error TS2339: Property 'linewidth' does not exist on type 'Material'.
src/materials/Material.js(823,13): error TS2339: Property 'dashSize' does not exist on type 'Material'.
src/materials/Material.js(823,59): error TS2339: Property 'dashSize' does not exist on type 'Material'.
src/materials/Material.js(824,13): error TS2339: Property 'gapSize' does not exist on type 'Material'.
src/materials/Material.js(824,57): error TS2339: Property 'gapSize' does not exist on type 'Material'.
src/materials/Material.js(825,13): error TS2339: Property 'scale' does not exist on type 'Material'.
src/materials/Material.js(825,53): error TS2339: Property 'scale' does not exist on type 'Material'.
src/materials/Material.js(835,13): error TS2339: Property 'wireframe' does not exist on type 'Material'.
src/materials/Material.js(836,13): error TS2339: Property 'wireframeLinewidth' does not exist on type 'Material'.
src/materials/Material.js(836,69): error TS2339: Property 'wireframeLinewidth' does not exist on type 'Material'.
src/materials/Material.js(837,13): error TS2339: Property 'wireframeLinecap' does not exist on type 'Material'.
src/materials/Material.js(837,73): error TS2339: Property 'wireframeLinecap' does not exist on type 'Material'.
src/materials/Material.js(838,13): error TS2339: Property 'wireframeLinejoin' does not exist on type 'Material'.
src/materials/Material.js(838,75): error TS2339: Property 'wireframeLinejoin' does not exist on type 'Material'.
src/materials/Material.js(840,13): error TS2339: Property 'flatShading' does not exist on type 'Material'.
src/materials/Material.js(846,13): error TS2339: Property 'fog' does not exist on type 'Material'.
src/materials/Material.js(889,14): error TS2351: This expression is not constructable.
  Type 'Function' has no construct signatures.
src/materials/Material.js(1008,30): error TS2540: Cannot assign to 'version' because it is a read-only property.
src/materials/Materials.js(4,10): error TS18042: 'ShaderMaterial' is a type and cannot be imported in JavaScript files. Use 'import("./ShaderMaterial.js").ShaderMaterial' in a JSDoc type annotation.
src/materials/Materials.js(24,2): error TS18043: Types cannot appear in export declarations in JavaScript files.
src/materials/MeshBasicMaterial.js(52,14): error TS2304: Cannot find name 'Texture'.
src/materials/MeshBasicMaterial.js(60,14): error TS2304: Cannot find name 'Texture'.
src/materials/MeshBasicMaterial.js(77,14): error TS2304: Cannot find name 'Texture'.
src/materials/MeshBasicMaterial.js(95,14): error TS2304: Cannot find name 'Texture'.
src/materials/MeshBasicMaterial.js(110,14): error TS2304: Cannot find name 'Texture'.
src/materials/MeshBasicMaterial.js(118,14): error TS2304: Cannot find name 'Texture'.
src/materials/MeshBasicMaterial.js(137,32): error TS2304: Cannot find name 'MixOperation'.
src/materials/MeshBasicMaterial.js(137,45): error TS2304: Cannot find name 'AddOperation'.
src/materials/MeshDepthMaterial.js(39,32): error TS2304: Cannot find name 'RGBADepthPacking'.
src/materials/MeshDepthMaterial.js(39,49): error TS2304: Cannot find name 'RGBDepthPacking'.
src/materials/MeshDepthMaterial.js(39,65): error TS2304: Cannot find name 'RGDepthPacking'.
src/materials/MeshDepthMaterial.js(48,14): error TS2304: Cannot find name 'Texture'.
src/materials/MeshDepthMaterial.js(63,14): error TS2304: Cannot find name 'Texture'.
src/materials/MeshDepthMaterial.js(76,14): error TS2304: Cannot find name 'Texture'.
src/materials/MeshDistanceMaterial.js(44,14): error TS2304: Cannot find name 'Texture'.
src/materials/MeshDistanceMaterial.js(59,14): error TS2304: Cannot find name 'Texture'.
src/materials/MeshDistanceMaterial.js(72,14): error TS2304: Cannot find name 'Texture'.
src/materials/MeshLambertMaterial.js(62,14): error TS2304: Cannot find name 'Texture'.
src/materials/MeshLambertMaterial.js(70,14): error TS2304: Cannot find name 'Texture'.
src/materials/MeshLambertMaterial.js(87,14): error TS2304: Cannot find name 'Texture'.
src/materials/MeshLambertMaterial.js(124,14): error TS2304: Cannot find name 'Texture'.
src/materials/MeshLambertMaterial.js(135,14): error TS2304: Cannot find name 'Texture'.
src/materials/MeshLambertMaterial.js(156,14): error TS2304: Cannot find name 'Texture'.
src/materials/MeshLambertMaterial.js(164,36): error TS2304: Cannot find name 'ObjectSpaceNormalMap'.
src/materials/MeshLambertMaterial.js(185,14): error TS2304: Cannot find name 'Texture'.
src/materials/MeshLambertMaterial.js(213,14): error TS2304: Cannot find name 'Texture'.
src/materials/MeshLambertMaterial.js(228,14): error TS2304: Cannot find name 'Texture'.
src/materials/MeshLambertMaterial.js(236,14): error TS2304: Cannot find name 'Texture'.
src/materials/MeshLambertMaterial.js(255,32): error TS2304: Cannot find name 'MixOperation'.
src/materials/MeshLambertMaterial.js(255,45): error TS2304: Cannot find name 'AddOperation'.
src/materials/MeshMatcapMaterial.js(56,14): error TS2304: Cannot find name 'Texture'.
src/materials/MeshMatcapMaterial.js(66,14): error TS2304: Cannot find name 'Texture'.
src/materials/MeshMatcapMaterial.js(77,14): error TS2304: Cannot find name 'Texture'.
src/materials/MeshMatcapMaterial.js(98,14): error TS2304: Cannot find name 'Texture'.
src/materials/MeshMatcapMaterial.js(106,36): error TS2304: Cannot find name 'ObjectSpaceNormalMap'.
src/materials/MeshMatcapMaterial.js(127,14): error TS2304: Cannot find name 'Texture'.
src/materials/MeshMatcapMaterial.js(162,14): error TS2304: Cannot find name 'Texture'.
src/materials/MeshNormalMaterial.js(42,14): error TS2304: Cannot find name 'Texture'.
src/materials/MeshNormalMaterial.js(63,14): error TS2304: Cannot find name 'Texture'.
src/materials/MeshNormalMaterial.js(71,36): error TS2304: Cannot find name 'ObjectSpaceNormalMap'.
src/materials/MeshNormalMaterial.js(92,14): error TS2304: Cannot find name 'Texture'.
src/materials/MeshPhongMaterial.js(77,14): error TS2304: Cannot find name 'Texture'.
src/materials/MeshPhongMaterial.js(85,14): error TS2304: Cannot find name 'Texture'.
src/materials/MeshPhongMaterial.js(102,14): error TS2304: Cannot find name 'Texture'.
src/materials/MeshPhongMaterial.js(139,14): error TS2304: Cannot find name 'Texture'.
src/materials/MeshPhongMaterial.js(150,14): error TS2304: Cannot find name 'Texture'.
src/materials/MeshPhongMaterial.js(171,14): error TS2304: Cannot find name 'Texture'.
src/materials/MeshPhongMaterial.js(179,36): error TS2304: Cannot find name 'ObjectSpaceNormalMap'.
src/materials/MeshPhongMaterial.js(200,14): error TS2304: Cannot find name 'Texture'.
src/materials/MeshPhongMaterial.js(230,14): error TS2304: Cannot find name 'Texture'.
src/materials/MeshPhongMaterial.js(245,14): error TS2304: Cannot find name 'Texture'.
src/materials/MeshPhongMaterial.js(253,14): error TS2304: Cannot find name 'Texture'.
src/materials/MeshPhongMaterial.js(272,32): error TS2304: Cannot find name 'MixOperation'.
src/materials/MeshPhongMaterial.js(272,45): error TS2304: Cannot find name 'AddOperation'.
src/materials/MeshPhysicalMaterial.js(79,14): error TS2304: Cannot find name 'Texture'.
src/materials/MeshPhysicalMaterial.js(88,14): error TS2304: Cannot find name 'Texture'.
src/materials/MeshPhysicalMaterial.js(105,14): error TS2304: Cannot find name 'Texture'.
src/materials/MeshPhysicalMaterial.js(122,14): error TS2304: Cannot find name 'Texture'.
src/materials/MeshPhysicalMaterial.js(163,14): error TS2304: Cannot find name 'Texture'.
src/materials/MeshPhysicalMaterial.js(193,14): error TS2304: Cannot find name 'Texture'.
src/materials/MeshPhysicalMaterial.js(210,14): error TS2304: Cannot find name 'Texture'.
src/materials/MeshPhysicalMaterial.js(227,14): error TS2304: Cannot find name 'Texture'.
src/materials/MeshPhysicalMaterial.js(236,14): error TS2304: Cannot find name 'Texture'.
src/materials/MeshPhysicalMaterial.js(255,14): error TS2304: Cannot find name 'Texture'.
src/materials/MeshPhysicalMaterial.js(292,14): error TS2304: Cannot find name 'Texture'.
src/materials/MeshPhysicalMaterial.js(309,14): error TS2304: Cannot find name 'Texture'.
src/materials/MeshPhysicalMaterial.js(341,9): error TS2540: Cannot assign to 'version' because it is a read-only property.
src/materials/MeshPhysicalMaterial.js(367,9): error TS2540: Cannot assign to 'version' because it is a read-only property.
src/materials/MeshPhysicalMaterial.js(391,9): error TS2540: Cannot assign to 'version' because it is a read-only property.
src/materials/MeshPhysicalMaterial.js(417,9): error TS2540: Cannot assign to 'version' because it is a read-only property.
src/materials/MeshPhysicalMaterial.js(441,9): error TS2540: Cannot assign to 'version' because it is a read-only property.
src/materials/MeshPhysicalMaterial.js(471,9): error TS2540: Cannot assign to 'version' because it is a read-only property.
src/materials/MeshStandardMaterial.js(102,14): error TS2304: Cannot find name 'Texture'.
src/materials/MeshStandardMaterial.js(110,14): error TS2304: Cannot find name 'Texture'.
src/materials/MeshStandardMaterial.js(127,14): error TS2304: Cannot find name 'Texture'.
src/materials/MeshStandardMaterial.js(164,14): error TS2304: Cannot find name 'Texture'.
src/materials/MeshStandardMaterial.js(175,14): error TS2304: Cannot find name 'Texture'.
src/materials/MeshStandardMaterial.js(196,14): error TS2304: Cannot find name 'Texture'.
src/materials/MeshStandardMaterial.js(204,36): error TS2304: Cannot find name 'ObjectSpaceNormalMap'.
src/materials/MeshStandardMaterial.js(225,14): error TS2304: Cannot find name 'Texture'.
src/materials/MeshStandardMaterial.js(254,14): error TS2304: Cannot find name 'Texture'.
src/materials/MeshStandardMaterial.js(263,14): error TS2304: Cannot find name 'Texture'.
src/materials/MeshStandardMaterial.js(278,14): error TS2304: Cannot find name 'Texture'.
src/materials/MeshStandardMaterial.js(287,14): error TS2304: Cannot find name 'Texture'.
src/materials/MeshToonMaterial.js(52,14): error TS2304: Cannot find name 'Texture'.
src/materials/MeshToonMaterial.js(62,14): error TS2304: Cannot find name 'Texture'.
src/materials/MeshToonMaterial.js(70,14): error TS2304: Cannot find name 'Texture'.
src/materials/MeshToonMaterial.js(87,14): error TS2304: Cannot find name 'Texture'.
src/materials/MeshToonMaterial.js(124,14): error TS2304: Cannot find name 'Texture'.
src/materials/MeshToonMaterial.js(135,14): error TS2304: Cannot find name 'Texture'.
src/materials/MeshToonMaterial.js(156,14): error TS2304: Cannot find name 'Texture'.
src/materials/MeshToonMaterial.js(164,36): error TS2304: Cannot find name 'ObjectSpaceNormalMap'.
src/materials/MeshToonMaterial.js(185,14): error TS2304: Cannot find name 'Texture'.
src/materials/MeshToonMaterial.js(220,14): error TS2304: Cannot find name 'Texture'.
src/materials/PointsMaterial.js(68,14): error TS2304: Cannot find name 'Texture'.
src/materials/PointsMaterial.js(83,14): error TS2304: Cannot find name 'Texture'.
src/materials/RawShaderMaterial.js(1,10): error TS18042: 'ShaderMaterial' is a type and cannot be imported in JavaScript files. Use 'import("./ShaderMaterial.js").ShaderMaterial' in a JSDoc type annotation.
src/materials/ShaderMaterial.js(39,7): error TS2300: Duplicate identifier 'ShaderMaterial'.
src/materials/ShaderMaterial.js(112,19): error TS2304: Cannot find name 'UniformsGroup'.
src/materials/ShaderMaterial.js(246,15): error TS2304: Cannot find name 'GLSL1'.
src/materials/ShaderMaterial.js(246,21): error TS2304: Cannot find name 'GLSL3'.
src/materials/ShaderMaterial.js(386,22): error TS2300: Duplicate identifier 'ShaderMaterial'.
src/materials/ShaderMaterial.js(388,30): error TS2304: Cannot find name 'Uniform'.
src/materials/ShaderMaterial.js(394,10): error TS2484: Export declaration conflicts with exported declaration of 'ShaderMaterial'.
src/materials/SpriteMaterial.js(57,14): error TS2304: Cannot find name 'Texture'.
src/materials/SpriteMaterial.js(72,14): error TS2304: Cannot find name 'Texture'.
src/math/Box2.js(106,14): error TS2351: This expression is not constructable.
  Type 'Function' has no construct signatures.
src/math/Box3.js(83,13): error TS2304: Cannot find name 'BufferAttribute'.
src/math/Box3.js(145,13): error TS2304: Cannot find name 'Object3D'.
src/math/Box3.js(165,14): error TS2351: This expression is not constructable.
  Type 'Function' has no construct signatures.
src/math/Box3.js(293,13): error TS2304: Cannot find name 'Object3D'.
src/math/Box3.js(449,13): error TS2304: Cannot find name 'Sphere'.
src/math/Box3.js(465,13): error TS2304: Cannot find name 'Plane'.
src/math/Box3.js(518,13): error TS2304: Cannot find name 'Triangle'.
src/math/Box3.js(603,13): error TS2304: Cannot find name 'Sphere'.
src/math/Box3.js(604,14): error TS2304: Cannot find name 'Sphere'.
src/math/Box3.js(665,13): error TS2304: Cannot find name 'Matrix4'.
src/math/Color.js(156,24): error TS2339: Property 'isColor' does not exist on type 'string | number | Color'.
  Property 'isColor' does not exist on type 'string'.
src/math/Color.js(158,16): error TS2345: Argument of type 'string | number | Color' is not assignable to parameter of type 'Color'.
  Type 'string' is not assignable to type 'Color'.
src/math/Color.js(172,17): error TS2345: Argument of type 'string | number | Color' is not assignable to parameter of type 'number'.
  Type 'string' is not assignable to type 'number'.
src/math/Color.js(452,14): error TS2351: This expression is not constructable.
  Type 'Function' has no construct signatures.
src/math/Color.js(836,13): error TS2304: Cannot find name 'Vector3'.
src/math/Color.js(852,13): error TS2304: Cannot find name 'Matrix3'.
src/math/Color.js(918,13): error TS2304: Cannot find name 'BufferAttribute'.
src/math/Cylindrical.js(80,13): error TS2304: Cannot find name 'Vector3'.
src/math/Cylindrical.js(114,14): error TS2351: This expression is not constructable.
  Type 'Function' has no construct signatures.
src/math/Euler.js(157,14): error TS2351: This expression is not constructable.
  Type 'Function' has no construct signatures.
src/math/Euler.js(338,13): error TS2304: Cannot find name 'Vector3'.
src/math/Euler.js(391,35): error TS2322: Type 'number' is not assignable to type 'string'.
src/math/Euler.js(412,3): error TS2322: Type 'string' is not assignable to type 'number'.
src/math/Frustum.js(90,13): error TS2304: Cannot find name 'Matrix4'.
src/math/Frustum.js(143,13): error TS2304: Cannot find name 'Object3D'.
src/math/Frustum.js(171,13): error TS2304: Cannot find name 'Sprite'.
src/math/Frustum.js(218,13): error TS2304: Cannot find name 'Box3'.
src/math/Frustum.js(278,14): error TS2351: This expression is not constructable.
  Type 'Function' has no construct signatures.
src/math/FrustumArray.js(23,35): error TS2304: Cannot find name 'WebGPUCoordinateSystem'.
src/math/FrustumArray.js(34,13): error TS2304: Cannot find name 'Object3D'.
src/math/FrustumArray.js(77,13): error TS2304: Cannot find name 'Sprite'.
src/math/FrustumArray.js(120,13): error TS2304: Cannot find name 'Sphere'.
src/math/FrustumArray.js(163,13): error TS2304: Cannot find name 'Box3'.
src/math/FrustumArray.js(206,13): error TS2304: Cannot find name 'Vector3'.
src/math/Interpolant.js(25,13): error TS2304: Cannot find name 'TypedArray'.
src/math/Interpolant.js(26,13): error TS2304: Cannot find name 'TypedArray'.
src/math/Interpolant.js(28,13): error TS2304: Cannot find name 'TypedArray'.
src/math/Interpolant.js(35,13): error TS2304: Cannot find name 'TypedArray'.
src/math/Interpolant.js(51,13): error TS2304: Cannot find name 'TypedArray'.
src/math/Interpolant.js(58,13): error TS2304: Cannot find name 'TypedArray'.
src/math/Interpolant.js(65,13): error TS2304: Cannot find name 'TypedArray'.
src/math/Interpolant.js(90,14): error TS2304: Cannot find name 'TypedArray'.
src/math/Interpolant.js(244,27): error TS2554: Expected 0 arguments, but got 3.
src/math/Interpolant.js(248,29): error TS2554: Expected 0 arguments, but got 4.
src/math/Interpolant.js(267,14): error TS2304: Cannot find name 'TypedArray'.
src/math/Interpolant.js(292,21): error TS8024: JSDoc '@param' tag has name 'i1', but there is no parameter with that name.
src/math/Interpolant.js(293,21): error TS8024: JSDoc '@param' tag has name 't0', but there is no parameter with that name.
src/math/Interpolant.js(294,21): error TS8024: JSDoc '@param' tag has name 't', but there is no parameter with that name.
src/math/Interpolant.js(295,21): error TS8024: JSDoc '@param' tag has name 't1', but there is no parameter with that name.
src/math/Interpolant.js(296,14): error TS2304: Cannot find name 'TypedArray'.
src/math/Interpolant.js(308,21): error TS8024: JSDoc '@param' tag has name 'i1', but there is no parameter with that name.
src/math/Interpolant.js(309,21): error TS8024: JSDoc '@param' tag has name 't0', but there is no parameter with that name.
src/math/Interpolant.js(310,21): error TS8024: JSDoc '@param' tag has name 't', but there is no parameter with that name.
src/math/interpolants/CubicInterpolant.js(18,13): error TS2304: Cannot find name 'TypedArray'.
src/math/interpolants/CubicInterpolant.js(19,13): error TS2304: Cannot find name 'TypedArray'.
src/math/interpolants/CubicInterpolant.js(21,13): error TS2304: Cannot find name 'TypedArray'.
src/math/interpolants/DiscreteInterpolant.js(14,13): error TS2304: Cannot find name 'TypedArray'.
src/math/interpolants/DiscreteInterpolant.js(15,13): error TS2304: Cannot find name 'TypedArray'.
src/math/interpolants/DiscreteInterpolant.js(17,13): error TS2304: Cannot find name 'TypedArray'.
src/math/interpolants/LinearInterpolant.js(13,13): error TS2304: Cannot find name 'TypedArray'.
src/math/interpolants/LinearInterpolant.js(14,13): error TS2304: Cannot find name 'TypedArray'.
src/math/interpolants/LinearInterpolant.js(16,13): error TS2304: Cannot find name 'TypedArray'.
src/math/interpolants/QuaternionLinearInterpolant.js(14,13): error TS2304: Cannot find name 'TypedArray'.
src/math/interpolants/QuaternionLinearInterpolant.js(15,13): error TS2304: Cannot find name 'TypedArray'.
src/math/interpolants/QuaternionLinearInterpolant.js(17,13): error TS2304: Cannot find name 'TypedArray'.
src/math/Line3.js(299,13): error TS2304: Cannot find name 'Matrix4'.
src/math/Line3.js(330,14): error TS2351: This expression is not constructable.
  Type 'Function' has no construct signatures.
src/math/MathUtils.js(323,12): error TS2304: Cannot find name 'Quaternion'.
src/math/MathUtils.js(383,12): error TS2304: Cannot find name 'TypedArray'.
src/math/MathUtils.js(430,12): error TS2304: Cannot find name 'TypedArray'.
src/math/Matrix2.js(48,21): error TS2339: Property 'isMatrix2' does not exist on type 'Matrix2'.
src/math/Matrix3.js(55,21): error TS2339: Property 'isMatrix3' does not exist on type 'Matrix3'.
src/math/Matrix3.js(146,13): error TS2304: Cannot find name 'Vector3'.
src/math/Matrix3.js(147,13): error TS2304: Cannot find name 'Vector3'.
src/math/Matrix3.js(148,13): error TS2304: Cannot find name 'Vector3'.
src/math/Matrix3.js(164,13): error TS2304: Cannot find name 'Matrix4'.
src/math/Matrix3.js(343,13): error TS2304: Cannot find name 'Matrix4'.
src/math/Matrix3.js(452,20): error TS2304: Cannot find name 'Vector2'.
src/math/Matrix3.js(605,14): error TS2351: This expression is not constructable.
  Type 'Function' has no construct signatures.
src/math/Matrix4.js(75,21): error TS2339: Property 'isMatrix4' does not exist on type 'Matrix4'.
src/math/Matrix4.js(207,13): error TS2304: Cannot find name 'Matrix3'.
src/math/Matrix4.js(315,13): error TS2304: Cannot find name 'Euler'.
src/math/Matrix4.js(445,13): error TS2304: Cannot find name 'Quaternion'.
src/math/Matrix4.js(692,10): error TS2339: Property 'isVector3' does not exist on type 'number | Vector3'.
  Property 'isVector3' does not exist on type 'number'.
src/math/Matrix4.js(694,17): error TS2339: Property 'x' does not exist on type 'number | Vector3'.
  Property 'x' does not exist on type 'number'.
src/math/Matrix4.js(695,17): error TS2339: Property 'y' does not exist on type 'number | Vector3'.
  Property 'y' does not exist on type 'number'.
src/math/Matrix4.js(696,17): error TS2339: Property 'z' does not exist on type 'number | Vector3'.
  Property 'z' does not exist on type 'number'.
src/math/Matrix4.js(700,4): error TS2322: Type 'number | Vector3' is not assignable to type 'number'.
  Type 'Vector3' is not assignable to type 'number'.
src/math/Matrix4.js(809,10): error TS2339: Property 'isVector3' does not exist on type 'number | Vector3'.
  Property 'isVector3' does not exist on type 'number'.
src/math/Matrix4.js(813,16): error TS2339: Property 'x' does not exist on type 'number | Vector3'.
  Property 'x' does not exist on type 'number'.
src/math/Matrix4.js(814,16): error TS2339: Property 'y' does not exist on type 'number | Vector3'.
  Property 'y' does not exist on type 'number'.
src/math/Matrix4.js(815,16): error TS2339: Property 'z' does not exist on type 'number | Vector3'.
  Property 'z' does not exist on type 'number'.
src/math/Matrix4.js(824,14): error TS2345: Argument of type 'number | Vector3' is not assignable to parameter of type 'number'.
  Type 'Vector3' is not assignable to type 'number'.
src/math/Matrix4.js(997,13): error TS2304: Cannot find name 'Quaternion'.
src/math/Matrix4.js(1046,13): error TS2304: Cannot find name 'Quaternion'.
src/math/Plane.js(184,13): error TS2304: Cannot find name 'Sphere'.
src/math/Plane.js(211,13): error TS2304: Cannot find name 'Line3'.
src/math/Plane.js(250,13): error TS2304: Cannot find name 'Line3'.
src/math/Plane.js(267,13): error TS2304: Cannot find name 'Box3'.
src/math/Plane.js(279,13): error TS2304: Cannot find name 'Sphere'.
src/math/Plane.js(309,13): error TS2304: Cannot find name 'Matrix4'.
src/math/Plane.js(310,13): error TS2304: Cannot find name 'Matrix4'.
src/math/Plane.js(361,14): error TS2351: This expression is not constructable.
  Type 'Function' has no construct signatures.
src/math/Quaternion.js(278,14): error TS2351: This expression is not constructable.
  Type 'Function' has no construct signatures.
src/math/Quaternion.js(305,13): error TS2304: Cannot find name 'Euler'.
src/math/Quaternion.js(386,13): error TS2304: Cannot find name 'Vector3'.
src/math/Quaternion.js(410,13): error TS2304: Cannot find name 'Matrix4'.
src/math/Quaternion.js(475,13): error TS2304: Cannot find name 'Vector3'.
src/math/Quaternion.js(476,13): error TS2304: Cannot find name 'Vector3'.
src/math/Quaternion.js(892,13): error TS2304: Cannot find name 'BufferAttribute'.
src/math/Ray.js(307,13): error TS2304: Cannot find name 'Sphere'.
src/math/Ray.js(344,13): error TS2304: Cannot find name 'Sphere'.
src/math/Ray.js(359,13): error TS2304: Cannot find name 'Plane'.
src/math/Ray.js(393,13): error TS2304: Cannot find name 'Plane'.
src/math/Ray.js(414,13): error TS2304: Cannot find name 'Plane'.
src/math/Ray.js(447,13): error TS2304: Cannot find name 'Box3'.
src/math/Ray.js(520,13): error TS2304: Cannot find name 'Box3'.
src/math/Ray.js(618,13): error TS2304: Cannot find name 'Matrix4'.
src/math/Ray.js(649,14): error TS2351: This expression is not constructable.
  Type 'Function' has no construct signatures.
src/math/Sphere.js(200,13): error TS2304: Cannot find name 'Plane'.
src/math/Sphere.js(261,13): error TS2304: Cannot find name 'Matrix4'.
src/math/Sphere.js(386,14): error TS2351: This expression is not constructable.
  Type 'Function' has no construct signatures.
src/math/Sphere.js(414,3): error TS2322: Type 'this' is not assignable to type 'Box3'.
  Type 'Sphere' is missing the following properties from type 'Box3': isBox3, min, max, setFromArray, and 13 more.
src/math/Spherical.js(97,13): error TS2304: Cannot find name 'Vector3'.
src/math/Spherical.js(141,14): error TS2351: This expression is not constructable.
  Type 'Function' has no construct signatures.
src/math/SphericalHarmonics3.js(263,14): error TS2351: This expression is not constructable.
  Type 'Function' has no construct signatures.
src/math/Triangle.js(189,13): error TS2304: Cannot find name 'BufferAttribute'.
src/math/Triangle.js(275,13): error TS2304: Cannot find name 'BufferAttribute'.
src/math/Triangle.js(298,14): error TS2351: This expression is not constructable.
  Type 'Function' has no construct signatures.
src/math/Triangle.js(359,13): error TS2304: Cannot find name 'Plane'.
src/math/Triangle.js(360,14): error TS2304: Cannot find name 'Plane'.
src/math/Triangle.js(428,13): error TS2304: Cannot find name 'Box3'.
src/math/Vector2.js(45,21): error TS2339: Property 'isVector2' does not exist on type 'Vector2'.
src/math/Vector2.js(202,14): error TS2351: This expression is not constructable.
  Type 'Function' has no construct signatures.
src/math/Vector2.js(390,13): error TS2304: Cannot find name 'Matrix3'.
src/math/Vector2.js(808,13): error TS2304: Cannot find name 'BufferAttribute'.
src/math/Vector3.js(47,21): error TS2339: Property 'isVector3' does not exist on type 'Vector3'.
src/math/Vector3.js(198,14): error TS2351: This expression is not constructable.
  Type 'Function' has no construct signatures.
src/math/Vector3.js(270,21): error TS2304: Cannot find name 'Vector4'.
src/math/Vector3.js(385,13): error TS2304: Cannot find name 'Euler'.
src/math/Vector3.js(410,13): error TS2304: Cannot find name 'Matrix3'.
src/math/Vector3.js(430,13): error TS2304: Cannot find name 'Matrix3'.
src/math/Vector3.js(443,13): error TS2304: Cannot find name 'Matrix4'.
src/math/Vector3.js(492,13): error TS2304: Cannot find name 'Camera'.
src/math/Vector3.js(505,13): error TS2304: Cannot find name 'Camera'.
src/math/Vector3.js(518,13): error TS2304: Cannot find name 'Matrix4'.
src/math/Vector3.js(988,13): error TS2304: Cannot find name 'Spherical'.
src/math/Vector3.js(1020,13): error TS2304: Cannot find name 'Cylindrical'.
src/math/Vector3.js(1051,13): error TS2304: Cannot find name 'Matrix4'.
src/math/Vector3.js(1070,13): error TS2304: Cannot find name 'Matrix4'.
src/math/Vector3.js(1090,13): error TS2304: Cannot find name 'Matrix4'.
src/math/Vector3.js(1103,13): error TS2304: Cannot find name 'Matrix3'.
src/math/Vector3.js(1116,13): error TS2304: Cannot find name 'Euler'.
src/math/Vector3.js(1133,13): error TS2304: Cannot find name 'Color'.
src/math/Vector3.js(1197,13): error TS2304: Cannot find name 'BufferAttribute'.
src/math/Vector4.js(46,21): error TS2339: Property 'isVector4' does not exist on type 'Vector4'.
src/math/Vector4.js(257,14): error TS2351: This expression is not constructable.
  Type 'Function' has no construct signatures.
src/math/Vector4.js(264,13): error TS2304: Cannot find name 'Vector3'.
src/math/Vector4.js(437,13): error TS2304: Cannot find name 'Matrix4'.
src/math/Vector4.js(487,13): error TS2304: Cannot find name 'Quaternion'.
src/math/Vector4.js(522,13): error TS2304: Cannot find name 'Matrix4'.
src/math/Vector4.js(659,13): error TS2304: Cannot find name 'Matrix4'.
src/math/Vector4.js(1020,13): error TS2304: Cannot find name 'BufferAttribute'.
src/objects/BatchedMesh.js(190,13): error TS2304: Cannot find name 'Material'.
src/objects/BatchedMesh.js(190,28): error TS2304: Cannot find name 'Material'.
src/objects/BatchedMesh.js(877,21): error TS8024: JSDoc '@param' tag has name 'instanceId', but there is no parameter with that name.
src/objects/InstancedMesh.js(33,13): error TS2304: Cannot find name 'BufferGeometry'.
src/objects/InstancedMesh.js(34,13): error TS2304: Cannot find name 'Material'.
src/objects/InstancedMesh.js(34,28): error TS2304: Cannot find name 'Material'.
src/objects/InstancedMesh.js(37,35): error TS1016: A required parameter cannot follow an optional parameter.
src/objects/InstancedMesh.js(204,13): error TS2304: Cannot find name 'Color'.
src/objects/InstancedMesh.js(305,13): error TS2304: Cannot find name 'Color'.
src/objects/Line.js(46,13): error TS2304: Cannot find name 'Material'.
src/objects/Line.js(46,28): error TS2304: Cannot find name 'Material'.
src/objects/Line.js(73,13): error TS2304: Cannot find name 'Material'.
src/objects/Line.js(73,28): error TS2304: Cannot find name 'Material'.
src/objects/Line.js(102,2): error TS2416: Property 'copy' in type 'Line' is not assignable to the same property in base type 'Object3D'.
  Type '(source: any, recursive: any) => this' is not assignable to type '(source: Object3D, recursive?: boolean) => Object3D'.
    Type 'this' is not assignable to type 'Object3D'.
      Type 'Line' is not assignable to type 'Object3D'.
        Types of property 'raycast' are incompatible.
          Type '(raycaster: Raycaster, intersects: any[]) => void' is not assignable to type '() => void'.
            Target signature provides too few arguments. Expected 2 or more, but got 0.
src/objects/Line.js(156,13): error TS2304: Cannot find name 'Raycaster'.
src/objects/Line.js(159,2): error TS2416: Property 'raycast' in type 'Line' is not assignable to the same property in base type 'Object3D'.
  Type '(raycaster: Raycaster, intersects: any[]) => void' is not assignable to type '() => void'.
    Target signature provides too few arguments. Expected 2 or more, but got 0.
src/objects/Line.js(181,47): error TS2339: Property 'scale' does not exist on type 'Line'.
src/objects/Line.js(181,62): error TS2339: Property 'scale' does not exist on type 'Line'.
src/objects/Line.js(181,77): error TS2339: Property 'scale' does not exist on type 'Line'.
src/objects/Line.js(184,21): error TS2339: Property 'isLineSegments' does not exist on type 'Line'.
src/objects/Line.js(210,14): error TS2339: Property 'isLineLoop' does not exist on type 'Line'.
src/objects/Line.js(242,14): error TS2339: Property 'isLineLoop' does not exist on type 'Line'.
src/objects/LineLoop.js(15,13): error TS2304: Cannot find name 'BufferGeometry'.
src/objects/LineLoop.js(16,13): error TS2304: Cannot find name 'Material'.
src/objects/LineLoop.js(16,28): error TS2304: Cannot find name 'Material'.
src/objects/LineSegments.js(18,13): error TS2304: Cannot find name 'BufferGeometry'.
src/objects/LineSegments.js(19,13): error TS2304: Cannot find name 'Material'.
src/objects/LineSegments.js(19,28): error TS2304: Cannot find name 'Material'.
src/objects/LOD.js(69,4): error TS2559: Type '{ object: Object3D; distance: number; hysteresis: number; }[]' has no properties in common with type 'PropertyDescriptor'.
src/objects/LOD.js(70,5): error TS2353: Object literal may only specify known properties, and 'enumerable' does not exist in type '{ object: Object3D; distance: number; hysteresis: number; }[]'.
src/objects/LOD.js(87,2): error TS2416: Property 'copy' in type 'LOD' is not assignable to the same property in base type 'Object3D'.
  Type '(source: any) => this' is not assignable to type '(source: Object3D, recursive?: boolean) => Object3D'.
    Type 'this' is not assignable to type 'Object3D'.
      Type 'LOD' is not assignable to type 'Object3D'.
        Types of property 'raycast' are incompatible.
          Type '(raycaster: Raycaster, intersects: any[]) => void' is not assignable to type '() => void'.
            Target signature provides too few arguments. Expected 2 or more, but got 0.
src/objects/LOD.js(120,23): error TS2339: Property 'levels' does not exist on type 'LOD'.
src/objects/LOD.js(151,23): error TS2339: Property 'levels' does not exist on type 'LOD'.
src/objects/LOD.js(190,23): error TS2339: Property 'levels' does not exist on type 'LOD'.
src/objects/LOD.js(225,13): error TS2304: Cannot find name 'Raycaster'.
src/objects/LOD.js(228,2): error TS2416: Property 'raycast' in type 'LOD' is not assignable to the same property in base type 'Object3D'.
  Type '(raycaster: Raycaster, intersects: any[]) => void' is not assignable to type '() => void'.
    Target signature provides too few arguments. Expected 2 or more, but got 0.
src/objects/LOD.js(230,23): error TS2339: Property 'levels' does not exist on type 'LOD'.
src/objects/LOD.js(238,51): error TS2554: Expected 0 arguments, but got 2.
src/objects/LOD.js(248,13): error TS2304: Cannot find name 'Camera'.
src/objects/LOD.js(252,23): error TS2339: Property 'levels' does not exist on type 'LOD'.
src/objects/LOD.js(308,23): error TS2339: Property 'levels' does not exist on type 'LOD'.
src/objects/Mesh.js(45,13): error TS2304: Cannot find name 'Material'.
src/objects/Mesh.js(45,28): error TS2304: Cannot find name 'Material'.
src/objects/Mesh.js(72,13): error TS2304: Cannot find name 'Material'.
src/objects/Mesh.js(72,28): error TS2304: Cannot find name 'Material'.
src/objects/Mesh.js(110,2): error TS2416: Property 'copy' in type 'Mesh' is not assignable to the same property in base type 'Object3D'.
  Type '(source: any, recursive: any) => this' is not assignable to type '(source: Object3D, recursive?: boolean) => Object3D'.
    Type 'this' is not assignable to type 'Object3D'.
      Type 'Mesh' is not assignable to type 'Object3D'.
        Types of property 'raycast' are incompatible.
          Type '(raycaster: Raycaster, intersects: any[]) => void' is not assignable to type '() => void'.
            Target signature provides too few arguments. Expected 2 or more, but got 0.
src/objects/Mesh.js(223,13): error TS2304: Cannot find name 'Raycaster'.
src/objects/Mesh.js(226,2): error TS2416: Property 'raycast' in type 'Mesh' is not assignable to the same property in base type 'Object3D'.
  Type '(raycaster: Raycaster, intersects: any[]) => void' is not assignable to type '() => void'.
    Target signature provides too few arguments. Expected 2 or more, but got 0.
src/objects/Mesh.js(455,81): error TS2345: Argument of type 'Vector2' is not assignable to parameter of type 'Vector3'.
  Type 'Vector2' is missing the following properties from type 'Vector3': z, setZ, multiplyVectors, applyEuler, and 22 more.
src/objects/Mesh.js(461,83): error TS2345: Argument of type 'Vector2' is not assignable to parameter of type 'Vector3'.
  Type 'Vector2' is missing the following properties from type 'Vector3': z, setZ, multiplyVectors, applyEuler, and 22 more.
src/objects/Points.js(25,13): error TS2304: Cannot find name 'Material'.
src/objects/Points.js(25,28): error TS2304: Cannot find name 'Material'.
src/objects/Points.js(52,13): error TS2304: Cannot find name 'Material'.
src/objects/Points.js(52,28): error TS2304: Cannot find name 'Material'.
src/objects/Points.js(81,2): error TS2416: Property 'copy' in type 'Points' is not assignable to the same property in base type 'Object3D'.
  Type '(source: any, recursive: any) => this' is not assignable to type '(source: Object3D, recursive?: boolean) => Object3D'.
    Type 'this' is not assignable to type 'Object3D'.
      Type 'Points' is not assignable to type 'Object3D'.
        Types of property 'raycast' are incompatible.
          Type '(raycaster: Raycaster, intersects: any[]) => void' is not assignable to type '() => void'.
            Target signature provides too few arguments. Expected 2 or more, but got 0.
src/objects/Points.js(95,13): error TS2304: Cannot find name 'Raycaster'.
src/objects/Points.js(98,2): error TS2416: Property 'raycast' in type 'Points' is not assignable to the same property in base type 'Object3D'.
  Type '(raycaster: Raycaster, intersects: any[]) => void' is not assignable to type '() => void'.
    Target signature provides too few arguments. Expected 2 or more, but got 0.
src/objects/Points.js(120,47): error TS2339: Property 'scale' does not exist on type 'Points'.
src/objects/Points.js(120,62): error TS2339: Property 'scale' does not exist on type 'Points'.
src/objects/Points.js(120,77): error TS2339: Property 'scale' does not exist on type 'Points'.
src/objects/Skeleton.js(176,37): error TS2339: Property 'isBone' does not exist on type 'Object3D'.
src/objects/Skeleton.js(187,33): error TS2339: Property 'position' does not exist on type 'Bone'.
src/objects/Skeleton.js(187,48): error TS2339: Property 'quaternion' does not exist on type 'Bone'.
src/objects/Skeleton.js(187,65): error TS2339: Property 'scale' does not exist on type 'Bone'.
src/objects/Skeleton.js(214,27): error TS2345: Argument of type 'Float32Array<ArrayBufferLike>' is not assignable to parameter of type 'number[]'.
  Type 'Float32Array<ArrayBufferLike>' is missing the following properties from type 'number[]': pop, push, concat, shift, and 5 more.
src/objects/SkinnedMesh.js(41,13): error TS2304: Cannot find name 'BufferGeometry'.
src/objects/SkinnedMesh.js(42,13): error TS2304: Cannot find name 'Material'.
src/objects/SkinnedMesh.js(42,28): error TS2304: Cannot find name 'Material'.
src/objects/SkinnedMesh.js(224,13): error TS2304: Cannot find name 'Skeleton'.
src/objects/Sprite.js(125,13): error TS2304: Cannot find name 'Raycaster'.
src/objects/Sprite.js(128,2): error TS2416: Property 'raycast' in type 'Sprite' is not assignable to the same property in base type 'Object3D'.
  Type '(raycaster: Raycaster, intersects: any[]) => void' is not assignable to type '() => void'.
    Target signature provides too few arguments. Expected 2 or more, but got 0.
src/objects/Sprite.js(139,8): error TS2339: Property 'modelViewMatrix' does not exist on type 'Sprite'.
src/objects/Sprite.js(141,43): error TS2339: Property 'modelViewMatrix' does not exist on type 'Sprite'.
src/objects/Sprite.js(195,67): error TS2345: Argument of type 'Vector2' is not assignable to parameter of type 'Vector3'.
  Type 'Vector2' is missing the following properties from type 'Vector3': z, setZ, multiplyVectors, applyEuler, and 22 more.
src/objects/Sprite.js(203,2): error TS2416: Property 'copy' in type 'Sprite' is not assignable to the same property in base type 'Object3D'.
  Type '(source: any, recursive: any) => this' is not assignable to type '(source: Object3D, recursive?: boolean) => Object3D'.
    Type 'this' is not assignable to type 'Object3D'.
      Type 'Sprite' is not assignable to type 'Object3D'.
        Types of property 'raycast' are incompatible.
          Type '(raycaster: Raycaster, intersects: any[]) => void' is not assignable to type '() => void'.
            Target signature provides too few arguments. Expected 2 or more, but got 0.
src/renderers/webgl/WebGLAttributes.js(24,22): error TS2304: Cannot find name 'Float16Array'.
src/renderers/webgl/WebGLAttributes.js(24,71): error TS2304: Cannot find name 'Float16Array'.
src/renderers/webgl/WebGLBackground.js(4,10): error TS18042: 'ShaderMaterial' is a type and cannot be imported in JavaScript files. Use 'import("../../materials/ShaderMaterial.js").ShaderMaterial' in a JSDoc type annotation.
src/renderers/webgl/WebGLBindingStates.js(92,25): error TS2538: Type 'boolean' cannot be used as an index type.
src/renderers/webgl/WebGLBindingStates.js(97,14): error TS2538: Type 'boolean' cannot be used as an index type.
src/renderers/webgl/WebGLClipping.js(101,51): error TS2339: Property 'numPlanes' does not exist on type 'setState'.
src/renderers/webgl/WebGLClipping.js(102,9): error TS2339: Property 'numPlanes' does not exist on type 'setState'.
src/renderers/webgl/WebGLLights.js(158,16): error TS2350: Only a void function can be called with the 'new' keyword.
src/renderers/webgl/WebGLMorphtargets.js(117,13): error TS1252: Function declarations are not allowed inside blocks in strict mode when targeting 'ES5'. Modules are automatically in strict mode.
src/renderers/webgl/WebGLRenderLists.js(202,11): error TS2350: Only a void function can be called with the 'new' keyword.
src/renderers/webgl/WebGLRenderLists.js(209,12): error TS2350: Only a void function can be called with the 'new' keyword.
src/renderers/webgl/WebGLRenderStates.js(5,17): error TS2350: Only a void function can be called with the 'new' keyword.
src/renderers/webgl/WebGLRenderStates.js(77,18): error TS2350: Only a void function can be called with the 'new' keyword.
src/renderers/webgl/WebGLRenderStates.js(84,19): error TS2350: Only a void function can be called with the 'new' keyword.
src/renderers/webgl/WebGLShadowMap.js(5,10): error TS18042: 'ShaderMaterial' is a type and cannot be imported in JavaScript files. Use 'import("../../materials/ShaderMaterial.js").ShaderMaterial' in a JSDoc type annotation.
src/renderers/webgl/WebGLShadowMap.js(49,27): error TS2339: Property 'defines' does not exist on type 'Material'.
src/renderers/webgl/WebGLShadowMap.js(220,29): error TS2339: Property 'defines' does not exist on type 'Material'.
src/renderers/webgl/WebGLShadowMap.js(244,28): error TS2339: Property 'uniforms' does not exist on type 'Material'.
src/renderers/webgl/WebGLShadowMap.js(245,28): error TS2339: Property 'uniforms' does not exist on type 'Material'.
src/renderers/webgl/WebGLShadowMap.js(246,28): error TS2339: Property 'uniforms' does not exist on type 'Material'.
src/renderers/webgl/WebGLState.js(358,22): error TS2350: Only a void function can be called with the 'new' keyword.
src/renderers/webgl/WebGLState.js(359,22): error TS2350: Only a void function can be called with the 'new' keyword.
src/renderers/webgl/WebGLState.js(360,24): error TS2350: Only a void function can be called with the 'new' keyword.
src/renderers/webgl/WebGLState.js(983,32): error TS2802: Type 'IArguments' can only be iterated through when using the '--downlevelIteration' flag or with a '--target' of 'es2015' or higher.
src/renderers/webgl/WebGLState.js(997,32): error TS2802: Type 'IArguments' can only be iterated through when using the '--downlevelIteration' flag or with a '--target' of 'es2015' or higher.
src/renderers/webgl/WebGLState.js(1011,25): error TS2802: Type 'IArguments' can only be iterated through when using the '--downlevelIteration' flag or with a '--target' of 'es2015' or higher.
src/renderers/webgl/WebGLState.js(1025,25): error TS2802: Type 'IArguments' can only be iterated through when using the '--downlevelIteration' flag or with a '--target' of 'es2015' or higher.
src/renderers/webgl/WebGLState.js(1039,35): error TS2802: Type 'IArguments' can only be iterated through when using the '--downlevelIteration' flag or with a '--target' of 'es2015' or higher.
src/renderers/webgl/WebGLState.js(1053,35): error TS2802: Type 'IArguments' can only be iterated through when using the '--downlevelIteration' flag or with a '--target' of 'es2015' or higher.
src/renderers/webgl/WebGLState.js(1067,24): error TS2802: Type 'IArguments' can only be iterated through when using the '--downlevelIteration' flag or with a '--target' of 'es2015' or higher.
src/renderers/webgl/WebGLState.js(1081,24): error TS2802: Type 'IArguments' can only be iterated through when using the '--downlevelIteration' flag or with a '--target' of 'es2015' or higher.
src/renderers/webgl/WebGLState.js(1095,22): error TS2802: Type 'IArguments' can only be iterated through when using the '--downlevelIteration' flag or with a '--target' of 'es2015' or higher.
src/renderers/webgl/WebGLState.js(1109,22): error TS2802: Type 'IArguments' can only be iterated through when using the '--downlevelIteration' flag or with a '--target' of 'es2015' or higher.
src/renderers/webgl/WebGLUniforms.js(1059,20): error TS2322: Type 'number' is not assignable to type 'string'.
src/renderers/webgl/WebGLUniforms.js(1059,25): error TS2362: The left-hand side of an arithmetic operation must be of type 'any', 'number', 'bigint' or an enum type.
src/renderers/WebGL3DRenderTarget.js(17,13): error TS2304: Cannot find name 'RenderTarget'.
src/renderers/WebGL3DRenderTarget.js(17,25): error TS8024: JSDoc '@param' tag has name '', but there is no parameter with that name.
src/renderers/WebGL3DRenderTarget.js(17,25): error TS1005: '}' expected.
src/renderers/WebGL3DRenderTarget.js(42,16): error TS2540: Cannot assign to 'isRenderTargetTexture' because it is a read-only property.
src/renderers/WebGLArrayRenderTarget.js(17,13): error TS2304: Cannot find name 'RenderTarget'.
src/renderers/WebGLArrayRenderTarget.js(17,25): error TS8024: JSDoc '@param' tag has name '', but there is no parameter with that name.
src/renderers/WebGLArrayRenderTarget.js(17,25): error TS1005: '}' expected.
src/renderers/WebGLArrayRenderTarget.js(42,16): error TS2540: Cannot assign to 'isRenderTargetTexture' because it is a read-only property.
src/renderers/WebGLCubeRenderTarget.js(4,10): error TS18042: 'ShaderMaterial' is a type and cannot be imported in JavaScript files. Use 'import("../materials/ShaderMaterial.js").ShaderMaterial' in a JSDoc type annotation.
src/renderers/WebGLCubeRenderTarget.js(21,13): error TS2304: Cannot find name 'RenderTarget'.
src/renderers/WebGLCubeRenderTarget.js(21,25): error TS8024: JSDoc '@param' tag has name '', but there is no parameter with that name.
src/renderers/WebGLCubeRenderTarget.js(21,25): error TS1005: '}' expected.
src/renderers/WebGLCubeRenderTarget.js(42,13): error TS2304: Cannot find name 'DataArrayTexture'.
src/renderers/WebGLCubeRenderTarget.js(44,35): error TS2345: Argument of type '{ width: number; height: number; depth: number; }[]' is not assignable to parameter of type '(new (width?: number, height?: number) => HTMLImageElement)[]'.
  Type '{ width: number; height: number; depth: number; }' is not assignable to type 'new (width?: number, height?: number) => HTMLImageElement'.
    Type '{ width: number; height: number; depth: number; }' provides no match for the signature 'new (width?: number, height?: number): HTMLImageElement'.
src/renderers/WebGLCubeRenderTarget.js(55,16): error TS2540: Cannot assign to 'isRenderTargetTexture' because it is a read-only property.
src/renderers/WebGLCubeRenderTarget.js(62,13): error TS2304: Cannot find name 'WebGLRenderer'.
src/renderers/WebGLCubeRenderTarget.js(63,13): error TS2304: Cannot find name 'Texture'.
src/renderers/WebGLCubeRenderTarget.js(159,13): error TS2304: Cannot find name 'WebGLRenderer'.
src/renderers/WebGLRenderer.js(63,7): error TS2300: Duplicate identifier 'WebGLRenderer'.
src/renderers/WebGLRenderer.js(68,26): error TS8024: JSDoc '@param' tag has name '', but there is no parameter with that name.
src/renderers/WebGLRenderer.js(68,26): error TS1005: '}' expected.
src/renderers/WebGLRenderer.js(134,13): error TS2304: Cannot find name 'DOMElement'.
src/renderers/WebGLRenderer.js(226,19): error TS2304: Cannot find name 'Plane'.
src/renderers/WebGLRenderer.js(243,28): error TS2304: Cannot find name 'LinearToneMapping'.
src/renderers/WebGLRenderer.js(243,46): error TS2304: Cannot find name 'ReinhardToneMapping'.
src/renderers/WebGLRenderer.js(243,66): error TS2304: Cannot find name 'CineonToneMapping'.
src/renderers/WebGLRenderer.js(243,84): error TS2304: Cannot find name 'ACESFilmicToneMapping'.
src/renderers/WebGLRenderer.js(243,106): error TS2304: Cannot find name 'CustomToneMapping'.
src/renderers/WebGLRenderer.js(243,124): error TS2304: Cannot find name 'AgXToneMapping'.
src/renderers/WebGLRenderer.js(243,139): error TS2304: Cannot find name 'NeutralToneMapping'.
src/renderers/WebGLRenderer.js(402,17): error TS2350: Only a void function can be called with the 'new' keyword.
src/renderers/WebGLRenderer.js(405,12): error TS2350: Only a void function can be called with the 'new' keyword.
src/renderers/WebGLRenderer.js(407,19): error TS2350: Only a void function can be called with the 'new' keyword.
src/renderers/WebGLRenderer.js(409,12): error TS2350: Only a void function can be called with the 'new' keyword.
src/renderers/WebGLRenderer.js(417,11): error TS2350: Only a void function can be called with the 'new' keyword.
src/renderers/WebGLRenderer.js(418,17): error TS2350: Only a void function can be called with the 'new' keyword.
src/renderers/WebGLRenderer.js(420,15): error TS2350: Only a void function can be called with the 'new' keyword.
src/renderers/WebGLRenderer.js(421,17): error TS2350: Only a void function can be called with the 'new' keyword.
src/renderers/WebGLRenderer.js(422,17): error TS2350: Only a void function can be called with the 'new' keyword.
src/renderers/WebGLRenderer.js(423,20): error TS2350: Only a void function can be called with the 'new' keyword.
src/renderers/WebGLRenderer.js(424,17): error TS2350: Only a void function can be called with the 'new' keyword.
src/renderers/WebGLRenderer.js(425,14): error TS2350: Only a void function can be called with the 'new' keyword.
src/renderers/WebGLRenderer.js(426,19): error TS2350: Only a void function can be called with the 'new' keyword.
src/renderers/WebGLRenderer.js(428,19): error TS2350: Only a void function can be called with the 'new' keyword.
src/renderers/WebGLRenderer.js(429,16): error TS2350: Only a void function can be called with the 'new' keyword.
src/renderers/WebGLRenderer.js(430,18): error TS2350: Only a void function can be called with the 'new' keyword.
src/renderers/WebGLRenderer.js(431,19): error TS2350: Only a void function can be called with the 'new' keyword.
src/renderers/WebGLRenderer.js(432,17): error TS2350: Only a void function can be called with the 'new' keyword.
src/renderers/WebGLRenderer.js(434,21): error TS2350: Only a void function can be called with the 'new' keyword.
src/renderers/WebGLRenderer.js(445,27): error TS1005: '}' expected.
src/renderers/WebGLRenderer.js(447,10): error TS2339: Property 'capabilities' does not exist on type 'WebGLRenderer'.
src/renderers/WebGLRenderer.js(459,10): error TS2339: Property 'extensions' does not exist on type 'WebGLRenderer'.
src/renderers/WebGLRenderer.js(467,10): error TS2339: Property 'properties' does not exist on type 'WebGLRenderer'.
src/renderers/WebGLRenderer.js(475,10): error TS2339: Property 'renderLists' does not exist on type 'WebGLRenderer'.
src/renderers/WebGLRenderer.js(483,27): error TS1005: '}' expected.
src/renderers/WebGLRenderer.js(485,10): error TS2339: Property 'shadowMap' does not exist on type 'WebGLRenderer'.
src/renderers/WebGLRenderer.js(493,10): error TS2339: Property 'state' does not exist on type 'WebGLRenderer'.
src/renderers/WebGLRenderer.js(512,27): error TS1005: '}' expected.
src/renderers/WebGLRenderer.js(514,10): error TS2339: Property 'info' does not exist on type 'WebGLRenderer'.
src/renderers/WebGLRenderer.js(602,14): error TS2304: Cannot find name 'Vector2'.
src/renderers/WebGLRenderer.js(603,15): error TS2304: Cannot find name 'Vector2'.
src/renderers/WebGLRenderer.js(649,14): error TS2304: Cannot find name 'Vector2'.
src/renderers/WebGLRenderer.js(650,15): error TS2304: Cannot find name 'Vector2'.
src/renderers/WebGLRenderer.js(688,14): error TS2304: Cannot find name 'Vector2'.
src/renderers/WebGLRenderer.js(689,15): error TS2304: Cannot find name 'Vector2'.
src/renderers/WebGLRenderer.js(720,11): error TS2339: Property 'isVector4' does not exist on type 'number | Vector4'.
  Property 'isVector4' does not exist on type 'number'.
src/renderers/WebGLRenderer.js(722,22): error TS2339: Property 'x' does not exist on type 'number | Vector4'.
  Property 'x' does not exist on type 'number'.
src/renderers/WebGLRenderer.js(722,27): error TS2339: Property 'y' does not exist on type 'number | Vector4'.
  Property 'y' does not exist on type 'number'.
src/renderers/WebGLRenderer.js(722,32): error TS2339: Property 'z' does not exist on type 'number | Vector4'.
  Property 'z' does not exist on type 'number'.
src/renderers/WebGLRenderer.js(722,37): error TS2339: Property 'w' does not exist on type 'number | Vector4'.
  Property 'w' does not exist on type 'number'.
src/renderers/WebGLRenderer.js(726,20): error TS2345: Argument of type 'number | Vector4' is not assignable to parameter of type 'number'.
  Type 'Vector4' is not assignable to type 'number'.
src/renderers/WebGLRenderer.js(757,11): error TS2339: Property 'isVector4' does not exist on type 'number | Vector4'.
  Property 'isVector4' does not exist on type 'number'.
src/renderers/WebGLRenderer.js(759,21): error TS2339: Property 'x' does not exist on type 'number | Vector4'.
  Property 'x' does not exist on type 'number'.
src/renderers/WebGLRenderer.js(759,26): error TS2339: Property 'y' does not exist on type 'number | Vector4'.
  Property 'y' does not exist on type 'number'.
src/renderers/WebGLRenderer.js(759,31): error TS2339: Property 'z' does not exist on type 'number | Vector4'.
  Property 'z' does not exist on type 'number'.
src/renderers/WebGLRenderer.js(759,36): error TS2339: Property 'w' does not exist on type 'number | Vector4'.
  Property 'w' does not exist on type 'number'.
src/renderers/WebGLRenderer.js(763,19): error TS2345: Argument of type 'number | Vector4' is not assignable to parameter of type 'number'.
  Type 'Vector4' is not assignable to type 'number'.
src/renderers/WebGLRenderer.js(837,23): error TS8029: JSDoc '@param' tag has name 'alpha', but there is no parameter with that name. It would match 'arguments' if it had an array type.
src/renderers/WebGLRenderer.js(841,33): error TS2802: Type 'IArguments' can only be iterated through when using the '--downlevelIteration' flag or with a '--target' of 'es2015' or higher.
src/renderers/WebGLRenderer.js(859,22): error TS8029: JSDoc '@param' tag has name 'alpha', but there is no parameter with that name. It would match 'arguments' if it had an array type.
src/renderers/WebGLRenderer.js(863,33): error TS2802: Type 'IArguments' can only be iterated through when using the '--downlevelIteration' flag or with a '--target' of 'es2015' or higher.
src/renderers/WebGLRenderer.js(945,10): error TS2339: Property 'state' does not exist on type 'WebGLRenderer'.
src/renderers/WebGLRenderer.js(1296,14): error TS2304: Cannot find name 'Object3D'.
src/renderers/WebGLRenderer.js(1297,14): error TS2304: Cannot find name 'Camera'.
src/renderers/WebGLRenderer.js(1298,15): error TS2304: Cannot find name 'Scene'.
src/renderers/WebGLRenderer.js(1299,19): error TS2304: Cannot find name 'Material'.
src/renderers/WebGLRenderer.js(1403,14): error TS2304: Cannot find name 'Object3D'.
src/renderers/WebGLRenderer.js(1404,14): error TS2304: Cannot find name 'Camera'.
src/renderers/WebGLRenderer.js(1405,15): error TS2304: Cannot find name 'Scene'.
src/renderers/WebGLRenderer.js(1490,21): error TS2350: Only a void function can be called with the 'new' keyword.
src/renderers/WebGLRenderer.js(1520,14): error TS2304: Cannot find name 'Object3D'.
src/renderers/WebGLRenderer.js(1521,14): error TS2304: Cannot find name 'Camera'.
src/renderers/WebGLRenderer.js(1600,9): error TS2339: Property 'info' does not exist on type 'WebGLRenderer'.
src/renderers/WebGLRenderer.js(1612,14): error TS2339: Property 'info' does not exist on type 'WebGLRenderer'.
src/renderers/WebGLRenderer.js(1612,45): error TS2339: Property 'info' does not exist on type 'WebGLRenderer'.
src/renderers/WebGLRenderer.js(2735,18): error TS2339: Property 'isData3DTexture' does not exist on type 'Texture'.
src/renderers/WebGLRenderer.js(2735,45): error TS2551: Property 'isDataArrayTexture' does not exist on type 'Texture'. Did you mean 'isArrayTexture'?
src/renderers/WebGLRenderer.js(2735,75): error TS2339: Property 'isCompressedArrayTexture' does not exist on type 'Texture'.
src/renderers/WebGLRenderer.js(2743,23): error TS2551: Property 'isWebGLCubeRenderTarget' does not exist on type 'WebGLRenderTarget'. Did you mean 'isWebGLRenderTarget'?
src/renderers/WebGLRenderer.js(2845,14): error TS2304: Cannot find name 'TypedArray'.
src/renderers/WebGLRenderer.js(2860,22): error TS2551: Property 'isWebGLCubeRenderTarget' does not exist on type 'WebGLRenderTarget'. Did you mean 'isWebGLRenderTarget'?
src/renderers/WebGLRenderer.js(2926,14): error TS2304: Cannot find name 'TypedArray'.
src/renderers/WebGLRenderer.js(2929,23): error TS2304: Cannot find name 'TypedArray'.
src/renderers/WebGLRenderer.js(2940,22): error TS2551: Property 'isWebGLCubeRenderTarget' does not exist on type 'WebGLRenderTarget'. Did you mean 'isWebGLRenderTarget'?
src/renderers/WebGLRenderer.js(3012,14): error TS2304: Cannot find name 'FramebufferTexture'.
src/renderers/WebGLRenderer.js(3013,15): error TS2304: Cannot find name 'Vector2'.
src/renderers/WebGLRenderer.js(3042,14): error TS2304: Cannot find name 'Texture'.
src/renderers/WebGLRenderer.js(3043,14): error TS2304: Cannot find name 'Texture'.
src/renderers/WebGLRenderer.js(3044,16): error TS2304: Cannot find name 'Box2'.
src/renderers/WebGLRenderer.js(3044,21): error TS2304: Cannot find name 'Box3'.
src/renderers/WebGLRenderer.js(3045,16): error TS2304: Cannot find name 'Vector2'.
src/renderers/WebGLRenderer.js(3322,14): error TS2304: Cannot find name 'Texture'.
src/renderers/WebGLRenderer.js(3364,15): error TS2304: Cannot find name '__THREE_DEVTOOLS__'.
src/renderers/WebGLRenderer.js(3366,4): error TS2304: Cannot find name '__THREE_DEVTOOLS__'.
src/renderers/WebGLRenderer.js(3377,34): error TS2304: Cannot find name 'WebGPUCoordinateSystem'.
src/renderers/WebGLRenderer.js(3416,22): error TS2300: Duplicate identifier 'WebGLRenderer'.
src/renderers/WebGLRenderer.js(3417,15): error TS2304: Cannot find name 'DOMElement'.
src/renderers/WebGLRenderer.js(3437,22): error TS2300: Duplicate identifier 'WebGLRenderer'.
src/renderers/WebGLRenderer.js(3459,22): error TS2300: Duplicate identifier 'WebGLRenderer'.
src/renderers/WebGLRenderer.js(3467,22): error TS2300: Duplicate identifier 'WebGLRenderer'.
src/renderers/WebGLRenderer.js(3478,22): error TS2300: Duplicate identifier 'WebGLRenderer'.
src/renderers/WebGLRenderer.js(3480,28): error TS1005: '}' expected.
src/renderers/WebGLRenderer.js(3481,28): error TS1005: '}' expected.
src/renderers/WebGLRenderer.js(3489,22): error TS2300: Duplicate identifier 'WebGLRenderer'.
src/renderers/WebGLRenderer.js(3495,16): error TS2304: Cannot find name 'BasicShadowMap'.
src/renderers/WebGLRenderer.js(3495,31): error TS2304: Cannot find name 'PCFShadowMap'.
src/renderers/WebGLRenderer.js(3495,44): error TS2304: Cannot find name 'PCFSoftShadowMap'.
src/renderers/WebGLRenderer.js(3495,61): error TS2304: Cannot find name 'VSMShadowMap'.
src/renderers/WebGLRenderer.js(3498,10): error TS2300: Duplicate identifier 'WebGLRenderer'.
src/renderers/WebGLRenderer.js(3498,10): error TS2484: Export declaration conflicts with exported declaration of 'WebGLRenderer'.
src/renderers/WebGLRenderTarget.js(15,25): error TS8024: JSDoc '@param' tag has name '', but there is no parameter with that name.
src/renderers/WebGLRenderTarget.js(15,25): error TS1005: '}' expected.
src/renderers/webxr/WebXRController.js(64,15): error TS2339: Property 'joints' does not exist on type 'Group'.
src/renderers/webxr/WebXRController.js(65,15): error TS2339: Property 'inputState' does not exist on type 'Group'.
src/renderers/webxr/WebXRController.js(85,20): error TS2339: Property 'hasLinearVelocity' does not exist on type 'Group'.
src/renderers/webxr/WebXRController.js(86,20): error TS2339: Property 'linearVelocity' does not exist on type 'Group'.
src/renderers/webxr/WebXRController.js(87,20): error TS2339: Property 'hasAngularVelocity' does not exist on type 'Group'.
src/renderers/webxr/WebXRController.js(88,20): error TS2339: Property 'angularVelocity' does not exist on type 'Group'.
src/renderers/webxr/WebXRController.js(108,15): error TS2339: Property 'hasLinearVelocity' does not exist on type 'Group'.
src/renderers/webxr/WebXRController.js(109,15): error TS2339: Property 'linearVelocity' does not exist on type 'Group'.
src/renderers/webxr/WebXRController.js(110,15): error TS2339: Property 'hasAngularVelocity' does not exist on type 'Group'.
src/renderers/webxr/WebXRController.js(111,15): error TS2339: Property 'angularVelocity' does not exist on type 'Group'.
src/renderers/webxr/WebXRController.js(153,13): error TS2304: Cannot find name 'XRInputSource'.
src/renderers/webxr/WebXRController.js(184,13): error TS2304: Cannot find name 'XRInputSource'.
src/renderers/webxr/WebXRController.js(218,13): error TS2304: Cannot find name 'XRInputSource'.
src/renderers/webxr/WebXRController.js(219,13): error TS2304: Cannot find name 'XRFrame'.
src/renderers/webxr/WebXRController.js(220,13): error TS2304: Cannot find name 'XRReferenceSpace'.
src/renderers/webxr/WebXRController.js(250,37): error TS2339: Property 'position' does not exist on type 'Group'.
src/renderers/webxr/WebXRController.js(250,53): error TS2339: Property 'rotation' does not exist on type 'Group'.
src/renderers/webxr/WebXRController.js(250,69): error TS2339: Property 'scale' does not exist on type 'Group'.
src/renderers/webxr/WebXRController.js(252,13): error TS2339: Property 'jointRadius' does not exist on type 'Group'.
src/renderers/webxr/WebXRController.js(263,27): error TS2339: Property 'joints' does not exist on type 'Group'.
src/renderers/webxr/WebXRController.js(264,27): error TS2339: Property 'joints' does not exist on type 'Group'.
src/renderers/webxr/WebXRController.js(270,15): error TS2339: Property 'inputState' does not exist on type 'Group'.
src/renderers/webxr/WebXRController.js(272,11): error TS2339: Property 'inputState' does not exist on type 'Group'.
src/renderers/webxr/WebXRController.js(279,24): error TS2339: Property 'inputState' does not exist on type 'Group'.
src/renderers/webxr/WebXRController.js(281,11): error TS2339: Property 'inputState' does not exist on type 'Group'.
src/renderers/webxr/WebXRController.js(299,35): error TS2339: Property 'position' does not exist on type 'Group'.
src/renderers/webxr/WebXRController.js(299,50): error TS2339: Property 'rotation' does not exist on type 'Group'.
src/renderers/webxr/WebXRController.js(299,65): error TS2339: Property 'scale' does not exist on type 'Group'.
src/renderers/webxr/WebXRController.js(304,13): error TS2339: Property 'hasLinearVelocity' does not exist on type 'Group'.
src/renderers/webxr/WebXRController.js(305,13): error TS2339: Property 'linearVelocity' does not exist on type 'Group'.
src/renderers/webxr/WebXRController.js(309,13): error TS2339: Property 'hasLinearVelocity' does not exist on type 'Group'.
src/renderers/webxr/WebXRController.js(315,13): error TS2339: Property 'hasAngularVelocity' does not exist on type 'Group'.
src/renderers/webxr/WebXRController.js(316,13): error TS2339: Property 'angularVelocity' does not exist on type 'Group'.
src/renderers/webxr/WebXRController.js(320,13): error TS2339: Property 'hasAngularVelocity' does not exist on type 'Group'.
src/renderers/webxr/WebXRController.js(344,44): error TS2339: Property 'position' does not exist on type 'Group'.
src/renderers/webxr/WebXRController.js(344,64): error TS2339: Property 'rotation' does not exist on type 'Group'.
src/renderers/webxr/WebXRController.js(344,84): error TS2339: Property 'scale' does not exist on type 'Group'.
src/renderers/webxr/WebXRController.js(349,17): error TS2339: Property 'hasLinearVelocity' does not exist on type 'Group'.
src/renderers/webxr/WebXRController.js(350,17): error TS2339: Property 'linearVelocity' does not exist on type 'Group'.
src/renderers/webxr/WebXRController.js(354,17): error TS2339: Property 'hasLinearVelocity' does not exist on type 'Group'.
src/renderers/webxr/WebXRController.js(360,17): error TS2339: Property 'hasAngularVelocity' does not exist on type 'Group'.
src/renderers/webxr/WebXRController.js(361,17): error TS2339: Property 'angularVelocity' does not exist on type 'Group'.
src/renderers/webxr/WebXRController.js(365,17): error TS2339: Property 'hasAngularVelocity' does not exist on type 'Group'.
src/renderers/webxr/WebXRController.js(405,13): error TS2304: Cannot find name 'XRJointSpace'.
src/renderers/webxr/WebXRController.js(410,13): error TS2339: Property 'joints' does not exist on type 'Group'.
src/renderers/webxr/WebXRController.js(415,9): error TS2339: Property 'joints' does not exist on type 'Group'.
src/renderers/webxr/WebXRController.js(421,15): error TS2339: Property 'joints' does not exist on type 'Group'.
src/renderers/webxr/WebXRDepthSensing.js(2,10): error TS18042: 'ShaderMaterial' is a type and cannot be imported in JavaScript files. Use 'import("../../materials/ShaderMaterial.js").ShaderMaterial' in a JSDoc type annotation.
src/renderers/webxr/WebXRDepthSensing.js(77,13): error TS2304: Cannot find name 'XRWebGLDepthInformation'.
src/renderers/webxr/WebXRDepthSensing.js(78,13): error TS2304: Cannot find name 'XRRenderState'.
src/renderers/webxr/WebXRDepthSensing.js(102,13): error TS2304: Cannot find name 'ArrayCamera'.
src/renderers/webxr/WebXRManager.js(30,13): error TS2304: Cannot find name 'WebGLRenderer'.
src/renderers/webxr/WebXRManager.js(71,11): error TS2339: Property 'viewport' does not exist on type 'PerspectiveCamera'.
src/renderers/webxr/WebXRManager.js(74,11): error TS2339: Property 'viewport' does not exist on type 'PerspectiveCamera'.
src/renderers/webxr/WebXRManager.js(117,15): error TS2304: Cannot find name 'Group'.
src/renderers/webxr/WebXRManager.js(147,15): error TS2304: Cannot find name 'Group'.
src/renderers/webxr/WebXRManager.js(170,15): error TS2304: Cannot find name 'Group'.
src/renderers/webxr/WebXRManager.js(257,10): error TS2540: Cannot assign to 'isPresenting' because it is a read-only property.
src/renderers/webxr/WebXRManager.js(310,15): error TS2304: Cannot find name 'XRReferenceSpace'.
src/renderers/webxr/WebXRManager.js(321,14): error TS2304: Cannot find name 'XRReferenceSpace'.
src/renderers/webxr/WebXRManager.js(332,17): error TS2304: Cannot find name 'XRWebGLLayer'.
src/renderers/webxr/WebXRManager.js(332,30): error TS2304: Cannot find name 'XRProjectionLayer'.
src/renderers/webxr/WebXRManager.js(343,16): error TS2304: Cannot find name 'XRWebGLBinding'.
src/renderers/webxr/WebXRManager.js(354,16): error TS2304: Cannot find name 'XRFrame'.
src/renderers/webxr/WebXRManager.js(365,16): error TS2304: Cannot find name 'XRSession'.
src/renderers/webxr/WebXRManager.js(379,14): error TS2304: Cannot find name 'XRSession'.
src/renderers/webxr/WebXRManager.js(399,21): error TS2339: Property 'xrCompatible' does not exist on type 'WebGLContextAttributes'.
src/renderers/webxr/WebXRManager.js(401,15): error TS2339: Property 'makeXRCompatible' does not exist on type 'WebGL2RenderingContext'.
src/renderers/webxr/WebXRManager.js(408,17): error TS2304: Cannot find name 'XRWebGLBinding'.
src/renderers/webxr/WebXRManager.js(410,22): error TS2304: Cannot find name 'XRWebGLBinding'.
src/renderers/webxr/WebXRManager.js(416,72): error TS2304: Cannot find name 'XRWebGLBinding'.
src/renderers/webxr/WebXRManager.js(428,24): error TS2304: Cannot find name 'XRWebGLLayer'.
src/renderers/webxr/WebXRManager.js(492,21): error TS2551: Property 'isXRRenderTarget' does not exist on type 'WebGLRenderTarget'. Did you mean 'isRenderTarget'?
src/renderers/webxr/WebXRManager.js(502,11): error TS2540: Cannot assign to 'isPresenting' because it is a read-only property.
src/renderers/webxr/WebXRManager.js(528,16): error TS2304: Cannot find name 'Texture'.
src/renderers/webxr/WebXRManager.js(646,42): error TS2339: Property 'position' does not exist on type 'ArrayCamera'.
src/renderers/webxr/WebXRManager.js(646,59): error TS2339: Property 'quaternion' does not exist on type 'ArrayCamera'.
src/renderers/webxr/WebXRManager.js(646,78): error TS2339: Property 'scale' does not exist on type 'ArrayCamera'.
src/renderers/webxr/WebXRManager.js(649,39): error TS2339: Property 'position' does not exist on type 'ArrayCamera'.
src/renderers/webxr/WebXRManager.js(649,56): error TS2339: Property 'quaternion' does not exist on type 'ArrayCamera'.
src/renderers/webxr/WebXRManager.js(649,75): error TS2339: Property 'scale' does not exist on type 'ArrayCamera'.
src/renderers/webxr/WebXRManager.js(703,14): error TS2304: Cannot find name 'Camera'.
src/renderers/webxr/WebXRManager.js(875,15): error TS2304: Cannot find name 'Mesh'.
src/renderers/webxr/WebXRManager.js(887,14): error TS2304: Cannot find name 'XRCamera'.
src/renderers/webxr/WebXRManager.js(888,16): error TS2304: Cannot find name 'Texture'.
src/renderers/webxr/WebXRManager.js(962,14): error TS2339: Property 'viewport' does not exist on type 'PerspectiveCamera'.
src/renderers/webxr/WebXRManager.js(968,38): error TS2339: Property 'position' does not exist on type 'PerspectiveCamera'.
src/renderers/webxr/WebXRManager.js(968,55): error TS2339: Property 'quaternion' does not exist on type 'PerspectiveCamera'.
src/renderers/webxr/WebXRManager.js(968,74): error TS2339: Property 'scale' does not exist on type 'PerspectiveCamera'.
src/renderers/webxr/WebXRManager.js(971,13): error TS2339: Property 'viewport' does not exist on type 'PerspectiveCamera'.
src/renderers/webxr/WebXRManager.js(976,43): error TS2339: Property 'position' does not exist on type 'ArrayCamera'.
src/renderers/webxr/WebXRManager.js(976,62): error TS2339: Property 'quaternion' does not exist on type 'ArrayCamera'.
src/renderers/webxr/WebXRManager.js(976,83): error TS2339: Property 'scale' does not exist on type 'ArrayCamera'.
src/renderers/webxr/WebXRManager.js(1071,21): error TS2350: Only a void function can be called with the 'new' keyword.
src/scenes/Fog.js(81,31): error TS8024: JSDoc '@param' tag has name 'meta', but there is no parameter with that name.
src/scenes/FogExp2.js(70,31): error TS8024: JSDoc '@param' tag has name 'meta', but there is no parameter with that name.
src/scenes/Scene.js(37,15): error TS2304: Cannot find name 'Color'.
src/scenes/Scene.js(37,21): error TS2304: Cannot find name 'Texture'.
src/scenes/Scene.js(47,14): error TS2304: Cannot find name 'Texture'.
src/scenes/Scene.js(56,15): error TS2304: Cannot find name 'Fog'.
src/scenes/Scene.js(56,19): error TS2304: Cannot find name 'FogExp2'.
src/scenes/Scene.js(110,14): error TS2304: Cannot find name 'Material'.
src/scenes/Scene.js(115,15): error TS2304: Cannot find name '__THREE_DEVTOOLS__'.
src/scenes/Scene.js(117,4): error TS2304: Cannot find name '__THREE_DEVTOOLS__'.
src/textures/CompressedArrayTexture.js(49,14): error TS2304: Cannot find name 'RepeatWrapping'.
src/textures/CompressedArrayTexture.js(49,49): error TS2304: Cannot find name 'MirroredRepeatWrapping'.
src/textures/Data3DTexture.js(15,14): error TS2304: Cannot find name 'TypedArray'.
src/textures/Data3DTexture.js(44,19): error TS2304: Cannot find name 'TypedArray'.
src/textures/Data3DTexture.js(53,28): error TS2304: Cannot find name 'NearestMipmapNearestFilter'.
src/textures/Data3DTexture.js(53,55): error TS2304: Cannot find name 'NearestMipmapLinearFilter'.
src/textures/Data3DTexture.js(53,81): error TS2304: Cannot find name 'LinearFilter'.
src/textures/Data3DTexture.js(53,94): error TS2304: Cannot find name 'LinearMipmapNearestFilter'.
src/textures/Data3DTexture.js(53,120): error TS2304: Cannot find name 'LinearMipmapLinearFilter'.
src/textures/Data3DTexture.js(63,28): error TS2304: Cannot find name 'NearestMipmapNearestFilter'.
src/textures/Data3DTexture.js(63,55): error TS2304: Cannot find name 'NearestMipmapLinearFilter'.
src/textures/Data3DTexture.js(63,81): error TS2304: Cannot find name 'LinearFilter'.
src/textures/Data3DTexture.js(63,94): error TS2304: Cannot find name 'LinearMipmapNearestFilter'.
src/textures/Data3DTexture.js(63,120): error TS2304: Cannot find name 'LinearMipmapLinearFilter'.
src/textures/Data3DTexture.js(72,14): error TS2304: Cannot find name 'RepeatWrapping'.
src/textures/Data3DTexture.js(72,49): error TS2304: Cannot find name 'MirroredRepeatWrapping'.
src/textures/DataArrayTexture.js(14,14): error TS2304: Cannot find name 'TypedArray'.
src/textures/DataArrayTexture.js(35,19): error TS2304: Cannot find name 'TypedArray'.
src/textures/DataArrayTexture.js(44,28): error TS2304: Cannot find name 'NearestMipmapNearestFilter'.
src/textures/DataArrayTexture.js(44,55): error TS2304: Cannot find name 'NearestMipmapLinearFilter'.
src/textures/DataArrayTexture.js(44,81): error TS2304: Cannot find name 'LinearFilter'.
src/textures/DataArrayTexture.js(44,94): error TS2304: Cannot find name 'LinearMipmapNearestFilter'.
src/textures/DataArrayTexture.js(44,120): error TS2304: Cannot find name 'LinearMipmapLinearFilter'.
src/textures/DataArrayTexture.js(54,28): error TS2304: Cannot find name 'NearestMipmapNearestFilter'.
src/textures/DataArrayTexture.js(54,55): error TS2304: Cannot find name 'NearestMipmapLinearFilter'.
src/textures/DataArrayTexture.js(54,81): error TS2304: Cannot find name 'LinearFilter'.
src/textures/DataArrayTexture.js(54,94): error TS2304: Cannot find name 'LinearMipmapNearestFilter'.
src/textures/DataArrayTexture.js(54,120): error TS2304: Cannot find name 'LinearMipmapLinearFilter'.
src/textures/DataArrayTexture.js(63,14): error TS2304: Cannot find name 'RepeatWrapping'.
src/textures/DataArrayTexture.js(63,49): error TS2304: Cannot find name 'MirroredRepeatWrapping'.
src/textures/DataTexture.js(19,14): error TS2304: Cannot find name 'TypedArray'.
src/textures/DataTexture.js(48,19): error TS2304: Cannot find name 'TypedArray'.
src/textures/DepthTexture.js(73,15): error TS2304: Cannot find name 'NeverCompare'.
src/textures/DepthTexture.js(73,28): error TS2304: Cannot find name 'LessCompare'.
src/textures/DepthTexture.js(73,40): error TS2304: Cannot find name 'EqualCompare'.
src/textures/DepthTexture.js(73,53): error TS2304: Cannot find name 'LessEqualCompare'.
src/textures/DepthTexture.js(73,70): error TS2304: Cannot find name 'GreaterCompare'.
src/textures/DepthTexture.js(73,85): error TS2304: Cannot find name 'NotEqualCompare'.
src/textures/DepthTexture.js(73,101): error TS2304: Cannot find name 'GreaterEqualCompare'.
src/textures/DepthTexture.js(73,121): error TS2304: Cannot find name 'AlwaysCompare'.
src/textures/FramebufferTexture.js(54,28): error TS2304: Cannot find name 'NearestMipmapNearestFilter'.
src/textures/FramebufferTexture.js(54,55): error TS2304: Cannot find name 'NearestMipmapLinearFilter'.
src/textures/FramebufferTexture.js(54,81): error TS2304: Cannot find name 'LinearFilter'.
src/textures/FramebufferTexture.js(54,94): error TS2304: Cannot find name 'LinearMipmapNearestFilter'.
src/textures/FramebufferTexture.js(54,120): error TS2304: Cannot find name 'LinearMipmapLinearFilter'.
src/textures/FramebufferTexture.js(64,28): error TS2304: Cannot find name 'NearestMipmapNearestFilter'.
src/textures/FramebufferTexture.js(64,55): error TS2304: Cannot find name 'NearestMipmapLinearFilter'.
src/textures/FramebufferTexture.js(64,81): error TS2304: Cannot find name 'LinearFilter'.
src/textures/FramebufferTexture.js(64,94): error TS2304: Cannot find name 'LinearMipmapNearestFilter'.
src/textures/FramebufferTexture.js(64,120): error TS2304: Cannot find name 'LinearMipmapLinearFilter'.
src/textures/Source.js(79,14): error TS2304: Cannot find name 'Vector2'.
src/textures/Source.js(79,22): error TS2304: Cannot find name 'Vector3'.
src/textures/Source.js(80,15): error TS2304: Cannot find name 'Vector2'.
src/textures/Source.js(80,23): error TS2304: Cannot find name 'Vector3'.
src/textures/Source.js(119,30): error TS2540: Cannot assign to 'version' because it is a read-only property.
src/textures/Source.js(179,4): error TS2322: Type 'string | { data: any[]; width: any; height: any; type: any; } | { data?: undefined; width?: undefined; height?: undefined; type?: undefined; } | (string | { data: any[]; width: any; height: any; type: any; } | { ...; })[]' is not assignable to type 'string'.
  Type '{ data: any[]; width: any; height: any; type: any; }' is not assignable to type 'string'.
src/textures/Source.js(203,33): error TS2345: Argument of type 'HTMLImageElement | HTMLCanvasElement | ImageBitmap' is not assignable to parameter of type 'HTMLImageElement | HTMLCanvasElement'.
  Type 'ImageBitmap' is not assignable to type 'HTMLImageElement | HTMLCanvasElement'.
    Type 'ImageBitmap' is missing the following properties from type 'HTMLCanvasElement': captureStream, getContext, toBlob, toDataURL, and 308 more.
src/textures/Texture.js(105,24): error TS2304: Cannot find name 'CubeReflectionMapping'.
src/textures/Texture.js(105,46): error TS2304: Cannot find name 'CubeRefractionMapping'.
src/textures/Texture.js(105,68): error TS2304: Cannot find name 'EquirectangularReflectionMapping'.
src/textures/Texture.js(105,101): error TS2304: Cannot find name 'EquirectangularRefractionMapping'.
src/textures/Texture.js(105,134): error TS2304: Cannot find name 'CubeUVReflectionMapping'.
src/textures/Texture.js(140,14): error TS2304: Cannot find name 'NearestFilter'.
src/textures/Texture.js(140,28): error TS2304: Cannot find name 'NearestMipmapNearestFilter'.
src/textures/Texture.js(140,55): error TS2304: Cannot find name 'NearestMipmapLinearFilter'.
src/textures/Texture.js(140,94): error TS2304: Cannot find name 'LinearMipmapNearestFilter'.
src/textures/Texture.js(148,14): error TS2304: Cannot find name 'NearestFilter'.
src/textures/Texture.js(148,28): error TS2304: Cannot find name 'NearestMipmapNearestFilter'.
src/textures/Texture.js(148,55): error TS2304: Cannot find name 'NearestMipmapLinearFilter'.
src/textures/Texture.js(148,94): error TS2304: Cannot find name 'LinearMipmapNearestFilter'.
src/textures/Texture.js(337,15): error TS2304: Cannot find name 'RenderTarget'.
src/textures/Texture.js(337,28): error TS2304: Cannot find name 'WebGLRenderTarget'.
src/textures/Texture.js(410,6): error TS1052: A 'set' accessor parameter cannot have an initializer.
src/textures/Texture.js(454,14): error TS2351: This expression is not constructable.
  Type 'Function' has no construct signatures.
src/textures/Texture.js(501,8): error TS2540: Cannot assign to 'isRenderTargetTexture' because it is a read-only property.
src/textures/Texture.js(502,8): error TS2540: Cannot assign to 'isArrayTexture' because it is a read-only property.
src/textures/Texture.js(746,9): error TS2540: Cannot assign to 'version' because it is a read-only property.
src/textures/Texture.js(765,9): error TS2540: Cannot assign to 'pmremVersion' because it is a read-only property.
src/textures/VideoFrameTexture.js(32,10): error TS2345: Argument of type '{}' is not assignable to parameter of type 'HTMLVideoElement'.
  Type '{}' is missing the following properties from type 'HTMLVideoElement': disablePictureInPicture, height, onenterpictureinpicture, onleavepictureinpicture, and 365 more.
src/textures/VideoFrameTexture.js(53,14): error TS2351: This expression is not constructable.
  Type 'Function' has no construct signatures.
src/textures/VideoTexture.js(88,14): error TS2351: This expression is not constructable.
  Type 'Function' has no construct signatures.
src/Three.Core.js(41,10): error TS18043: Types cannot appear in export declarations in JavaScript files.
src/Three.Core.js(43,10): error TS18043: Types cannot appear in export declarations in JavaScript files.
src/Three.Core.js(161,15): error TS2306: File '/Users/nathan/dmp/three.js/src/Three.Legacy.js' is not a module.
src/Three.Core.js(163,13): error TS2304: Cannot find name '__THREE_DEVTOOLS__'.
src/Three.Core.js(165,2): error TS2304: Cannot find name '__THREE_DEVTOOLS__'.
src/Three.Core.js(173,14): error TS2339: Property '__THREE__' does not exist on type 'Window & typeof globalThis'.
src/Three.Core.js(179,10): error TS2339: Property '__THREE__' does not exist on type 'Window & typeof globalThis'.
src/Three.js(3,10): error TS18043: Types cannot appear in export declarations in JavaScript files.
