src/i18n.js(2,16): error TS2732: Cannot find module './lang/en.json'. Consider using '--resolveJsonModule' to import module with '.json' extension.
src/main.js(6,17): error TS2307: Cannot find module './App.vue' or its corresponding type declarations.
src/main.js(18,25): error TS5097: An import path can only end with a '.ts' extension when 'allowImportingTsExtensions' is enabled.
src/main.js(19,8): error TS1259: Module '"/Users/nathan/dmp/uptime-kuma/node_modules/dayjs/index"' can only be default-imported using the 'esModuleInterop' flag
src/main.js(20,8): error TS1259: Module '"/Users/nathan/dmp/uptime-kuma/src/modules/dayjs/plugin/timezone/index"' can only be default-imported using the 'esModuleInterop' flag
src/main.js(21,8): error TS1259: Module '"/Users/nathan/dmp/uptime-kuma/node_modules/dayjs/plugin/utc"' can only be default-imported using the 'esModuleInterop' flag
src/main.js(22,8): error TS1259: Module '"/Users/nathan/dmp/uptime-kuma/node_modules/dayjs/plugin/relativeTime"' can only be default-imported using the 'esModuleInterop' flag
src/main.js(57,12): error TS2339: Property 'app' does not exist on type 'Window & typeof globalThis'.
src/mixins/datetime.js(1,8): error TS1259: Module '"/Users/nathan/dmp/uptime-kuma/node_modules/dayjs/index"' can only be default-imported using the 'esModuleInterop' flag
src/mixins/lang.js(3,21): error TS1343: The 'import.meta' meta-property is only allowed when the '--module' option is 'es2020', 'es2022', 'esnext', 'system', 'node16', 'node18', or 'nodenext'.
src/mixins/lang.js(3,33): error TS2339: Property 'glob' does not exist on type 'ImportMeta'.
src/mixins/socket.js(5,8): error TS1259: Module '"/Users/nathan/dmp/uptime-kuma/node_modules/dayjs/index"' can only be default-imported using the 'esModuleInterop' flag
src/mixins/socket.js(8,48): error TS5097: An import path can only end with a '.ts' extension when 'allowImportingTsExtensions' is enabled.
src/mixins/socket.js(218,33): error TS2322: Type 'number | boolean' is not assignable to type 'number | false'.
  Type 'true' is not assignable to type 'number | false'.
src/mixins/socket.js(222,33): error TS2322: Type 'number | boolean' is not assignable to type 'number | false'.
  Type 'true' is not assignable to type 'number | false'.
src/mixins/socket.js(337,22): error TS2552: Cannot find name 'Socket'. Did you mean 'socket'?
src/mixins/socket.js(634,20): error TS2552: Cannot find name 'int'. Did you mean 'Intl'?
src/mixins/socket.js(823,20): error TS2304: Cannot find name 'FRONTEND_VERSION'.
src/mixins/theme.js(64,20): error TS2367: This comparison appears to be unintentional because the types '() => any' and 'string' have no overlap.
src/mixins/theme.js(83,41): error TS2345: Argument of type '(to: any, from: any) => void' is not assignable to parameter of type 'string'.
src/mixins/theme.js(93,41): error TS2345: Argument of type '(to: any, from: any) => void' is not assignable to parameter of type 'string'.
src/router.js(3,25): error TS2307: Cannot find module './layouts/EmptyLayout.vue' or its corresponding type declarations.
src/router.js(4,20): error TS2307: Cannot find module './layouts/Layout.vue' or its corresponding type declarations.
src/router.js(5,23): error TS2307: Cannot find module './pages/Dashboard.vue' or its corresponding type declarations.
src/router.js(6,27): error TS2307: Cannot find module './pages/DashboardHome.vue' or its corresponding type declarations.
src/router.js(7,21): error TS2307: Cannot find module './pages/Details.vue' or its corresponding type declarations.
src/router.js(8,25): error TS2307: Cannot find module './pages/EditMonitor.vue' or its corresponding type declarations.
src/router.js(9,29): error TS2307: Cannot find module './pages/EditMaintenance.vue' or its corresponding type declarations.
src/router.js(10,18): error TS2307: Cannot find module './pages/List.vue' or its corresponding type declarations.
src/router.js(11,31): error TS2307: Cannot find module './pages/Settings.vue' or its corresponding type declarations.
src/router.js(12,19): error TS2307: Cannot find module './pages/Setup.vue' or its corresponding type declarations.
src/router.js(13,24): error TS2307: Cannot find module './pages/StatusPage.vue' or its corresponding type declarations.
src/router.js(14,19): error TS2307: Cannot find module './pages/Entry.vue' or its corresponding type declarations.
src/router.js(15,30): error TS2307: Cannot find module './pages/ManageStatusPage.vue' or its corresponding type declarations.
src/router.js(16,27): error TS2307: Cannot find module './pages/AddStatusPage.vue' or its corresponding type declarations.
src/router.js(17,22): error TS2307: Cannot find module './pages/NotFound.vue' or its corresponding type declarations.
src/router.js(18,25): error TS2307: Cannot find module './components/settings/Docker.vue' or its corresponding type declarations.
src/router.js(19,32): error TS2307: Cannot find module './pages/MaintenanceDetails.vue' or its corresponding type declarations.
src/router.js(20,31): error TS2307: Cannot find module './pages/ManageMaintenance.vue' or its corresponding type declarations.
src/router.js(21,21): error TS2307: Cannot find module './components/settings/APIKeys.vue' or its corresponding type declarations.
src/router.js(22,27): error TS2307: Cannot find module './pages/SetupDatabase.vue' or its corresponding type declarations.
src/router.js(25,24): error TS2307: Cannot find module './components/settings/Appearance.vue' or its corresponding type declarations.
src/router.js(26,21): error TS2307: Cannot find module './components/settings/General.vue' or its corresponding type declarations.
src/router.js(27,36): error TS2307: Cannot find module './components/settings/Notifications.vue' or its corresponding type declarations.
src/router.js(28,26): error TS2307: Cannot find module './components/settings/ReverseProxy.vue' or its corresponding type declarations.
src/router.js(29,18): error TS2307: Cannot find module './components/settings/Tags.vue' or its corresponding type declarations.
src/router.js(30,28): error TS2307: Cannot find module './components/settings/MonitorHistory.vue' or its corresponding type declarations.
src/router.js(31,31): error TS2307: Cannot find module './components/settings/Security.vue' or its corresponding type declarations.
src/router.js(32,21): error TS2307: Cannot find module './components/settings/Proxies.vue' or its corresponding type declarations.
src/router.js(33,19): error TS2307: Cannot find module './components/settings/About.vue' or its corresponding type declarations.
src/router.js(34,28): error TS2307: Cannot find module './components/settings/RemoteBrowsers.vue' or its corresponding type declarations.
src/router.js(198,5): error TS2322: Type '({ path: string; component: any; children?: undefined; } | { path: string; component: any; children: { path: string; component: any; children: ({ name: string; path: string; component: any; children: { path: string; component: any; children: { ...; }[]; }[]; } | { ...; } | { ...; })[]; }[]; })[]' is not assignable to type 'readonly RouteRecordRaw[]'.
  Type '{ path: string; component: any; children?: undefined; } | { path: string; component: any; children: { path: string; component: any; children: ({ name: string; path: string; component: any; children: { path: string; component: any; children: { ...; }[]; }[]; } | { ...; } | { ...; })[]; }[]; }' is not assignable to type 'RouteRecordRaw'.
    Type '{ path: string; component: any; children?: undefined; }' is not assignable to type 'RouteRecordRaw'.
      Property 'redirect' is missing in type '{ path: string; component: any; children?: undefined; }' but required in type 'RouteRecordRedirect'.
src/util-frontend.js(1,8): error TS1259: Module '"/Users/nathan/dmp/uptime-kuma/node_modules/dayjs/index"' can only be default-imported using the 'esModuleInterop' flag
src/util-frontend.js(95,20): error TS2552: Cannot find name 'DEVCONTAINER'. Did you mean 'isDevContainer'?
src/util-frontend.js(95,49): error TS2552: Cannot find name 'DEVCONTAINER'. Did you mean 'isDevContainer'?
src/util-frontend.js(108,12): error TS2304: Cannot find name 'CODESPACE_NAME'.
src/util-frontend.js(108,40): error TS2304: Cannot find name 'GITHUB_CODESPACES_PORT_FORWARDING_DOMAIN'.
src/util-frontend.js(125,5): error TS2322: Type 'string' is not assignable to type 'RegExp'.
src/util-frontend.js(190,9): error TS2322: Type 'boolean' is not assignable to type 'number'.
src/util-frontend.js(211,9): error TS2322: Type 'boolean' is not assignable to type 'number'.
src/util-frontend.js(223,70): error TS2345: Argument of type '{ numeric: string; }' is not assignable to parameter of type 'RelativeTimeFormatOptions'.
  Types of property 'numeric' are incompatible.
    Type 'string' is not assignable to type 'RelativeTimeFormatNumeric'.
src/util-frontend.js(232,61): error TS2345: Argument of type '{ numeric: string; }' is not assignable to parameter of type 'RelativeTimeFormatOptions'.
  Types of property 'numeric' are incompatible.
    Type 'string' is not assignable to type 'RelativeTimeFormatNumeric'.
src/util-frontend.js(256,67): error TS2345: Argument of type 'string' is not assignable to parameter of type 'RelativeTimeFormatUnit'.
src/util.ts(12,8): error TS1259: Module '"/Users/nathan/dmp/uptime-kuma/node_modules/dayjs/index"' can only be default-imported using the 'esModuleInterop' flag
src/util.ts(226,50): error TS1501: This regular expression flag is only available when targeting 'es2018' or later.
